SF:lib\widgets\recipe\recipe_card.dart
DA:36,4
DA:53,4
DA:55,4
DA:56,12
DA:57,4
DA:58,4
DA:59,4
DA:60,4
DA:61,4
DA:62,5
DA:63,4
DA:64,4
DA:65,8
DA:66,4
DA:67,4
DA:68,4
DA:69,4
DA:77,4
DA:78,4
DA:79,4
DA:80,0
DA:81,4
DA:82,4
DA:83,0
DA:84,0
DA:88,4
DA:89,4
DA:91,4
DA:93,4
DA:95,4
DA:97,8
DA:98,4
DA:102,4
DA:103,4
DA:105,4
DA:107,4
DA:108,4
DA:109,8
DA:110,8
DA:111,6
DA:116,16
DA:117,4
DA:126,8
DA:128,4
DA:131,18
DA:133,3
DA:139,0
DA:140,0
DA:141,0
DA:142,0
DA:143,0
DA:146,0
DA:147,0
DA:149,0
DA:150,0
DA:151,0
DA:152,0
DA:153,0
DA:156,0
DA:158,0
DA:167,0
DA:168,0
DA:170,0
DA:172,0
DA:173,0
DA:174,0
DA:175,0
DA:176,0
DA:177,0
DA:180,0
DA:187,0
DA:188,0
DA:190,0
DA:196,4
DA:197,8
DA:198,4
DA:200,4
DA:203,4
DA:204,4
DA:207,4
DA:208,4
DA:210,4
DA:211,4
DA:213,4
DA:215,2
DA:217,2
DA:224,4
DA:225,4
DA:226,8
DA:233,4
DA:234,4
DA:235,8
DA:236,4
DA:244,4
DA:245,4
DA:248,12
DA:249,8
DA:253,20
DA:254,8
DA:256,12
DA:261,20
DA:262,8
DA:264,12
DA:269,11
DA:270,2
DA:272,3
DA:276,4
DA:283,4
DA:284,4
DA:289,4
DA:290,4
DA:291,4
DA:293,4
DA:294,8
DA:295,4
DA:303,4
DA:304,4
DA:306,4
DA:307,4
DA:313,4
DA:315,4
DA:323,3
DA:324,3
DA:327,21
DA:331,3
DA:332,3
DA:337,3
DA:339,3
DA:340,3
DA:341,3
DA:344,3
DA:346,3
DA:353,4
DA:354,4
DA:356,0
DA:357,0
DA:361,4
DA:366,8
DA:372,2
DA:373,2
DA:378,0
DA:381,0
DA:384,0
DA:387,0
DA:392,0
LF:145
LH:108
end_of_record
SF:lib\views\auth_view.dart
DA:82,3
DA:84,1
DA:85,1
DA:151,0
DA:154,0
DA:155,0
DA:156,0
DA:159,0
DA:160,0
DA:161,0
DA:163,0
DA:166,1
DA:168,1
DA:169,2
DA:170,1
DA:172,1
DA:173,1
DA:174,0
DA:175,0
DA:176,0
DA:177,0
DA:179,0
DA:181,0
DA:183,0
DA:187,0
DA:215,0
DA:243,0
DA:244,0
DA:245,0
DA:246,0
DA:247,0
DA:249,0
DA:251,0
DA:252,0
DA:259,0
DA:260,0
DA:265,0
DA:266,0
DA:269,0
DA:272,0
DA:274,0
DA:277,0
DA:280,0
DA:281,0
DA:286,0
DA:287,0
DA:290,0
DA:312,0
DA:313,0
DA:314,0
DA:315,0
DA:317,0
DA:323,0
DA:324,0
DA:325,0
DA:345,0
DA:346,0
DA:347,0
DA:348,0
DA:351,0
DA:352,0
DA:353,0
DA:374,0
DA:375,0
DA:376,0
DA:377,0
DA:379,0
DA:380,0
DA:381,0
DA:382,0
DA:383,0
DA:384,0
DA:385,0
DA:390,0
DA:392,0
DA:412,0
DA:416,0
DA:418,0
DA:420,0
DA:422,0
DA:423,0
DA:425,0
DA:446,0
DA:447,0
DA:449,0
DA:468,0
DA:469,0
DA:470,0
DA:472,0
DA:481,0
DA:500,0
DA:501,0
DA:502,0
DA:503,0
DA:504,0
DA:506,0
DA:509,0
DA:510,0
DA:511,0
DA:512,0
DA:513,0
DA:538,0
DA:540,0
DA:543,0
DA:548,0
DA:552,0
DA:554,0
DA:555,0
DA:556,0
DA:560,0
DA:561,0
DA:562,0
DA:563,0
DA:567,0
DA:588,0
DA:592,0
DA:594,0
DA:597,0
DA:599,0
DA:601,0
DA:602,0
DA:604,0
DA:607,0
DA:617,0
DA:618,0
DA:619,0
DA:622,0
DA:623,0
DA:630,0
DA:633,0
DA:635,0
DA:637,0
DA:639,0
DA:640,0
DA:641,0
DA:644,0
DA:652,0
LF:137
LH:9
end_of_record
SF:lib\models\recipe_unified.dart
DA:172,11
DA:190,11
DA:191,6
DA:192,11
DA:193,11
DA:196,0
DA:213,0
DA:214,0
DA:215,0
DA:216,0
DA:217,0
DA:218,0
DA:219,0
DA:220,0
DA:221,0
DA:222,0
DA:223,0
DA:224,0
DA:225,0
DA:226,0
DA:227,0
DA:228,0
DA:229,0
DA:230,0
DA:235,0
DA:236,5
DA:237,0
DA:239,0
DA:240,0
DA:241,0
DA:242,0
DA:243,0
DA:244,0
DA:245,0
DA:248,1
DA:249,1
DA:250,1
DA:251,1
DA:252,1
DA:253,1
DA:254,1
DA:255,1
DA:256,1
DA:257,1
DA:258,1
DA:259,1
DA:260,1
DA:261,1
DA:262,2
DA:263,2
DA:264,1
DA:265,1
DA:266,1
DA:269,2
DA:270,1
DA:271,1
DA:272,1
DA:273,1
DA:274,1
DA:275,1
DA:276,1
DA:277,1
DA:278,1
DA:279,1
DA:280,1
DA:281,1
DA:282,2
DA:283,2
DA:284,1
DA:285,1
DA:286,1
DA:289,0
DA:290,0
DA:291,0
DA:292,0
DA:293,0
DA:294,0
DA:295,0
DA:296,0
DA:297,0
DA:298,0
DA:299,0
DA:300,0
DA:301,0
DA:302,0
DA:303,0
DA:304,0
DA:305,0
DA:306,0
DA:310,0
DA:311,0
DA:313,0
DA:314,0
DA:315,0
DA:316,0
DA:317,0
DA:318,0
DA:319,0
DA:320,0
DA:321,0
DA:322,0
DA:323,0
DA:324,0
DA:325,0
DA:326,0
DA:327,0
DA:328,0
DA:329,0
DA:330,0
DA:331,0
DA:332,0
DA:333,0
DA:334,0
DA:335,0
DA:340,0
DA:341,0
DA:355,0
DA:365,0
DA:366,0
DA:367,0
DA:368,0
DA:369,0
DA:370,0
DA:371,0
DA:372,0
DA:375,0
DA:376,0
DA:377,0
DA:378,0
DA:379,0
DA:380,0
DA:383,0
DA:384,0
DA:385,0
DA:386,0
DA:389,0
DA:398,0
DA:399,0
DA:400,0
DA:401,0
DA:402,0
DA:403,0
DA:404,0
DA:405,0
DA:420,0
DA:430,0
DA:431,0
DA:432,0
DA:433,0
DA:434,0
DA:435,0
DA:436,0
DA:437,0
DA:440,0
DA:441,0
DA:442,0
DA:443,0
DA:444,0
DA:447,0
DA:448,0
DA:449,0
DA:450,0
DA:451,0
DA:461,0
DA:467,0
DA:469,0
DA:470,0
DA:471,0
DA:472,0
DA:475,0
DA:476,0
DA:477,0
DA:478,0
DA:497,11
DA:506,12
DA:507,18
DA:508,12
DA:509,12
DA:510,15
DA:511,0
DA:512,0
DA:513,12
DA:514,12
DA:515,15
DA:516,0
DA:517,12
DA:518,0
DA:519,0
DA:520,3
DA:521,0
DA:522,0
DA:525,0
DA:526,3
DA:527,0
DA:528,0
DA:531,0
DA:532,0
DA:533,0
DA:537,0
DA:538,0
DA:539,0
DA:540,0
DA:541,0
DA:546,0
DA:551,0
DA:560,0
DA:566,0
DA:576,0
DA:581,0
DA:590,0
DA:595,0
DA:604,0
DA:610,0
DA:620,0
DA:625,0
DA:634,0
DA:638,0
DA:648,0
DA:663,0
DA:681,0
DA:700,0
DA:723,2
DA:724,2
DA:726,0
DA:727,0
DA:728,0
DA:733,0
DA:755,0
DA:756,0
DA:771,0
DA:773,0
DA:774,0
DA:775,0
DA:776,0
LF:234
LH:57
end_of_record
SF:lib\core\mixins\json_serializable_mixin.dart
DA:212,0
DA:213,0
DA:217,0
DA:219,0
DA:221,0
DA:223,0
DA:227,0
DA:228,0
DA:234,0
DA:236,0
DA:237,0
DA:238,0
DA:240,0
DA:242,0
DA:246,0
DA:250,0
DA:251,0
DA:253,0
DA:254,0
DA:256,0
DA:258,0
DA:263,0
DA:267,0
DA:268,0
DA:272,0
DA:276,0
DA:279,0
DA:281,0
DA:287,0
DA:288,0
DA:289,0
DA:294,0
DA:295,0
DA:296,0
DA:300,0
DA:301,0
DA:302,0
DA:303,0
DA:304,0
DA:306,0
DA:308,0
DA:315,0
DA:316,0
DA:317,0
DA:318,0
DA:319,0
DA:321,0
DA:323,0
DA:330,0
DA:331,0
DA:332,0
DA:333,0
DA:334,0
DA:340,0
DA:346,0
DA:347,0
DA:349,0
DA:351,0
DA:353,0
DA:356,0
DA:360,0
DA:366,0
DA:367,0
DA:369,0
DA:370,0
DA:371,0
DA:373,0
DA:375,0
DA:387,0
DA:388,0
DA:391,0
DA:392,0
DA:393,0
DA:394,0
DA:395,0
DA:396,0
DA:397,0
DA:398,0
DA:400,0
DA:408,0
DA:409,0
DA:410,0
DA:413,0
DA:416,0
DA:419,0
DA:420,0
DA:421,0
DA:422,0
DA:423,0
DA:424,0
DA:425,0
DA:426,0
DA:428,0
DA:436,0
DA:437,0
DA:443,0
DA:445,0
DA:446,0
DA:453,0
DA:454,0
DA:455,0
DA:456,0
DA:457,0
DA:458,0
DA:459,0
DA:460,0
DA:463,0
DA:467,0
DA:468,0
DA:469,0
DA:470,0
DA:471,0
DA:472,0
DA:473,0
DA:474,0
DA:475,0
DA:477,0
DA:484,0
DA:485,0
DA:486,0
DA:487,0
DA:488,0
DA:489,0
DA:490,0
DA:491,0
DA:494,0
DA:498,0
DA:499,0
DA:500,0
DA:501,0
DA:502,0
DA:503,0
DA:504,0
DA:505,0
DA:506,0
DA:508,0
DA:521,0
DA:522,0
DA:523,0
DA:524,0
DA:529,0
DA:530,0
DA:531,0
DA:532,0
DA:542,0
DA:543,0
DA:547,0
DA:548,0
DA:558,0
DA:559,0
DA:560,0
DA:561,0
DA:566,0
DA:567,0
DA:568,0
DA:569,0
DA:577,0
DA:580,0
DA:581,0
DA:584,0
DA:585,0
DA:587,0
DA:593,0
DA:597,0
DA:599,0
DA:605,0
DA:609,0
DA:610,0
DA:612,0
DA:618,0
DA:622,0
DA:623,0
DA:624,0
DA:632,0
DA:633,0
DA:635,0
DA:637,0
DA:638,0
DA:639,0
DA:640,0
DA:642,0
DA:643,0
DA:644,0
DA:645,0
DA:648,0
LF:185
LH:0
end_of_record
SF:lib\models\recipe_unified.g.dart
DA:13,0
DA:15,0
DA:16,0
DA:17,0
DA:19,0
DA:20,0
DA:21,0
DA:22,0
DA:23,0
DA:24,0
DA:25,0
DA:26,0
DA:27,0
DA:28,0
DA:29,0
DA:30,0
DA:31,0
DA:32,0
DA:33,0
DA:34,0
DA:35,0
DA:36,0
DA:40,0
DA:43,0
DA:44,0
DA:45,0
DA:46,0
DA:47,0
DA:48,0
DA:49,0
DA:50,0
DA:51,0
DA:52,0
DA:53,0
DA:54,0
DA:55,0
DA:56,0
DA:57,0
DA:58,0
DA:59,0
DA:60,0
DA:61,0
DA:62,0
DA:63,0
DA:64,0
DA:65,0
DA:66,0
DA:67,0
DA:68,0
DA:69,0
DA:70,0
DA:71,0
DA:72,0
DA:73,0
DA:74,0
DA:75,0
DA:76,0
DA:77,0
DA:80,0
DA:81,0
DA:83,0
DA:86,0
DA:87,0
DA:88,0
LF:64
LH:0
end_of_record
SF:lib\models\recipe\recipe_factory.dart
DA:20,11
DA:35,11
DA:36,11
DA:56,0
DA:63,0
DA:64,0
DA:79,0
DA:95,0
DA:96,0
DA:112,0
DA:124,0
DA:143,0
DA:144,0
DA:160,0
DA:163,0
DA:174,0
DA:191,0
DA:192,0
DA:208,0
DA:211,0
DA:215,0
DA:219,0
DA:229,0
DA:235,0
DA:236,0
DA:239,0
DA:240,0
DA:245,0
DA:251,0
DA:256,0
DA:265,0
DA:266,0
DA:269,0
DA:270,0
DA:275,0
DA:278,0
DA:283,0
DA:288,0
DA:292,0
DA:293,0
DA:296,0
DA:297,0
DA:299,0
DA:300,0
DA:302,0
DA:303,0
DA:304,0
DA:308,0
DA:313,0
DA:318,0
DA:319,0
DA:320,0
DA:322,0
DA:323,0
DA:324,0
DA:325,0
DA:326,0
DA:327,0
DA:328,0
DA:330,0
DA:331,0
DA:332,0
DA:333,0
DA:334,0
DA:335,0
DA:345,0
DA:350,0
DA:351,0
DA:354,0
DA:355,0
DA:364,0
DA:376,0
DA:377,0
DA:387,0
DA:396,0
DA:402,0
DA:403,0
DA:404,0
DA:405,0
DA:408,0
DA:409,0
DA:415,0
DA:416,0
DA:428,0
DA:429,0
LF:85
LH:3
end_of_record
SF:lib\models\user_profile.dart
DA:85,6
DA:105,0
DA:122,0
DA:123,0
DA:124,0
DA:125,0
DA:126,0
DA:127,0
DA:128,0
DA:129,0
DA:130,0
DA:131,0
DA:132,0
DA:133,0
DA:134,0
DA:136,0
DA:137,0
DA:138,0
DA:143,0
DA:144,0
DA:145,0
DA:146,0
DA:150,0
DA:151,0
DA:153,0
DA:154,0
DA:155,0
DA:156,0
DA:157,0
DA:158,0
DA:160,0
DA:165,0
DA:166,0
DA:167,0
DA:169,0
DA:171,0
DA:173,0
DA:174,0
DA:175,0
DA:176,0
DA:177,0
DA:178,0
DA:180,0
DA:185,0
DA:186,0
DA:188,0
DA:189,0
DA:190,0
DA:194,0
DA:195,0
DA:199,0
DA:200,0
DA:201,0
DA:203,0
DA:204,0
DA:205,0
DA:206,0
DA:208,0
DA:213,0
DA:214,0
DA:215,0
DA:216,0
DA:217,0
DA:218,0
DA:219,0
DA:220,0
DA:221,0
DA:222,0
DA:223,0
DA:224,0
DA:225,0
DA:227,0
DA:228,0
DA:229,0
DA:233,0
DA:235,0
DA:236,0
DA:237,0
DA:238,0
DA:239,0
DA:240,0
DA:241,0
DA:242,0
DA:243,0
DA:244,0
DA:245,0
DA:246,0
DA:247,0
DA:249,0
DA:250,0
DA:251,0
DA:256,0
DA:257,0
DA:259,0
DA:260,0
DA:261,0
DA:262,0
DA:263,0
DA:264,0
DA:265,0
DA:266,0
DA:267,0
DA:268,0
DA:269,0
DA:270,0
DA:271,0
DA:272,0
DA:273,0
DA:275,0
DA:276,0
DA:277,0
DA:278,0
DA:279,0
DA:281,0
DA:286,0
DA:287,0
DA:288,0
DA:289,0
DA:290,0
DA:291,0
DA:292,0
DA:293,0
DA:294,0
DA:295,0
DA:296,0
DA:297,0
DA:298,0
DA:299,0
DA:301,0
DA:302,0
DA:303,0
DA:307,0
DA:308,0
DA:309,0
DA:313,0
DA:315,0
DA:318,0
DA:321,0
DA:324,0
DA:325,0
LF:140
LH:1
end_of_record
SF:lib\models\shared_menu.dart
DA:169,1
DA:182,1
DA:183,2
DA:185,0
DA:187,2
DA:190,1
DA:191,1
DA:192,1
DA:209,0
DA:218,0
DA:220,0
DA:221,0
DA:225,0
DA:248,0
DA:256,0
DA:257,0
DA:258,0
DA:259,0
DA:260,0
DA:261,0
DA:262,0
DA:263,0
DA:264,0
DA:265,0
DA:266,0
DA:267,0
DA:268,0
DA:269,0
DA:270,0
DA:272,0
DA:273,0
DA:278,0
DA:307,0
DA:308,0
DA:310,0
DA:311,0
DA:312,0
DA:324,0
DA:325,0
DA:327,0
DA:328,0
DA:329,0
DA:341,0
DA:342,0
DA:344,0
DA:345,0
DA:357,0
DA:358,0
DA:360,0
DA:361,0
DA:363,0
DA:378,0
DA:379,0
DA:390,0
DA:400,0
DA:410,0
DA:418,0
DA:419,0
DA:421,0
DA:430,0
DA:431,0
DA:433,0
DA:444,0
DA:445,0
DA:454,0
DA:456,0
DA:474,0
DA:475,0
DA:476,0
DA:477,0
DA:478,0
DA:479,0
DA:480,0
DA:483,0
DA:492,0
DA:493,0
DA:494,0
DA:496,0
DA:498,0
DA:499,0
DA:500,0
DA:501,0
DA:502,0
DA:503,0
DA:505,0
DA:517,0
DA:518,0
DA:519,0
DA:526,0
DA:527,0
DA:528,0
DA:529,0
DA:530,0
DA:532,0
DA:540,0
DA:548,0
DA:549,0
DA:554,0
DA:555,0
DA:556,0
DA:557,0
DA:572,0
DA:574,0
DA:575,0
DA:576,0
DA:578,0
DA:581,0
DA:582,0
DA:584,0
DA:585,0
DA:587,0
DA:588,0
DA:592,0
DA:595,0
DA:596,0
DA:597,0
DA:598,0
DA:599,0
DA:600,0
DA:601,0
DA:603,0
DA:604,0
DA:605,0
DA:606,0
DA:607,0
DA:608,0
DA:609,0
DA:610,0
DA:623,0
DA:625,0
DA:628,0
DA:629,0
DA:631,0
DA:632,0
DA:633,0
DA:635,0
DA:639,0
DA:640,0
DA:641,0
DA:642,0
DA:643,0
DA:644,0
DA:645,0
DA:646,0
DA:647,0
DA:648,0
DA:649,0
DA:650,0
DA:651,0
DA:652,0
DA:654,0
DA:656,0
DA:657,0
DA:661,0
DA:663,0
DA:668,0
DA:671,0
DA:673,0
DA:674,0
DA:675,0
DA:676,0
DA:677,0
DA:678,0
DA:680,0
DA:681,0
DA:682,0
DA:683,0
DA:684,0
DA:685,0
DA:686,0
DA:687,0
DA:688,0
DA:692,0
DA:693,0
DA:699,0
DA:703,0
DA:705,0
DA:707,0
DA:708,0
DA:710,0
DA:711,0
DA:713,0
DA:715,0
DA:716,0
DA:718,0
DA:721,0
DA:722,0
DA:724,0
DA:725,0
DA:730,0
DA:732,0
DA:733,0
DA:734,0
DA:735,0
DA:738,0
DA:739,0
DA:740,0
DA:741,0
DA:742,0
DA:743,0
DA:744,0
DA:745,0
DA:747,0
DA:748,0
DA:749,0
DA:750,0
DA:751,0
DA:752,0
DA:753,0
DA:755,0
DA:759,0
DA:761,0
DA:762,0
DA:764,0
DA:765,0
DA:766,0
DA:768,0
DA:770,0
DA:776,0
DA:779,0
DA:780,0
DA:781,0
DA:782,0
DA:783,0
DA:784,0
DA:785,0
DA:786,0
DA:788,0
DA:789,0
DA:790,0
DA:791,0
DA:792,0
DA:793,0
DA:794,0
DA:795,0
DA:796,0
DA:807,0
DA:809,0
DA:816,0
DA:819,0
DA:826,0
DA:827,0
LF:242
LH:7
end_of_record
SF:lib\models\messaging\message.dart
DA:192,0
DA:226,0
DA:234,0
DA:235,0
DA:243,0
DA:263,0
DA:272,0
DA:273,0
DA:278,0
DA:281,0
DA:282,0
DA:294,0
DA:303,0
DA:304,0
DA:309,0
DA:312,0
DA:313,0
DA:325,0
DA:334,0
DA:335,0
DA:340,0
DA:343,0
DA:344,0
DA:361,0
DA:365,0
DA:366,0
DA:373,0
DA:385,0
DA:394,0
DA:395,0
DA:396,0
DA:397,0
DA:398,0
DA:399,0
DA:400,0
DA:401,0
DA:402,0
DA:403,0
DA:404,0
DA:405,0
DA:406,0
DA:407,0
DA:408,0
DA:409,0
DA:422,0
DA:423,0
DA:424,0
DA:425,0
DA:426,0
DA:427,0
DA:428,0
DA:429,0
DA:430,0
DA:431,0
DA:432,0
DA:433,0
DA:434,0
DA:435,0
DA:436,0
DA:437,0
DA:448,0
DA:449,0
DA:456,0
DA:462,0
DA:468,0
DA:474,0
DA:482,0
DA:484,0
DA:491,0
DA:494,0
DA:501,0
DA:502,0
LF:72
LH:0
end_of_record
SF:lib\models\messaging\conversation.dart
DA:159,0
DA:189,0
DA:197,0
DA:198,0
DA:200,0
DA:202,0
DA:203,0
DA:207,0
DA:211,0
DA:234,0
DA:241,0
DA:242,0
DA:245,0
DA:246,0
DA:247,0
DA:250,0
DA:260,0
DA:273,0
DA:283,0
DA:284,0
DA:285,0
DA:286,0
DA:287,0
DA:288,0
DA:289,0
DA:290,0
DA:291,0
DA:292,0
DA:293,0
DA:294,0
DA:305,0
DA:306,0
DA:307,0
DA:311,0
DA:312,0
DA:313,0
DA:316,0
DA:324,0
DA:325,0
DA:329,0
DA:330,0
DA:331,0
DA:334,0
DA:342,0
DA:343,0
DA:345,0
DA:346,0
DA:347,0
DA:358,0
DA:359,0
DA:361,0
DA:364,0
DA:372,0
DA:373,0
DA:374,0
DA:376,0
DA:377,0
DA:378,0
DA:379,0
DA:386,0
DA:387,0
DA:397,0
DA:398,0
DA:402,0
DA:403,0
DA:404,0
DA:407,0
DA:408,0
DA:416,0
DA:417,0
DA:418,0
DA:419,0
DA:421,0
DA:423,0
DA:424,0
DA:425,0
DA:426,0
DA:427,0
DA:428,0
DA:430,0
DA:440,0
DA:442,0
DA:449,0
DA:452,0
DA:459,0
DA:460,0
LF:86
LH:0
end_of_record
SF:lib\models\unified\unified_shopping_list.dart
DA:247,0
DA:267,0
DA:268,0
DA:269,0
DA:285,0
DA:291,0
DA:295,0
DA:320,0
DA:331,0
DA:333,0
DA:334,0
DA:336,0
DA:340,0
DA:344,0
DA:358,0
DA:359,0
DA:360,0
DA:361,0
DA:362,0
DA:363,0
DA:364,0
DA:366,0
DA:367,0
DA:368,0
DA:369,0
DA:370,0
DA:372,0
DA:373,0
DA:374,0
DA:376,0
DA:377,0
DA:378,0
DA:379,0
DA:382,0
DA:383,0
DA:384,0
DA:386,0
DA:388,0
DA:390,0
DA:392,0
DA:397,0
DA:398,0
DA:402,0
DA:405,0
DA:407,0
DA:408,0
DA:409,0
DA:410,0
DA:412,0
DA:415,0
DA:418,0
DA:419,0
DA:420,0
DA:434,0
DA:450,0
DA:451,0
DA:452,0
DA:453,0
DA:454,0
DA:455,0
DA:456,0
DA:457,0
DA:458,0
DA:459,0
DA:460,0
DA:461,0
DA:462,0
DA:463,0
DA:465,0
DA:466,0
DA:467,0
DA:468,0
DA:469,0
DA:470,0
DA:474,0
DA:475,0
DA:477,0
DA:481,0
DA:482,0
DA:485,0
DA:486,0
DA:497,0
DA:502,0
DA:503,0
DA:504,0
DA:513,0
DA:518,0
DA:519,0
DA:520,0
DA:529,0
DA:535,0
DA:536,0
DA:537,0
DA:538,0
DA:540,0
DA:550,0
DA:555,0
DA:556,0
DA:561,0
DA:565,0
DA:569,0
DA:570,0
DA:572,0
DA:582,0
DA:586,0
DA:588,0
DA:590,0
DA:608,0
DA:609,0
DA:610,0
DA:611,0
DA:612,0
DA:613,0
DA:614,0
DA:615,0
DA:617,0
DA:618,0
DA:619,0
DA:620,0
DA:623,0
DA:624,0
DA:625,0
DA:626,0
DA:627,0
DA:628,0
DA:629,0
DA:630,0
DA:640,0
DA:641,0
DA:642,0
DA:643,0
DA:644,0
DA:645,0
DA:646,0
DA:647,0
DA:648,0
DA:649,0
DA:650,0
DA:651,0
DA:652,0
DA:653,0
DA:655,0
DA:656,0
DA:657,0
DA:658,0
DA:659,0
DA:660,0
DA:661,0
DA:662,0
DA:672,0
DA:673,0
DA:674,0
DA:675,0
DA:676,0
DA:677,0
DA:678,0
DA:679,0
DA:680,0
DA:681,0
DA:682,0
DA:683,0
DA:684,0
DA:685,0
DA:686,0
DA:688,0
DA:689,0
DA:690,0
DA:692,0
DA:693,0
DA:694,0
DA:696,0
DA:697,0
DA:699,0
DA:700,0
DA:701,0
DA:703,0
DA:704,0
DA:705,0
DA:707,0
DA:708,0
DA:709,0
DA:710,0
DA:711,0
DA:712,0
DA:713,0
DA:724,0
DA:725,0
DA:727,0
DA:728,0
DA:729,0
DA:730,0
DA:731,0
DA:732,0
DA:733,0
DA:734,0
DA:735,0
DA:736,0
DA:737,0
DA:738,0
DA:739,0
DA:740,0
DA:741,0
DA:742,0
DA:743,0
DA:745,0
DA:746,0
DA:747,0
DA:749,0
DA:750,0
DA:752,0
DA:753,0
DA:754,0
DA:756,0
DA:757,0
DA:758,0
DA:759,0
DA:760,0
DA:761,0
DA:762,0
DA:763,0
DA:764,0
DA:765,0
DA:766,0
DA:770,0
DA:771,0
DA:780,0
DA:782,0
DA:789,0
DA:792,0
DA:793,0
DA:794,0
DA:800,0
DA:801,0
LF:233
LH:0
end_of_record
SF:lib\models\unified\unified_shopping_item.dart
DA:191,0
DA:210,0
DA:227,0
DA:234,0
DA:260,0
DA:271,0
DA:272,0
DA:298,0
DA:299,0
DA:300,0
DA:301,0
DA:302,0
DA:303,0
DA:304,0
DA:316,0
DA:323,0
DA:328,0
DA:333,0
DA:347,0
DA:349,0
DA:350,0
DA:354,0
DA:370,0
DA:371,0
DA:374,0
DA:394,0
DA:409,0
DA:410,0
DA:411,0
DA:414,0
DA:415,0
DA:419,0
DA:420,0
DA:424,0
DA:441,0
DA:442,0
DA:443,0
DA:445,0
DA:447,0
DA:449,0
DA:451,0
DA:467,0
DA:480,0
DA:481,0
DA:482,0
DA:483,0
DA:484,0
DA:485,0
DA:486,0
DA:487,0
DA:488,0
DA:489,0
DA:491,0
DA:492,0
DA:493,0
DA:495,0
DA:496,0
DA:498,0
DA:499,0
DA:500,0
DA:501,0
DA:502,0
DA:515,0
DA:519,0
DA:520,0
DA:522,0
DA:523,0
DA:524,0
DA:525,0
DA:526,0
DA:527,0
DA:529,0
DA:530,0
DA:531,0
DA:535,0
DA:536,0
DA:538,0
DA:539,0
DA:540,0
DA:552,0
DA:553,0
DA:554,0
DA:555,0
DA:556,0
DA:557,0
DA:558,0
DA:559,0
DA:560,0
DA:561,0
DA:562,0
DA:563,0
DA:564,0
DA:565,0
DA:566,0
DA:567,0
DA:568,0
DA:569,0
DA:570,0
DA:571,0
DA:581,0
DA:582,0
DA:583,0
DA:584,0
DA:585,0
DA:586,0
DA:587,0
DA:588,0
DA:589,0
DA:590,0
DA:591,0
DA:592,0
DA:593,0
DA:595,0
DA:596,0
DA:597,0
DA:599,0
DA:600,0
DA:601,0
DA:602,0
DA:614,0
DA:615,0
DA:616,0
DA:617,0
DA:618,0
DA:619,0
DA:620,0
DA:621,0
DA:622,0
DA:623,0
DA:624,0
DA:625,0
DA:626,0
DA:627,0
DA:628,0
DA:630,0
DA:631,0
DA:632,0
DA:633,0
DA:635,0
DA:636,0
DA:637,0
DA:650,0
DA:651,0
DA:652,0
DA:653,0
DA:654,0
DA:655,0
DA:656,0
DA:657,0
DA:658,0
DA:659,0
DA:660,0
DA:661,0
DA:662,0
DA:663,0
DA:664,0
DA:665,0
DA:666,0
DA:667,0
DA:668,0
DA:669,0
DA:679,0
DA:680,0
DA:686,0
DA:689,0
DA:690,0
DA:691,0
DA:697,0
DA:698,0
LF:169
LH:0
end_of_record
SF:lib\core\providers\application_provider.dart
DA:187,0
DA:197,0
DA:198,0
DA:200,0
DA:209,0
DA:210,0
DA:219,0
DA:222,0
DA:225,0
DA:226,0
DA:227,0
DA:228,0
DA:229,0
DA:230,0
DA:231,0
DA:232,0
DA:233,0
DA:238,0
DA:240,0
DA:243,0
DA:257,0
DA:262,0
DA:263,0
DA:268,0
DA:269,0
DA:272,0
DA:289,0
DA:296,0
DA:298,0
DA:302,0
DA:305,0
DA:307,0
DA:311,0
DA:312,0
DA:315,0
DA:318,0
DA:334,0
DA:335,0
DA:336,0
DA:338,0
DA:353,0
DA:373,6
DA:381,3
DA:383,1
DA:387,2
DA:391,0
DA:393,0
DA:397,0
DA:402,0
LF:49
LH:4
end_of_record
SF:lib\core\di\di_container.dart
DA:175,3
DA:176,2
DA:177,1
DA:185,0
DA:188,0
DA:191,0
DA:197,0
DA:198,0
DA:199,0
DA:200,0
DA:206,0
DA:207,0
DA:210,0
DA:215,0
DA:216,0
DA:217,0
DA:230,0
DA:231,0
DA:233,0
DA:239,0
DA:244,0
DA:247,0
DA:251,0
DA:252,0
DA:256,0
DA:257,0
DA:261,0
DA:262,0
DA:263,0
DA:266,0
DA:270,0
DA:273,0
DA:277,0
DA:284,0
DA:285,0
DA:287,0
DA:288,0
DA:290,0
DA:291,0
DA:294,0
DA:300,0
DA:304,0
DA:307,0
DA:310,0
DA:311,0
DA:312,0
DA:313,0
DA:314,0
DA:317,0
DA:322,0
DA:325,0
DA:328,0
DA:331,0
DA:334,0
DA:335,0
DA:344,0
DA:347,0
DA:350,0
DA:353,0
DA:355,0
DA:356,0
DA:363,0
DA:366,0
DA:367,0
DA:376,0
DA:377,0
DA:381,0
DA:382,0
DA:384,0
DA:388,0
DA:389,0
DA:390,0
DA:396,0
DA:399,0
DA:400,0
DA:402,0
DA:403,0
DA:405,0
DA:408,0
DA:411,0
DA:412,0
DA:413,0
DA:417,0
DA:418,0
DA:422,0
LF:85
LH:3
end_of_record
SF:lib\core\bootstrap\application_bootstrap.dart
DA:184,3
DA:185,2
DA:186,1
DA:195,2
DA:198,0
DA:201,0
DA:204,0
DA:205,0
DA:209,0
DA:210,0
DA:214,0
DA:215,0
DA:216,0
DA:217,0
DA:223,0
DA:224,0
DA:227,0
DA:232,0
DA:233,0
DA:234,0
DA:247,0
DA:251,0
DA:252,0
DA:256,0
DA:260,0
DA:262,0
DA:267,0
DA:275,0
DA:278,0
DA:284,0
DA:287,0
DA:291,0
DA:294,0
DA:297,0
DA:299,0
DA:300,0
DA:303,0
DA:306,0
DA:309,0
DA:317,0
DA:319,0
DA:323,0
DA:326,0
DA:329,0
DA:339,0
DA:340,0
DA:342,0
DA:348,0
DA:352,0
DA:353,0
DA:356,0
DA:359,0
DA:360,0
DA:364,0
DA:369,0
DA:371,0
DA:376,0
DA:379,0
DA:382,0
DA:384,0
DA:386,0
DA:389,0
DA:390,0
DA:398,0
DA:401,0
DA:403,0
DA:406,0
DA:407,0
DA:417,0
DA:418,0
DA:423,0
DA:429,0
DA:431,0
DA:436,0
DA:437,0
DA:438,0
DA:441,0
DA:446,0
DA:449,0
DA:459,0
DA:460,0
DA:461,0
DA:462,0
DA:463,0
DA:464,0
DA:467,0
DA:472,0
DA:473,0
DA:474,0
DA:475,0
DA:476,0
DA:477,0
LF:92
LH:4
end_of_record
SF:lib\core\mixins\firebase_service_mixin.dart
DA:66,0
DA:73,0
DA:75,0
DA:97,0
DA:98,0
DA:100,0
DA:101,0
DA:104,0
DA:137,0
DA:144,0
DA:145,0
DA:147,0
DA:148,0
DA:156,0
DA:185,0
DA:192,0
DA:204,0
DA:208,0
DA:209,0
DA:210,0
DA:215,0
DA:220,0
DA:221,0
DA:222,0
DA:225,0
DA:233,0
DA:237,0
DA:238,0
DA:239,0
DA:242,0
DA:250,0
DA:251,0
DA:252,0
DA:253,0
DA:256,0
DA:266,0
DA:271,0
DA:272,0
DA:273,0
DA:276,0
DA:277,0
DA:278,0
DA:279,0
DA:280,0
DA:281,0
DA:282,0
DA:283,0
DA:284,0
DA:285,0
DA:286,0
DA:287,0
DA:288,0
DA:289,0
DA:294,0
DA:296,0
DA:301,0
DA:305,0
DA:306,0
DA:307,0
DA:315,0
DA:319,0
DA:321,0
DA:322,0
DA:323,0
DA:325,0
DA:326,0
DA:327,0
DA:328,0
DA:329,0
DA:330,0
DA:331,0
DA:334,0
DA:335,0
DA:337,0
DA:338,0
DA:343,0
DA:346,0
DA:356,0
DA:361,0
DA:362,0
DA:371,0
DA:375,0
DA:376,0
DA:377,0
DA:378,0
DA:379,0
DA:380,0
DA:385,0
DA:390,0
DA:393,0
DA:394,0
DA:395,0
DA:396,0
DA:397,0
DA:398,0
DA:399,0
DA:400,0
DA:401,0
DA:402,0
DA:403,0
DA:404,0
DA:405,0
DA:406,0
DA:412,0
DA:413,0
DA:414,0
DA:415,0
DA:423,0
DA:424,0
DA:425,0
DA:431,0
DA:439,0
DA:442,0
DA:443,0
DA:444,0
DA:445,0
DA:446,0
DA:449,0
DA:455,0
DA:460,0
DA:464,0
DA:466,0
DA:488,0
DA:504,0
DA:505,0
DA:507,0
DA:508,0
DA:510,0
DA:511,0
DA:513,0
DA:514,0
DA:516,0
DA:517,0
DA:519,0
DA:520,0
DA:530,0
DA:538,0
DA:543,0
DA:550,0
DA:551,0
DA:557,0
DA:558,0
LF:142
LH:0
end_of_record
SF:lib\services\unified\unified_recipe_service.dart
DA:105,0
DA:113,2
DA:121,1
DA:122,0
DA:130,1
DA:131,1
DA:133,1
DA:139,1
DA:140,1
DA:144,1
DA:145,1
DA:146,1
DA:147,1
DA:148,1
DA:149,1
DA:155,1
DA:156,1
DA:158,2
DA:159,1
DA:161,2
DA:162,0
DA:163,1
DA:164,1
DA:165,1
DA:168,2
DA:170,0
DA:171,0
DA:172,1
DA:173,1
DA:174,0
DA:175,1
DA:178,2
DA:179,1
DA:181,2
DA:182,0
DA:183,1
DA:184,1
DA:185,0
DA:188,2
DA:190,2
DA:191,1
DA:192,1
DA:196,1
DA:198,2
DA:199,2
DA:201,1
DA:202,1
DA:204,2
DA:209,3
DA:210,4
DA:211,4
DA:213,3
DA:214,2
DA:215,2
DA:216,2
DA:217,2
DA:218,0
DA:220,3
DA:221,3
DA:222,0
DA:225,0
DA:226,0
DA:230,1
DA:231,1
DA:234,1
DA:235,1
DA:236,1
DA:241,2
DA:246,1
DA:251,2
DA:252,2
DA:253,2
DA:256,2
DA:257,0
DA:261,0
DA:262,0
DA:265,0
DA:266,0
DA:267,0
DA:268,0
DA:270,2
DA:271,2
DA:272,1
DA:273,1
DA:279,0
DA:292,0
DA:308,0
DA:310,0
DA:311,0
DA:318,0
DA:319,0
DA:323,0
DA:324,0
DA:325,0
DA:326,0
DA:333,1
DA:334,2
DA:338,0
DA:339,0
DA:345,0
DA:346,0
DA:351,0
DA:369,0
DA:382,0
DA:384,0
DA:385,0
DA:392,0
DA:393,0
DA:396,0
DA:397,0
DA:400,0
DA:401,0
DA:406,0
DA:407,0
DA:410,0
DA:411,0
DA:414,0
DA:415,0
DA:418,0
DA:419,0
DA:424,0
DA:438,0
DA:440,0
DA:444,0
DA:456,0
DA:457,0
DA:460,0
DA:464,0
DA:465,0
DA:466,0
DA:468,0
DA:472,0
DA:473,0
DA:474,0
DA:476,0
DA:480,0
DA:481,0
DA:482,0
DA:484,0
DA:489,0
DA:490,0
DA:491,0
DA:493,0
DA:497,0
DA:498,0
DA:499,0
DA:501,0
DA:505,0
DA:506,0
DA:507,0
DA:509,0
DA:513,0
DA:514,0
DA:520,0
DA:533,0
DA:549,1
DA:550,1
DA:552,0
DA:554,2
DA:559,1
DA:561,1
DA:562,1
DA:565,2
DA:568,2
DA:569,2
DA:572,2
DA:573,2
DA:574,0
DA:577,1
DA:578,1
DA:580,0
DA:581,0
DA:582,0
DA:588,1
DA:589,3
DA:592,1
DA:593,1
DA:594,1
DA:599,0
DA:600,0
DA:602,0
DA:606,0
DA:607,0
DA:608,0
DA:609,0
DA:610,0
DA:613,1
DA:614,1
DA:615,1
DA:621,0
DA:622,0
DA:623,0
DA:624,0
DA:625,0
DA:626,0
DA:627,0
DA:628,0
DA:629,0
DA:630,0
DA:634,0
DA:636,0
DA:637,0
DA:638,0
LF:203
LH:88
end_of_record
SF:lib\core\mixins\error_handling_mixin.dart
DA:89,1
DA:97,1
DA:101,0
DA:105,0
DA:134,0
DA:142,0
DA:146,0
DA:150,0
DA:178,0
DA:183,0
DA:185,0
DA:187,0
DA:192,0
DA:197,0
DA:199,0
DA:201,0
DA:206,0
DA:210,0
DA:211,0
DA:212,0
DA:215,0
DA:217,0
DA:224,0
DA:229,0
DA:231,0
DA:233,0
DA:240,0
DA:244,0
DA:246,0
DA:247,0
DA:248,0
DA:251,0
DA:255,0
DA:260,0
DA:262,0
DA:263,0
DA:272,0
DA:281,0
DA:283,0
DA:285,0
DA:287,0
DA:289,0
DA:290,0
DA:294,0
DA:295,0
DA:305,0
DA:311,0
DA:313,0
DA:315,0
DA:316,0
DA:317,0
DA:318,0
DA:320,0
DA:330,0
DA:337,0
DA:338,0
DA:342,0
DA:352,0
DA:357,0
DA:360,0
DA:361,0
DA:362,0
DA:363,0
DA:368,0
DA:370,0
DA:375,0
DA:376,0
DA:385,0
DA:391,0
DA:393,0
DA:396,0
DA:398,0
DA:405,0
DA:415,0
DA:417,0
DA:419,0
DA:421,0
DA:422,0
DA:426,0
DA:427,0
DA:428,0
DA:432,0
DA:438,0
DA:439,0
DA:440,0
DA:442,0
DA:443,0
DA:444,0
DA:445,0
DA:446,0
DA:447,0
DA:448,0
DA:449,0
DA:451,0
DA:454,0
DA:457,0
DA:463,0
DA:465,0
DA:469,0
DA:471,0
DA:477,0
DA:478,0
DA:479,0
DA:480,0
DA:481,0
DA:485,0
DA:486,0
DA:487,0
DA:489,0
DA:490,0
DA:491,0
DA:492,0
LF:112
LH:2
end_of_record
SF:lib\core\mixins\state_notifier_mixin.dart
DA:91,0
DA:94,2
DA:97,0
DA:100,0
DA:103,0
DA:108,1
DA:110,2
DA:111,1
DA:112,1
DA:113,2
DA:118,1
DA:120,1
DA:121,1
DA:122,1
DA:123,2
DA:127,0
DA:129,0
DA:130,0
DA:131,0
DA:132,0
DA:137,0
DA:139,0
DA:140,0
DA:141,0
DA:142,0
DA:143,0
DA:148,1
DA:150,1
DA:151,1
DA:152,1
DA:153,1
DA:154,1
DA:161,1
DA:169,1
DA:171,1
DA:173,1
DA:175,1
DA:180,1
DA:181,1
DA:187,0
DA:193,0
DA:198,0
DA:199,0
DA:205,0
DA:213,0
DA:215,0
DA:217,0
DA:218,0
DA:220,0
DA:225,0
DA:226,0
DA:234,0
DA:239,0
DA:240,0
DA:244,0
DA:248,0
DA:258,0
DA:260,0
DA:261,0
DA:262,0
DA:265,0
DA:267,0
DA:270,0
DA:272,0
DA:275,0
DA:276,0
DA:280,0
DA:281,0
DA:282,0
DA:286,0
DA:291,0
DA:293,0
DA:294,0
DA:301,0
DA:304,0
DA:305,0
DA:306,0
DA:311,0
DA:316,0
DA:317,0
DA:319,0
DA:321,0
DA:324,0
DA:335,0
DA:338,0
DA:341,0
DA:343,0
DA:344,0
DA:345,0
DA:346,0
DA:351,0
DA:356,0
DA:357,0
DA:358,0
DA:361,0
DA:371,0
DA:374,0
DA:377,0
DA:380,0
DA:382,0
DA:383,0
DA:384,0
DA:385,0
DA:390,0
DA:392,0
DA:393,0
DA:394,0
DA:395,0
DA:400,0
DA:405,0
DA:406,0
DA:411,0
DA:413,0
DA:419,0
DA:420,0
DA:423,0
DA:428,0
DA:430,0
DA:431,0
DA:432,0
DA:433,0
DA:436,0
DA:438,0
DA:439,0
LF:124
LH:24
end_of_record
SF:lib\core\mixins\async_operation_mixin.dart
DA:86,0
DA:91,0
DA:96,0
DA:118,1
DA:124,1
DA:149,0
DA:157,0
DA:158,0
DA:159,0
DA:162,0
DA:166,0
DA:168,0
DA:170,0
DA:172,0
DA:173,0
DA:178,0
DA:179,0
DA:180,0
DA:183,0
DA:188,0
DA:196,0
DA:197,0
DA:198,0
DA:199,0
DA:205,0
DA:206,0
DA:212,0
DA:216,0
DA:217,0
DA:218,0
DA:225,0
DA:233,0
DA:240,0
DA:242,0
DA:244,0
DA:246,0
DA:251,0
DA:253,0
DA:255,0
DA:259,0
DA:263,0
DA:269,0
DA:270,0
DA:273,0
DA:274,0
DA:278,0
DA:280,0
DA:290,0
DA:296,0
DA:297,0
DA:299,0
DA:300,0
DA:302,0
DA:303,0
DA:304,0
DA:305,0
DA:310,0
DA:312,0
DA:313,0
DA:316,0
DA:317,0
DA:318,0
DA:319,0
DA:320,0
DA:322,0
DA:327,0
DA:328,0
DA:333,0
DA:334,0
DA:338,0
DA:339,0
DA:345,0
DA:351,0
DA:352,0
DA:354,0
DA:356,0
DA:357,0
DA:358,0
DA:361,0
DA:362,0
DA:363,0
DA:365,0
DA:371,0
DA:375,0
DA:376,0
DA:381,0
DA:382,0
DA:390,0
DA:397,0
DA:400,0
DA:403,0
DA:406,0
DA:410,0
DA:413,0
DA:417,0
DA:424,0
DA:425,0
DA:426,0
DA:427,0
DA:428,0
DA:432,0
DA:433,0
DA:434,0
DA:436,0
DA:437,0
DA:438,0
DA:442,0
DA:444,0
DA:445,0
DA:447,0
DA:448,0
DA:453,0
DA:454,0
DA:458,0
DA:459,0
DA:465,0
DA:467,0
DA:468,0
DA:471,0
DA:472,0
DA:477,0
DA:479,0
DA:480,0
DA:481,0
DA:488,0
DA:492,0
DA:501,0
DA:504,0
DA:512,0
DA:515,0
DA:523,0
DA:527,0
DA:536,0
DA:539,0
DA:540,0
LF:135
LH:2
end_of_record
SF:lib\core\mixins\stream_management_mixin.dart
DA:227,0
DA:228,0
DA:229,0
DA:230,0
DA:234,0
DA:238,0
DA:239,0
DA:242,0
DA:246,0
DA:247,0
DA:250,0
DA:252,0
DA:253,0
DA:257,0
DA:258,0
DA:260,0
DA:261,0
DA:262,0
DA:267,0
DA:268,0
DA:272,0
DA:273,0
DA:274,0
DA:280,0
DA:281,0
DA:282,0
DA:283,0
DA:287,0
DA:291,0
DA:292,0
DA:295,0
DA:299,0
DA:300,0
DA:303,0
DA:305,0
DA:306,0
DA:310,0
DA:311,0
DA:313,0
DA:314,0
DA:315,0
DA:320,0
DA:325,0
DA:326,0
DA:327,0
DA:330,0
DA:333,0
DA:338,0
DA:344,0
DA:345,0
DA:346,0
DA:348,0
DA:351,0
DA:358,0
DA:359,0
DA:360,0
DA:361,0
DA:365,0
DA:369,0
DA:370,0
DA:373,0
DA:377,0
DA:378,0
DA:381,0
DA:383,0
DA:384,0
DA:388,0
DA:389,0
DA:391,0
DA:392,0
DA:393,0
DA:398,0
DA:404,0
DA:410,0
DA:415,0
DA:421,0
DA:427,0
DA:434,0
DA:442,0
DA:444,0
DA:445,0
DA:451,0
DA:456,0
DA:464,0
DA:466,0
DA:476,0
DA:484,0
DA:487,0
DA:488,0
DA:489,0
DA:490,0
DA:491,0
DA:492,0
DA:497,0
DA:498,0
DA:509,0
DA:510,0
DA:511,0
DA:512,0
DA:513,0
DA:514,0
DA:515,0
DA:516,0
DA:517,0
DA:518,0
DA:523,0
DA:524,0
DA:526,0
DA:527,0
DA:530,0
DA:531,0
DA:534,0
DA:535,0
DA:539,0
DA:541,0
DA:545,0
DA:547,0
DA:548,0
DA:555,0
DA:556,0
DA:557,0
DA:559,0
DA:560,0
DA:561,0
DA:569,0
DA:570,0
DA:571,0
DA:575,0
DA:577,0
DA:580,0
DA:582,0
DA:584,0
DA:588,0
DA:589,0
DA:590,0
DA:593,0
DA:595,0
DA:597,0
DA:600,0
DA:601,0
DA:604,0
DA:606,0
DA:608,0
DA:612,0
DA:613,0
DA:614,0
DA:616,0
DA:622,0
DA:623,0
DA:624,0
DA:628,0
DA:629,0
DA:630,0
DA:631,0
DA:632,0
DA:668,0
DA:677,0
DA:679,0
DA:681,0
DA:682,0
DA:684,0
DA:693,0
DA:701,0
DA:703,0
DA:704,0
DA:705,0
DA:707,0
DA:715,0
DA:722,0
DA:725,0
DA:727,0
DA:728,0
DA:729,0
DA:730,0
DA:733,0
DA:736,0
DA:738,0
DA:739,0
DA:742,0
DA:743,0
DA:744,0
LF:181
LH:0
end_of_record
SF:lib\services\auth_service.dart
DA:77,0
DA:80,0
DA:83,2
DA:86,3
DA:94,1
DA:95,0
DA:97,4
DA:98,1
DA:99,1
DA:107,1
DA:112,2
DA:114,2
DA:116,1
DA:117,3
DA:118,3
DA:122,2
DA:123,1
DA:124,1
DA:126,0
DA:133,1
DA:137,2
DA:138,2
DA:140,2
DA:141,1
DA:142,1
DA:144,0
DA:151,1
DA:152,2
DA:153,2
DA:154,1
DA:155,2
DA:156,3
DA:161,1
DA:162,2
DA:163,2
DA:165,2
DA:166,1
DA:167,1
DA:169,0
DA:178,1
DA:179,1
DA:180,1
DA:184,2
DA:185,2
DA:186,1
DA:188,2
DA:189,1
DA:190,2
DA:191,1
DA:193,0
DA:196,0
DA:203,1
DA:205,1
DA:206,1
DA:209,1
DA:212,1
DA:215,1
DA:218,1
DA:221,1
DA:224,1
DA:227,1
DA:231,2
DA:233,1
DA:237,1
DA:239,1
DA:242,0
DA:247,0
DA:248,0
LF:68
LH:57
end_of_record
SF:lib\services\messaging_service.dart
DA:91,0
DA:98,0
DA:107,0
DA:108,0
DA:110,0
DA:114,0
DA:118,0
DA:124,0
DA:126,0
DA:130,0
DA:131,0
DA:136,0
DA:141,0
DA:142,0
DA:143,0
DA:144,0
DA:150,0
DA:153,0
DA:159,0
DA:166,0
DA:168,0
DA:172,0
DA:173,0
DA:174,0
DA:175,0
DA:176,0
DA:179,0
DA:184,0
DA:187,0
DA:190,0
DA:196,0
DA:198,0
DA:200,0
DA:208,0
DA:212,0
DA:219,0
DA:225,0
DA:231,0
DA:232,0
DA:237,0
DA:243,0
DA:245,0
DA:248,0
DA:249,0
DA:252,0
DA:254,0
DA:255,0
DA:256,0
DA:257,0
DA:261,0
DA:264,0
DA:267,0
DA:269,0
DA:271,0
DA:277,0
DA:284,0
DA:286,0
DA:289,0
DA:291,0
DA:292,0
DA:293,0
DA:299,0
DA:301,0
DA:303,0
DA:309,0
DA:316,0
DA:318,0
DA:321,0
DA:323,0
DA:324,0
DA:325,0
DA:331,0
DA:333,0
DA:335,0
DA:341,0
DA:348,0
DA:350,0
DA:353,0
DA:355,0
DA:356,0
DA:357,0
DA:363,0
DA:365,0
DA:367,0
DA:373,0
DA:375,0
DA:377,0
DA:380,0
DA:385,0
DA:387,0
DA:392,0
DA:397,0
DA:398,0
DA:402,0
DA:404,0
DA:411,0
DA:412,0
DA:413,0
DA:415,0
DA:420,0
DA:422,0
DA:425,0
DA:427,0
DA:433,0
DA:436,0
DA:438,0
DA:445,0
DA:446,0
DA:447,0
DA:449,0
DA:454,0
DA:456,0
DA:458,0
DA:466,0
DA:468,0
DA:470,0
DA:472,0
DA:478,0
DA:484,0
DA:488,0
DA:489,0
DA:492,0
DA:495,0
DA:496,0
DA:499,0
DA:503,0
DA:506,0
DA:507,0
DA:511,0
DA:513,0
DA:521,0
DA:523,0
DA:525,0
DA:527,0
DA:533,0
DA:535,0
DA:543,0
DA:544,0
DA:546,0
DA:551,0
DA:554,0
DA:557,0
DA:559,0
DA:561,0
DA:569,0
DA:571,0
DA:575,0
DA:576,0
DA:579,0
DA:582,0
DA:583,0
DA:586,0
DA:588,0
DA:593,0
DA:594,0
DA:597,0
DA:600,0
DA:601,0
DA:602,0
DA:603,0
DA:605,0
DA:606,0
DA:608,0
DA:612,0
DA:613,0
DA:614,0
DA:615,0
DA:616,0
DA:622,0
DA:628,0
DA:630,0
DA:632,0
DA:636,0
DA:637,0
DA:642,0
DA:644,0
DA:647,0
DA:649,0
DA:655,0
DA:657,0
DA:660,0
DA:662,0
DA:668,0
DA:675,0
DA:682,0
DA:684,0
DA:690,0
DA:695,0
DA:700,0
DA:702,0
DA:708,0
DA:713,0
DA:714,0
DA:717,0
DA:719,0
DA:722,0
DA:724,0
DA:732,0
DA:735,0
DA:740,0
DA:742,0
DA:747,0
DA:753,0
DA:754,0
DA:755,0
DA:757,0
DA:758,0
DA:762,0
DA:763,0
DA:764,0
DA:766,0
DA:775,0
DA:778,0
DA:781,0
DA:783,0
DA:786,0
DA:787,0
DA:788,0
DA:793,0
DA:795,0
DA:802,0
DA:805,0
DA:806,0
DA:808,0
DA:809,0
DA:811,0
LF:226
LH:0
end_of_record
SF:lib\core\mixins\singleton_service_mixin.dart
DA:97,3
DA:98,3
DA:103,1
DA:110,3
DA:111,0
DA:112,0
DA:116,2
DA:121,0
DA:130,0
DA:134,0
DA:135,0
DA:136,0
DA:137,0
DA:141,0
DA:144,0
DA:149,0
DA:151,0
DA:153,0
DA:154,0
DA:155,0
DA:158,0
DA:159,0
DA:165,0
DA:166,0
DA:171,0
DA:173,0
DA:174,0
DA:178,0
DA:180,0
DA:183,0
DA:184,0
DA:187,0
DA:188,0
DA:189,0
DA:193,0
DA:195,0
DA:196,0
DA:197,0
DA:201,0
DA:202,0
DA:203,0
DA:211,0
DA:214,0
DA:215,0
DA:220,0
DA:228,1
DA:231,1
DA:235,0
DA:240,0
DA:250,0
DA:251,0
DA:252,0
DA:253,0
DA:254,0
DA:255,0
DA:256,0
DA:257,0
DA:258,0
DA:259,0
DA:260,0
DA:265,0
DA:266,0
DA:269,0
DA:270,0
DA:271,0
DA:276,0
DA:277,0
DA:278,0
DA:288,0
DA:289,0
DA:293,0
DA:297,0
DA:323,0
DA:326,0
DA:330,0
DA:335,0
LF:76
LH:7
end_of_record
SF:lib\services\analytics_service.dart
DA:9,0
DA:11,0
DA:13,0
DA:19,0
DA:21,0
DA:23,0
DA:24,0
DA:25,0
DA:26,0
DA:28,0
DA:30,0
DA:31,0
DA:40,0
DA:41,0
DA:44,0
DA:48,0
DA:49,0
DA:50,0
DA:52,0
DA:53,0
DA:54,0
DA:55,0
DA:66,0
DA:72,0
DA:74,0
DA:75,0
DA:76,0
DA:77,0
DA:78,0
DA:82,0
DA:87,0
DA:94,0
DA:96,0
DA:98,0
DA:99,0
DA:102,0
DA:104,0
DA:106,0
DA:107,0
DA:111,0
DA:113,0
DA:118,0
DA:123,0
DA:125,0
DA:126,0
DA:127,0
DA:128,0
DA:132,0
DA:137,0
DA:142,0
DA:144,0
DA:147,0
DA:151,0
DA:156,0
DA:160,0
DA:162,0
DA:164,0
DA:168,0
DA:173,0
DA:181,0
DA:183,0
DA:184,0
DA:185,0
DA:186,0
DA:187,0
DA:190,0
DA:191,0
DA:195,0
DA:197,0
DA:202,0
DA:207,0
DA:209,0
DA:212,0
DA:216,0
DA:221,0
DA:230,0
DA:232,0
DA:234,0
DA:236,0
DA:242,0
DA:243,0
DA:247,0
DA:249,0
DA:254,0
DA:256,0
DA:258,0
DA:263,0
DA:265,0
DA:267,0
DA:272,0
DA:274,0
DA:276,0
DA:281,0
DA:282,0
DA:284,0
DA:286,0
DA:288,0
DA:290,0
DA:292,0
DA:294,0
DA:302,0
DA:311,0
DA:313,0
DA:315,0
DA:319,0
DA:321,0
DA:323,0
DA:328,0
DA:330,0
DA:335,0
DA:337,0
DA:342,0
DA:344,0
DA:348,0
DA:353,0
DA:354,0
DA:355,0
DA:356,0
DA:357,0
DA:358,0
LF:120
LH:0
end_of_record
SF:lib\services\user_service.dart
DA:89,0
DA:108,0
DA:109,0
DA:110,0
DA:111,0
DA:112,0
DA:116,0
DA:117,0
DA:120,0
DA:121,0
DA:122,0
DA:124,0
DA:126,0
DA:127,0
DA:128,0
DA:129,0
DA:136,0
DA:137,0
DA:142,0
DA:149,0
DA:151,0
DA:156,0
DA:157,0
DA:160,0
DA:165,0
DA:171,0
DA:175,0
DA:176,0
DA:177,0
DA:179,0
DA:193,0
DA:196,0
DA:197,0
DA:198,0
DA:200,0
DA:201,0
DA:204,0
DA:205,0
DA:206,0
DA:209,0
DA:214,0
DA:215,0
DA:217,0
DA:218,0
DA:221,0
DA:222,0
DA:223,0
DA:225,0
DA:226,0
DA:227,0
DA:233,0
DA:236,0
DA:238,0
DA:243,0
DA:245,0
DA:246,0
DA:247,0
DA:248,0
DA:257,0
DA:258,0
DA:259,0
DA:261,0
DA:262,0
DA:273,0
DA:274,0
DA:276,0
DA:277,0
DA:280,0
DA:281,0
DA:282,0
DA:283,0
DA:284,0
DA:288,0
DA:290,0
DA:293,0
DA:297,0
DA:299,0
DA:300,0
DA:301,0
DA:302,0
DA:303,0
DA:306,0
DA:314,0
DA:315,0
DA:316,0
DA:319,0
DA:321,0
DA:323,0
DA:326,0
DA:327,0
DA:329,0
DA:334,0
DA:338,0
DA:339,0
DA:342,0
DA:343,0
DA:345,0
DA:348,0
DA:349,0
DA:355,0
DA:360,0
DA:361,0
DA:364,0
DA:369,0
DA:370,0
DA:373,0
DA:375,0
DA:381,0
DA:382,0
DA:387,0
DA:389,0
DA:392,0
DA:393,0
DA:394,0
DA:396,0
DA:397,0
DA:399,0
DA:405,0
DA:406,0
DA:407,0
DA:409,0
DA:413,0
DA:414,0
DA:415,0
DA:416,0
DA:417,0
DA:419,0
DA:423,0
DA:425,0
DA:426,0
DA:427,0
DA:432,0
DA:434,0
DA:436,0
DA:438,0
DA:443,0
DA:445,0
DA:447,0
DA:452,0
DA:453,0
DA:454,0
DA:457,0
DA:458,0
DA:459,0
DA:462,0
DA:463,0
DA:467,0
DA:468,0
DA:469,0
DA:473,0
DA:474,0
DA:475,0
DA:476,0
DA:481,0
DA:484,0
DA:487,0
DA:489,0
DA:492,0
DA:493,0
DA:495,0
DA:497,0
DA:498,0
DA:503,0
DA:504,0
DA:505,0
DA:506,0
DA:511,0
DA:514,0
DA:517,0
DA:521,0
DA:522,0
DA:524,0
DA:526,0
DA:527,0
DA:532,0
DA:533,0
DA:537,0
DA:539,0
DA:541,0
DA:542,0
DA:546,0
DA:547,0
DA:550,0
DA:552,0
DA:557,0
DA:558,0
DA:559,0
DA:560,0
DA:563,0
DA:565,0
DA:566,0
DA:567,0
LF:192
LH:0
end_of_record
SF:lib\services\permission_service.dart
DA:80,0
DA:81,0
DA:86,0
DA:92,0
DA:98,0
DA:99,0
DA:103,0
DA:104,0
DA:105,0
DA:106,0
DA:107,0
DA:109,0
DA:110,0
DA:118,0
DA:124,0
DA:147,0
DA:149,0
DA:152,0
DA:153,0
DA:158,0
DA:159,0
DA:161,0
DA:162,0
DA:165,0
DA:166,0
DA:184,0
DA:186,0
DA:189,0
DA:192,0
DA:195,0
DA:196,0
DA:220,0
DA:222,0
DA:225,0
DA:228,0
DA:231,0
DA:232,0
DA:249,0
DA:251,0
DA:254,0
DA:257,0
DA:260,0
DA:266,0
DA:282,0
DA:284,0
DA:287,0
DA:312,0
DA:314,0
DA:317,0
DA:320,0
DA:325,0
DA:328,0
DA:330,0
DA:331,0
DA:332,0
DA:334,0
DA:335,0
DA:338,0
DA:340,0
DA:341,0
DA:342,0
DA:343,0
DA:344,0
DA:346,0
DA:360,0
DA:362,0
DA:365,0
DA:381,0
DA:383,0
DA:386,0
DA:389,0
DA:405,0
DA:407,0
DA:410,0
DA:413,0
DA:429,0
DA:431,0
DA:434,0
DA:438,0
DA:449,0
DA:451,0
DA:454,0
DA:457,0
DA:474,0
DA:476,0
DA:479,0
DA:501,0
DA:503,0
DA:506,0
DA:509,0
DA:526,0
DA:528,0
DA:531,0
DA:553,0
DA:555,0
DA:558,0
DA:561,0
DA:590,0
LF:98
LH:0
end_of_record
SF:lib\services\storage_service.dart
DA:16,0
DA:26,0
DA:31,0
DA:32,0
DA:33,0
DA:41,0
DA:46,0
DA:49,0
DA:51,0
DA:55,0
DA:56,0
DA:57,0
DA:61,0
DA:63,0
DA:65,0
DA:66,0
DA:67,0
DA:68,0
DA:75,0
DA:76,0
DA:77,0
DA:85,0
DA:86,0
DA:89,0
DA:94,0
DA:99,0
DA:100,0
DA:101,0
DA:103,0
DA:107,0
DA:110,0
DA:113,0
DA:114,0
DA:116,0
DA:119,0
DA:123,0
DA:128,0
DA:129,0
DA:130,0
DA:134,0
DA:137,0
DA:140,0
DA:149,0
DA:150,0
DA:151,0
DA:152,0
DA:154,0
DA:155,0
DA:160,0
DA:165,0
DA:172,0
DA:175,0
DA:185,0
DA:186,0
DA:187,0
DA:191,0
DA:193,0
DA:196,0
DA:198,0
DA:203,0
DA:206,0
DA:207,0
DA:209,0
DA:210,0
DA:212,0
DA:213,0
DA:214,0
DA:221,0
DA:222,0
DA:223,0
DA:224,0
DA:227,0
DA:229,0
DA:231,0
DA:234,0
DA:235,0
DA:236,0
DA:237,0
DA:240,0
DA:241,0
DA:245,0
DA:251,0
DA:258,0
DA:265,0
DA:268,0
DA:269,0
DA:272,0
DA:274,0
DA:279,0
DA:280,0
DA:281,0
DA:282,0
DA:285,0
DA:288,0
DA:291,0
DA:303,0
LF:96
LH:0
end_of_record
SF:lib\services\unified\unified_shopping_service.dart
DA:65,0
DA:67,0
DA:68,0
DA:69,0
DA:74,0
DA:76,0
DA:77,0
DA:87,0
DA:88,0
DA:89,0
DA:90,0
DA:91,0
DA:96,0
DA:98,0
DA:99,0
DA:100,0
DA:111,0
DA:112,0
DA:122,0
DA:123,0
DA:124,0
DA:125,0
DA:126,0
DA:127,0
DA:136,0
DA:138,0
DA:139,0
DA:140,0
DA:145,0
DA:147,0
DA:148,0
DA:149,0
DA:154,0
DA:159,0
DA:160,0
DA:161,0
DA:174,0
DA:187,0
DA:192,0
DA:195,0
DA:199,0
DA:200,0
DA:201,0
DA:204,0
DA:205,0
DA:206,0
DA:207,0
DA:217,0
DA:218,0
DA:219,0
DA:222,0
DA:226,0
DA:227,0
DA:228,0
DA:229,0
DA:230,0
DA:232,0
DA:233,0
DA:234,0
DA:235,0
DA:236,0
DA:237,0
DA:238,0
DA:240,0
DA:241,0
DA:242,0
DA:243,0
DA:247,0
DA:248,0
DA:250,0
DA:251,0
DA:253,0
DA:255,0
DA:260,0
DA:261,0
DA:265,0
DA:266,0
DA:271,0
DA:273,0
DA:276,0
DA:286,0
DA:298,0
DA:299,0
DA:302,0
DA:303,0
DA:306,0
DA:307,0
DA:310,0
DA:311,0
DA:313,0
DA:318,0
DA:329,0
DA:342,0
DA:343,0
DA:346,0
DA:347,0
DA:350,0
DA:360,0
DA:372,0
DA:373,0
DA:377,0
DA:378,0
DA:381,0
DA:382,0
DA:385,0
DA:390,0
DA:403,0
DA:404,0
DA:405,0
DA:409,0
DA:411,0
DA:412,0
LF:112
LH:0
end_of_record
SF:lib\core\mixins\firebase_sync_mixin.dart
DA:18,0
DA:19,0
DA:20,0
DA:27,0
DA:29,0
DA:31,0
DA:36,0
DA:37,0
DA:39,0
DA:43,0
DA:46,0
DA:47,0
DA:50,0
DA:51,0
DA:53,0
DA:57,0
DA:58,0
DA:61,0
DA:62,0
DA:64,0
DA:67,0
DA:68,0
DA:70,0
DA:73,0
DA:74,0
DA:77,0
DA:78,0
DA:79,0
DA:81,0
DA:84,0
DA:86,0
DA:87,0
DA:88,0
DA:89,0
DA:90,0
DA:91,0
DA:95,0
DA:97,0
DA:101,0
DA:103,0
DA:105,0
DA:106,0
DA:107,0
DA:108,0
DA:110,0
DA:111,0
DA:113,0
DA:114,0
DA:120,0
DA:123,0
DA:125,0
DA:130,0
DA:131,0
DA:134,0
DA:135,0
DA:136,0
DA:140,0
DA:141,0
DA:143,0
DA:144,0
DA:147,0
DA:149,0
DA:150,0
DA:152,0
DA:154,0
DA:156,0
DA:158,0
DA:159,0
DA:163,0
DA:165,0
DA:166,0
DA:170,0
DA:172,0
DA:176,0
DA:178,0
DA:180,0
DA:182,0
DA:183,0
DA:188,0
DA:189,0
DA:190,0
DA:193,0
DA:195,0
DA:196,0
DA:210,0
LF:85
LH:0
end_of_record
SF:lib\services\unified\unified_friends_service.dart
DA:76,0
DA:79,0
DA:80,0
DA:81,0
DA:82,0
DA:83,0
DA:84,0
DA:85,0
DA:88,0
DA:89,0
DA:90,0
DA:91,0
DA:94,0
DA:95,0
DA:96,0
DA:97,0
DA:102,0
DA:105,0
DA:106,0
DA:107,0
DA:110,0
DA:111,0
DA:112,0
DA:113,0
DA:118,0
DA:121,0
DA:122,0
DA:123,0
DA:124,0
DA:125,0
DA:126,0
DA:127,0
DA:128,0
DA:129,0
DA:130,0
DA:131,0
DA:132,0
DA:133,0
DA:134,0
DA:135,0
DA:136,0
DA:137,0
DA:138,0
DA:139,0
DA:140,0
DA:141,0
DA:142,0
DA:147,0
DA:152,0
DA:157,0
DA:185,0
DA:191,0
DA:194,0
DA:196,0
DA:201,0
DA:202,0
DA:203,0
DA:204,0
DA:205,0
DA:206,0
DA:207,0
DA:209,0
DA:210,0
DA:211,0
DA:212,0
DA:214,0
DA:215,0
DA:219,0
DA:220,0
DA:221,0
DA:222,0
DA:226,0
DA:227,0
DA:228,0
DA:232,0
DA:234,0
DA:235,0
DA:236,0
DA:238,0
DA:245,0
DA:247,0
DA:250,0
DA:253,0
DA:256,0
DA:257,0
DA:260,0
DA:263,0
DA:264,0
DA:265,0
DA:266,0
DA:267,0
DA:269,0
DA:279,0
DA:282,0
DA:285,0
DA:288,0
DA:291,0
DA:294,0
DA:297,0
DA:300,0
DA:303,0
DA:306,0
DA:309,0
DA:312,0
DA:315,0
DA:318,0
DA:321,0
DA:324,0
DA:327,0
DA:330,0
DA:333,0
DA:336,0
DA:339,0
DA:342,0
DA:345,0
DA:348,0
DA:353,0
DA:356,0
DA:359,0
DA:362,0
DA:366,0
DA:368,0
DA:369,0
LF:123
LH:0
end_of_record
SF:lib\repositories\firebase\firebase_auth_repository.dart
DA:43,0
DA:44,0
DA:47,0
DA:48,0
DA:51,0
DA:52,0
DA:54,0
DA:55,0
DA:58,0
DA:59,0
DA:62,0
DA:67,0
DA:73,0
DA:75,0
DA:82,0
DA:84,0
DA:90,0
DA:92,0
DA:96,0
DA:98,0
DA:102,0
DA:103,0
DA:105,0
DA:107,0
DA:110,0
DA:111,0
LF:26
LH:0
end_of_record
SF:lib\repositories\firebase\base_firebase_repository.dart
DA:82,1
DA:85,0
DA:91,0
DA:92,0
DA:95,0
DA:96,0
DA:116,1
DA:117,2
DA:119,3
DA:125,3
DA:129,0
DA:131,0
DA:136,1
DA:137,1
DA:138,5
DA:143,0
DA:148,0
DA:151,0
DA:152,0
DA:153,0
DA:154,0
DA:156,0
DA:159,0
DA:160,0
DA:165,1
DA:168,1
DA:169,2
DA:171,1
DA:172,3
DA:176,0
DA:178,0
DA:179,0
DA:184,0
DA:187,0
DA:188,0
DA:190,0
DA:191,0
DA:194,0
DA:195,0
DA:200,0
DA:203,0
DA:204,0
DA:205,0
DA:206,0
DA:208,0
DA:210,0
DA:211,0
DA:216,0
DA:219,0
DA:220,0
DA:221,0
DA:223,0
DA:225,0
DA:226,0
DA:234,0
DA:236,0
DA:237,0
DA:238,0
DA:240,0
DA:241,0
DA:244,0
DA:245,0
DA:247,0
DA:248,0
DA:254,0
DA:256,0
DA:259,0
DA:262,0
DA:263,0
DA:266,0
DA:267,0
DA:272,0
DA:274,0
DA:275,0
DA:277,0
DA:278,0
DA:284,0
DA:286,0
DA:287,0
DA:289,0
DA:298,0
DA:300,0
DA:301,0
DA:303,0
DA:304,0
DA:310,0
DA:312,0
DA:313,0
DA:315,0
DA:324,1
DA:326,1
DA:330,1
DA:332,1
DA:340,0
DA:342,0
DA:343,0
DA:344,0
DA:346,0
DA:347,0
DA:350,0
DA:351,0
DA:353,0
DA:354,0
DA:359,0
DA:361,0
DA:362,0
DA:363,0
DA:365,0
DA:366,0
DA:369,0
DA:370,0
DA:372,0
DA:373,0
LF:113
LH:17
end_of_record
SF:lib\repositories\firebase\firebase_recipe_repository.dart
DA:67,1
DA:70,1
DA:77,1
DA:80,0
DA:82,0
DA:84,0
DA:85,0
DA:87,0
DA:88,0
DA:92,1
DA:95,1
DA:98,2
DA:99,1
DA:106,1
DA:107,1
DA:108,1
DA:112,0
DA:115,1
DA:118,1
DA:121,2
DA:123,1
DA:126,1
DA:130,0
DA:132,0
DA:134,0
DA:137,0
DA:140,1
DA:143,1
DA:146,1
DA:148,1
DA:155,0
DA:157,0
DA:162,0
DA:165,1
DA:169,1
DA:170,2
DA:171,4
DA:174,0
DA:180,0
DA:184,0
DA:185,0
DA:186,0
DA:187,0
DA:188,0
DA:191,0
DA:195,0
DA:199,0
DA:200,0
DA:202,0
DA:203,0
DA:204,0
DA:205,0
DA:207,0
DA:208,0
DA:209,0
DA:210,0
DA:213,0
DA:216,0
DA:219,0
DA:225,0
DA:226,0
DA:227,0
DA:228,0
DA:229,0
DA:230,0
DA:231,0
DA:232,0
DA:233,0
DA:234,0
DA:236,0
DA:237,0
DA:239,0
DA:243,0
DA:247,0
DA:248,0
DA:249,0
DA:250,0
DA:251,0
DA:252,0
DA:255,0
DA:258,0
DA:259,0
DA:260,0
DA:261,0
DA:262,0
DA:263,0
DA:265,0
DA:268,0
DA:272,0
DA:273,0
DA:274,0
DA:275,0
DA:276,0
DA:282,1
DA:283,1
DA:284,0
DA:286,1
DA:287,1
DA:288,1
DA:289,1
DA:290,1
DA:292,4
DA:296,1
DA:297,1
DA:298,0
DA:302,1
DA:303,1
DA:304,1
DA:305,1
DA:307,1
DA:308,1
DA:309,2
DA:310,1
DA:311,0
DA:312,1
DA:316,1
DA:317,1
DA:318,0
DA:320,1
DA:321,1
DA:322,1
DA:323,1
DA:324,1
DA:326,1
DA:327,2
DA:328,1
DA:329,1
DA:335,1
DA:337,1
DA:342,0
DA:343,0
DA:346,0
DA:347,0
DA:359,1
DA:361,1
DA:366,0
DA:367,0
DA:370,0
DA:371,0
DA:374,0
DA:375,0
DA:385,1
DA:387,1
DA:391,0
DA:392,0
DA:401,1
DA:402,1
DA:405,1
DA:407,1
DA:414,0
DA:416,0
DA:422,0
DA:423,0
DA:424,0
DA:426,0
DA:427,0
DA:429,0
DA:434,0
DA:439,1
DA:440,1
DA:443,1
DA:445,1
DA:452,0
DA:454,0
DA:460,0
DA:461,0
DA:462,0
DA:463,0
DA:465,0
DA:466,0
DA:471,0
LF:171
LH:67
end_of_record
SF:lib\repositories\firebase\firebase_messaging_repository.dart
DA:100,0
DA:103,0
DA:104,0
DA:109,0
DA:112,0
DA:114,0
DA:116,0
DA:117,0
DA:119,0
DA:120,0
DA:124,0
DA:125,0
DA:129,0
DA:133,0
DA:134,0
DA:135,0
DA:136,0
DA:137,0
DA:138,0
DA:140,0
DA:145,0
DA:148,0
DA:150,0
DA:155,0
DA:166,0
DA:176,0
DA:185,0
DA:187,0
DA:188,0
DA:190,0
DA:195,0
DA:204,0
DA:212,0
DA:215,0
DA:216,0
DA:217,0
DA:220,0
DA:222,0
DA:223,0
DA:225,0
DA:230,0
DA:237,0
DA:238,0
DA:239,0
DA:240,0
DA:241,0
DA:243,0
DA:244,0
DA:245,0
DA:246,0
DA:252,0
DA:257,0
DA:264,0
DA:266,0
DA:273,0
DA:276,0
DA:279,0
DA:281,0
DA:283,0
DA:288,0
DA:296,0
DA:298,0
DA:305,0
DA:306,0
DA:309,0
DA:310,0
DA:311,0
DA:312,0
DA:315,0
DA:316,0
DA:317,0
DA:320,0
DA:328,0
DA:331,0
DA:332,0
DA:333,0
DA:335,0
DA:337,0
DA:340,0
DA:342,0
DA:347,0
DA:353,0
DA:355,0
DA:362,0
DA:363,0
DA:366,0
DA:367,0
DA:368,0
DA:369,0
DA:371,0
DA:376,0
DA:379,0
DA:382,0
DA:383,0
DA:385,0
DA:387,0
DA:389,0
DA:391,0
DA:398,0
DA:404,0
DA:405,0
DA:406,0
DA:407,0
DA:408,0
DA:409,0
DA:410,0
DA:411,0
DA:412,0
DA:413,0
DA:415,0
DA:420,0
DA:427,0
DA:428,0
DA:429,0
DA:432,0
DA:435,0
DA:437,0
DA:438,0
DA:439,0
DA:440,0
DA:441,0
DA:443,0
DA:444,0
DA:448,0
DA:452,0
DA:454,0
DA:457,0
DA:461,0
DA:462,0
DA:464,0
DA:465,0
DA:470,0
DA:471,0
DA:474,0
DA:475,0
DA:476,0
DA:478,0
DA:480,0
DA:482,0
DA:487,0
DA:494,0
DA:495,0
DA:496,0
DA:500,0
DA:501,0
DA:502,0
DA:503,0
DA:505,0
DA:506,0
DA:507,0
DA:508,0
DA:514,0
DA:516,0
DA:518,0
DA:523,0
DA:529,0
DA:532,0
DA:535,0
DA:537,0
DA:542,0
DA:548,0
DA:550,0
DA:557,0
DA:558,0
DA:560,0
DA:565,0
DA:566,0
DA:567,0
DA:569,0
DA:574,0
DA:576,0
DA:578,0
DA:583,0
DA:589,0
DA:592,0
DA:593,0
DA:596,0
DA:598,0
DA:603,0
DA:606,0
DA:608,0
DA:610,0
DA:617,0
DA:620,0
DA:621,0
DA:623,0
DA:624,0
DA:628,0
DA:634,0
DA:635,0
DA:636,0
DA:637,0
DA:640,0
DA:641,0
DA:642,0
DA:645,0
DA:651,0
DA:656,0
DA:659,0
DA:660,0
DA:661,0
DA:663,0
DA:664,0
DA:665,0
DA:666,0
DA:668,0
DA:673,0
DA:684,0
DA:685,0
DA:686,0
DA:687,0
DA:688,0
DA:690,0
DA:691,0
DA:692,0
DA:693,0
DA:694,0
DA:695,0
DA:697,0
DA:698,0
DA:702,0
DA:705,0
DA:706,0
DA:707,0
DA:711,0
DA:716,0
DA:722,0
DA:723,0
DA:725,0
DA:726,0
DA:727,0
DA:728,0
DA:734,0
DA:736,0
DA:738,0
DA:743,0
DA:747,0
DA:748,0
DA:749,0
DA:753,0
DA:755,0
DA:757,0
DA:758,0
DA:759,0
DA:761,0
DA:762,0
DA:765,0
DA:766,0
DA:770,0
DA:772,0
DA:774,0
LF:251
LH:0
end_of_record
SF:lib\repositories\firebase\firebase_shopping_repository.dart
DA:82,0
DA:85,0
DA:86,0
DA:91,0
DA:94,0
DA:97,0
DA:99,0
DA:101,0
DA:103,0
DA:104,0
DA:108,0
DA:109,0
DA:113,0
DA:117,0
DA:120,0
DA:124,0
DA:125,0
DA:126,0
DA:127,0
DA:129,0
DA:130,0
DA:131,0
DA:134,0
DA:135,0
DA:140,0
DA:146,0
DA:148,0
DA:151,0
DA:153,0
DA:154,0
DA:157,0
DA:159,0
DA:162,0
DA:164,0
DA:172,0
DA:174,0
DA:180,0
DA:181,0
DA:182,0
DA:186,0
DA:187,0
DA:188,0
DA:189,0
DA:190,0
DA:192,0
DA:197,0
DA:201,0
DA:203,0
DA:206,0
DA:208,0
DA:216,0
DA:218,0
DA:223,0
DA:224,0
DA:225,0
DA:226,0
DA:227,0
DA:229,0
DA:234,0
DA:240,0
DA:242,0
DA:245,0
DA:250,0
DA:251,0
DA:252,0
DA:253,0
DA:258,0
DA:259,0
DA:263,0
DA:264,0
DA:269,0
DA:271,0
DA:273,0
DA:274,0
DA:275,0
DA:276,0
DA:277,0
DA:284,0
DA:286,0
DA:288,0
DA:289,0
DA:290,0
DA:291,0
DA:292,0
DA:293,0
DA:294,0
DA:302,0
DA:303,0
DA:305,0
DA:313,0
DA:316,0
DA:318,0
DA:326,0
DA:328,0
DA:334,0
DA:335,0
DA:336,0
DA:338,0
DA:340,0
DA:341,0
DA:342,0
DA:344,0
DA:345,0
DA:346,0
DA:351,0
DA:352,0
DA:355,0
DA:363,0
DA:365,0
DA:366,0
DA:368,0
DA:369,0
DA:376,0
DA:377,0
DA:379,0
DA:384,0
DA:385,0
DA:388,0
DA:389,0
DA:390,0
DA:391,0
DA:393,0
DA:396,0
DA:398,0
DA:400,0
DA:401,0
DA:403,0
DA:404,0
DA:411,0
DA:412,0
DA:414,0
DA:419,0
DA:422,0
DA:424,0
DA:427,0
DA:428,0
DA:429,0
DA:430,0
DA:431,0
DA:433,0
DA:434,0
DA:435,0
DA:436,0
DA:439,0
DA:447,0
DA:448,0
DA:451,0
DA:452,0
DA:453,0
DA:454,0
DA:458,0
DA:460,0
DA:461,0
DA:462,0
DA:463,0
DA:466,0
DA:467,0
DA:468,0
DA:469,0
DA:470,0
DA:471,0
DA:472,0
DA:476,0
DA:477,0
DA:478,0
DA:479,0
DA:480,0
DA:484,0
DA:487,0
DA:493,0
DA:496,0
DA:497,0
DA:498,0
DA:505,0
DA:508,0
DA:509,0
DA:511,0
DA:512,0
DA:514,0
DA:520,0
DA:521,0
DA:522,0
DA:524,0
DA:525,0
DA:526,0
DA:528,0
DA:532,0
DA:533,0
LF:188
LH:0
end_of_record
SF:lib\repositories\firebase\firebase_user_repository.dart
DA:69,0
DA:72,0
DA:73,0
DA:78,0
DA:81,0
DA:83,0
DA:85,0
DA:86,0
DA:88,0
DA:89,0
DA:94,0
DA:97,0
DA:98,0
DA:100,0
DA:105,0
DA:106,0
DA:107,0
DA:111,0
DA:112,0
DA:113,0
DA:115,0
DA:124,0
DA:127,0
DA:131,0
DA:133,0
DA:136,0
DA:138,0
DA:139,0
DA:141,0
DA:142,0
DA:143,0
DA:151,0
DA:158,0
DA:159,0
DA:165,0
DA:166,0
DA:168,0
DA:171,0
DA:172,0
DA:174,0
DA:179,0
DA:185,0
DA:188,0
DA:189,0
DA:195,0
DA:197,0
DA:200,0
DA:209,0
DA:212,0
DA:213,0
DA:214,0
DA:216,0
DA:219,0
DA:220,0
DA:221,0
DA:222,0
DA:223,0
DA:224,0
DA:226,0
DA:227,0
DA:228,0
DA:229,0
DA:230,0
DA:231,0
DA:236,0
DA:237,0
DA:238,0
DA:239,0
DA:240,0
DA:241,0
DA:242,0
DA:243,0
DA:244,0
DA:245,0
DA:246,0
DA:247,0
DA:248,0
DA:254,0
DA:255,0
DA:256,0
DA:257,0
DA:258,0
DA:259,0
DA:260,0
DA:261,0
DA:262,0
DA:263,0
DA:264,0
DA:265,0
DA:270,0
DA:271,0
DA:272,0
DA:273,0
DA:275,0
DA:281,0
DA:283,0
DA:284,0
DA:285,0
DA:286,0
DA:287,0
DA:288,0
DA:289,0
DA:293,0
DA:296,0
DA:297,0
DA:303,0
DA:305,0
DA:308,0
DA:317,0
DA:320,0
DA:321,0
DA:327,0
DA:331,0
DA:340,0
DA:343,0
DA:344,0
DA:350,0
DA:355,0
DA:364,0
DA:366,0
DA:367,0
DA:369,0
DA:370,0
DA:372,0
LF:124
LH:0
end_of_record
SF:lib\repositories\firebase\firebase_friends_repository.dart
DA:91,0
DA:94,0
DA:95,0
DA:98,0
DA:99,0
DA:100,0
DA:102,0
DA:103,0
DA:104,0
DA:106,0
DA:107,0
DA:108,0
DA:110,0
DA:111,0
DA:112,0
DA:118,0
DA:121,0
DA:123,0
DA:125,0
DA:126,0
DA:128,0
DA:129,0
DA:134,0
DA:135,0
DA:138,0
DA:140,0
DA:144,0
DA:145,0
DA:148,0
DA:150,0
DA:154,0
DA:156,0
DA:163,0
DA:165,0
DA:168,0
DA:170,0
DA:174,0
DA:175,0
DA:178,0
DA:180,0
DA:183,0
DA:185,0
DA:188,0
DA:190,0
DA:194,0
DA:195,0
DA:199,0
DA:200,0
DA:205,0
DA:207,0
DA:210,0
DA:212,0
DA:215,0
DA:217,0
DA:220,0
DA:222,0
DA:225,0
DA:227,0
DA:230,0
DA:232,0
DA:237,0
DA:239,0
DA:242,0
DA:245,0
DA:248,0
DA:250,0
DA:253,0
DA:255,0
DA:258,0
DA:260,0
DA:263,0
DA:266,0
DA:269,0
DA:271,0
DA:276,0
DA:278,0
DA:281,0
DA:283,0
DA:286,0
DA:288,0
DA:291,0
DA:293,0
DA:296,0
DA:299,0
DA:302,0
DA:305,0
DA:308,0
DA:311,0
DA:314,0
DA:317,0
DA:320,0
DA:324,0
DA:327,0
DA:329,0
DA:335,0
DA:336,0
DA:337,0
DA:338,0
DA:339,0
DA:341,0
DA:350,0
DA:351,0
DA:355,0
DA:356,0
DA:360,0
DA:361,0
DA:365,0
DA:366,0
DA:370,0
DA:371,0
DA:375,0
DA:376,0
DA:380,0
DA:381,0
DA:385,0
DA:386,0
DA:390,0
DA:391,0
DA:395,0
DA:396,0
LF:120
LH:0
end_of_record
SF:lib\repositories\interfaces\comments_repository.dart
DA:49,0
LF:1
LH:0
end_of_record
SF:lib\repositories\interfaces\ratings_repository.dart
DA:54,0
DA:64,0
DA:65,0
DA:66,0
DA:67,0
DA:68,0
DA:69,0
DA:70,0
DA:73,0
DA:75,0
DA:76,0
DA:77,0
DA:78,0
DA:79,0
DA:80,0
DA:92,0
DA:101,0
DA:102,0
DA:104,0
DA:105,0
DA:110,0
LF:21
LH:0
end_of_record
SF:lib\repositories\interfaces\notifications_repository.dart
DA:133,0
DA:145,0
DA:146,0
DA:147,0
DA:148,0
DA:149,0
DA:150,0
DA:151,0
DA:152,0
DA:153,0
DA:156,0
DA:158,0
DA:159,0
DA:160,0
DA:161,0
DA:163,0
DA:164,0
DA:165,0
DA:166,0
DA:167,0
DA:168,0
DA:183,0
DA:194,0
DA:195,0
DA:196,0
DA:197,0
DA:198,0
DA:199,0
DA:200,0
DA:201,0
DA:202,0
DA:205,0
DA:206,0
DA:207,0
DA:208,0
DA:209,0
DA:210,0
DA:211,0
DA:212,0
DA:213,0
LF:40
LH:0
end_of_record
SF:lib\repositories\firestore_repository.dart
DA:68,0
DA:77,0
DA:78,0
DA:89,0
DA:90,0
DA:94,0
DA:96,0
DA:99,0
DA:103,0
DA:106,0
DA:107,0
DA:111,0
DA:112,0
DA:116,0
DA:117,0
DA:121,0
DA:122,0
LF:17
LH:0
end_of_record
SF:lib\models\permissions\resource_permission.dart
DA:100,0
DA:106,0
DA:112,0
DA:120,0
DA:122,0
DA:124,0
DA:126,0
DA:128,0
DA:130,0
DA:132,0
DA:162,0
DA:163,0
DA:164,0
DA:166,0
DA:168,0
DA:170,0
DA:172,0
DA:174,0
DA:187,0
DA:188,0
DA:200,0
DA:210,0
DA:220,0
DA:221,0
DA:223,0
DA:234,0
DA:235,0
DA:244,0
DA:245,0
DA:254,0
DA:255,0
DA:268,0
DA:269,0
LF:33
LH:0
end_of_record
SF:lib\services\unified\types\recipe_types.dart
DA:27,6
DA:33,6
DA:34,6
DA:40,1
DA:41,1
DA:43,0
DA:44,0
DA:68,0
DA:89,0
DA:108,0
DA:127,0
DA:135,0
DA:140,0
DA:148,0
DA:153,0
DA:179,0
DA:188,0
DA:194,0
DA:203,0
DA:208,0
LF:20
LH:5
end_of_record
SF:lib\core\base\base_service.dart
DA:80,0
DA:81,0
DA:82,0
DA:83,0
DA:97,0
DA:109,0
DA:110,0
DA:111,0
DA:112,0
DA:127,0
DA:163,1
DA:175,0
DA:176,0
DA:180,0
DA:181,0
DA:186,0
DA:187,0
DA:193,1
DA:195,2
DA:203,0
DA:210,0
DA:213,0
DA:214,0
DA:215,0
DA:218,0
DA:219,0
DA:220,0
DA:223,0
DA:225,0
DA:237,0
DA:243,0
DA:244,0
DA:245,0
DA:248,0
DA:249,0
DA:252,0
DA:253,0
DA:254,0
DA:261,0
DA:262,0
DA:263,0
DA:264,0
DA:268,0
DA:269,0
DA:270,0
DA:271,0
DA:277,0
DA:278,0
DA:279,0
DA:280,0
DA:283,0
DA:290,0
DA:296,0
DA:297,0
DA:301,0
DA:312,0
DA:313,0
DA:314,0
DA:315,0
DA:316,0
DA:324,0
DA:331,0
DA:335,0
DA:345,0
DA:349,0
DA:355,0
DA:359,0
DA:365,0
DA:369,0
DA:375,0
DA:376,0
DA:379,0
DA:384,0
DA:385,0
DA:396,0
DA:397,0
DA:398,0
DA:407,0
DA:412,0
DA:414,0
DA:418,0
DA:419,0
DA:432,0
DA:438,0
DA:439,0
DA:441,0
DA:452,0
DA:453,0
DA:461,0
DA:462,0
DA:472,0
DA:473,0
DA:474,0
LF:93
LH:3
end_of_record
SF:lib\core\utils\logger.dart
DA:81,1
DA:82,1
DA:83,1
DA:106,2
DA:107,2
DA:108,2
DA:131,1
DA:132,1
DA:133,1
DA:157,2
DA:158,2
DA:159,2
DA:189,2
DA:190,4
DA:191,2
DA:192,2
DA:197,2
DA:216,0
DA:217,0
DA:236,0
DA:237,0
DA:256,0
DA:257,0
LF:23
LH:17
end_of_record
SF:lib\core\constants\app_strings.dart
DA:6,0
DA:53,0
DA:56,0
DA:57,0
DA:58,0
DA:59,0
DA:85,0
DA:86,0
DA:87,0
DA:88,0
DA:91,0
DA:92,0
DA:93,0
DA:94,0
DA:97,0
DA:198,0
DA:199,0
DA:200,0
DA:202,0
DA:203,0
DA:204,0
DA:205,0
DA:207,0
DA:213,0
DA:214,0
DA:218,0
DA:219,0
DA:223,0
DA:224,0
LF:29
LH:0
end_of_record
SF:lib\core\di\interfaces\di_module.dart
DA:74,0
DA:84,0
DA:91,0
DA:93,0
DA:94,0
DA:101,0
DA:103,0
DA:106,0
DA:117,0
DA:118,0
DA:119,0
LF:11
LH:0
end_of_record
SF:lib\core\bootstrap\stages\bootstrap_stage.dart
DA:67,0
DA:73,0
DA:83,12
DA:90,0
DA:92,0
DA:93,0
DA:100,0
DA:106,0
DA:108,0
DA:118,0
DA:119,0
DA:120,0
DA:124,0
DA:129,0
DA:130,0
DA:133,0
DA:137,0
DA:141,0
DA:146,0
DA:148,0
DA:149,0
DA:152,0
LF:22
LH:1
end_of_record
SF:lib\core\cache\json_cache_helper.dart
DA:13,1
DA:15,1
DA:16,2
DA:17,1
DA:18,1
DA:22,1
DA:23,1
DA:24,0
DA:26,3
DA:29,1
DA:30,2
DA:31,0
DA:35,3
DA:37,2
DA:39,2
DA:43,4
DA:44,3
DA:45,1
DA:47,0
DA:52,0
DA:54,0
DA:55,0
DA:56,0
DA:58,0
DA:61,0
DA:66,0
DA:68,0
DA:69,0
DA:75,0
DA:76,0
DA:79,0
DA:84,0
DA:86,0
DA:87,0
DA:88,0
DA:90,0
DA:93,0
DA:98,0
DA:100,0
DA:101,0
DA:107,0
DA:108,0
DA:109,0
DA:112,0
DA:117,1
DA:119,1
DA:120,1
DA:122,3
DA:125,0
DA:130,0
DA:132,0
DA:133,0
DA:135,0
DA:140,1
DA:142,1
DA:143,3
DA:145,0
DA:146,0
DA:150,0
DA:152,0
DA:153,0
DA:155,0
DA:158,0
DA:163,0
DA:165,0
DA:166,0
DA:167,0
DA:169,0
DA:172,0
DA:175,0
DA:176,0
DA:177,0
DA:179,0
DA:184,0
DA:188,0
DA:190,0
DA:191,0
DA:193,0
DA:195,0
DA:199,0
DA:200,0
DA:202,0
DA:204,0
DA:210,0
DA:211,0
DA:214,0
DA:216,0
DA:218,0
DA:220,0
DA:221,0
DA:224,0
DA:228,0
DA:230,0
DA:236,0
DA:238,0
DA:241,0
DA:242,0
DA:244,0
DA:245,0
DA:250,0
DA:255,0
DA:257,0
DA:258,0
DA:261,0
DA:266,0
DA:271,0
DA:273,0
DA:274,0
DA:275,0
DA:277,0
DA:287,0
DA:293,0
DA:295,0
DA:300,1
DA:301,1
DA:304,0
DA:305,0
DA:308,0
DA:309,0
DA:312,0
DA:313,0
LF:121
LH:25
end_of_record
SF:lib\core\di\interfaces\service_health.dart
DA:39,0
DA:45,0
DA:48,0
DA:53,0
DA:62,0
DA:67,0
DA:75,0
DA:77,0
DA:78,0
DA:79,0
DA:80,0
DA:89,0
DA:92,0
DA:95,0
DA:98,0
DA:101,0
DA:104,0
DA:105,0
DA:108,0
DA:109,0
DA:110,0
DA:111,0
DA:112,0
DA:113,0
DA:116,0
DA:118,0
DA:119,0
DA:129,0
DA:133,0
DA:136,0
DA:137,0
DA:138,0
DA:140,0
DA:143,0
DA:144,0
DA:149,0
DA:151,0
DA:155,0
DA:159,0
DA:160,0
DA:162,0
DA:163,0
DA:171,0
DA:174,0
DA:175,0
DA:177,0
DA:178,0
DA:184,0
DA:190,0
DA:191,0
DA:193,0
DA:195,0
LF:52
LH:0
end_of_record
SF:lib\core\exceptions\permission_exceptions.dart
DA:141,0
DA:148,0
DA:150,0
DA:151,0
DA:152,0
DA:153,0
DA:154,0
DA:156,0
DA:166,1
DA:172,1
DA:174,1
DA:175,2
DA:176,3
DA:177,3
DA:179,1
DA:188,1
DA:190,1
DA:192,5
DA:201,0
DA:203,0
DA:205,0
DA:215,0
DA:217,0
DA:219,0
DA:220,0
DA:221,0
DA:222,0
DA:224,0
LF:28
LH:10
end_of_record
SF:lib\core\types\app_timestamp.dart
DA:163,0
DA:166,0
DA:167,0
DA:170,0
DA:171,0
DA:174,0
DA:175,0
DA:178,0
DA:179,0
DA:182,0
DA:183,0
DA:186,0
DA:189,0
DA:192,0
DA:195,0
DA:198,0
DA:199,0
DA:200,0
DA:201,0
DA:202,0
DA:203,0
DA:206,0
DA:207,0
DA:208,0
DA:211,0
DA:212,0
DA:214,0
DA:215,0
DA:217,0
DA:218,0
DA:221,0
DA:224,0
DA:227,0
DA:228,0
DA:230,0
DA:231,0
DA:234,0
DA:235,0
DA:239,0
DA:240,0
LF:40
LH:0
end_of_record
SF:lib\core\utils\error_handler.dart
DA:117,0
DA:120,0
DA:159,0
DA:167,0
DA:176,0
DA:180,0
DA:187,0
DA:189,0
DA:197,0
DA:207,0
DA:213,0
DA:214,0
DA:221,0
DA:222,0
DA:223,0
DA:227,0
DA:236,0
DA:237,0
DA:238,0
DA:240,0
DA:244,0
DA:246,0
DA:247,0
DA:248,0
DA:252,0
DA:253,0
DA:254,0
DA:255,0
DA:259,0
DA:260,0
DA:261,0
DA:265,0
DA:266,0
DA:267,0
DA:271,0
DA:272,0
DA:273,0
DA:280,0
DA:282,0
DA:284,0
DA:286,0
DA:288,0
DA:290,0
DA:295,0
DA:297,0
DA:298,0
DA:303,0
DA:304,0
DA:309,0
DA:310,0
DA:315,0
DA:316,0
DA:321,0
DA:322,0
DA:330,0
DA:332,0
DA:333,0
DA:334,0
DA:336,0
DA:337,0
DA:342,0
DA:344,0
DA:345,0
DA:346,0
DA:348,0
DA:350,0
DA:358,0
DA:362,0
DA:365,0
DA:367,0
DA:369,0
DA:371,0
DA:373,0
DA:375,0
DA:377,0
DA:379,0
DA:381,0
DA:383,0
DA:386,0
DA:389,0
DA:394,0
DA:396,0
DA:402,0
DA:407,0
DA:409,0
DA:410,0
DA:414,0
DA:415,0
DA:423,0
DA:424,0
DA:426,0
DA:427,0
DA:428,0
DA:429,0
DA:430,0
DA:435,0
DA:437,0
DA:438,0
DA:439,0
DA:441,0
DA:442,0
DA:443,0
DA:444,0
DA:445,0
DA:446,0
DA:447,0
DA:450,0
DA:454,0
DA:456,0
DA:457,0
DA:458,0
DA:459,0
DA:460,0
DA:461,0
DA:462,0
DA:463,0
DA:464,0
DA:465,0
DA:466,0
DA:467,0
DA:469,0
DA:495,0
DA:506,0
DA:507,0
DA:508,0
DA:509,0
DA:510,0
DA:511,0
DA:512,0
DA:513,0
DA:514,0
LF:131
LH:0
end_of_record
SF:lib\core\utils\service_optimizer.dart
DA:183,0
DA:186,0
DA:204,0
DA:210,0
DA:211,0
DA:215,0
DA:216,0
DA:220,0
DA:221,0
DA:224,0
DA:225,0
DA:228,0
DA:229,0
DA:234,0
DA:235,0
DA:237,0
DA:240,0
DA:245,0
DA:256,0
DA:258,0
DA:264,0
DA:266,0
DA:267,0
DA:271,0
DA:272,0
DA:273,0
DA:278,0
DA:282,0
DA:289,0
DA:291,0
DA:292,0
DA:296,0
DA:302,0
DA:305,0
DA:313,0
DA:321,0
DA:322,0
DA:324,0
DA:325,0
DA:327,0
DA:331,0
DA:334,0
DA:338,0
DA:339,0
DA:341,0
DA:342,0
DA:344,0
DA:345,0
DA:347,0
DA:348,0
DA:350,0
DA:351,0
DA:356,0
DA:357,0
DA:362,0
DA:364,0
DA:366,0
DA:368,0
DA:370,0
DA:372,0
DA:380,0
DA:381,0
DA:382,0
DA:384,0
DA:385,0
DA:387,0
DA:389,0
DA:390,0
DA:391,0
DA:392,0
DA:393,0
DA:394,0
DA:395,0
DA:396,0
DA:397,0
DA:402,0
DA:403,0
DA:404,0
DA:406,0
DA:407,0
DA:408,0
DA:409,0
DA:411,0
DA:413,0
DA:415,0
DA:418,0
DA:420,0
DA:421,0
DA:422,0
DA:423,0
DA:428,0
DA:429,0
DA:432,0
DA:433,0
DA:434,0
DA:438,0
DA:439,0
DA:440,0
DA:444,0
DA:445,0
DA:448,0
DA:453,0
DA:454,0
DA:455,0
DA:458,0
DA:459,0
DA:463,0
DA:464,0
DA:465,0
DA:466,0
DA:469,0
DA:470,0
DA:474,0
DA:479,0
DA:480,0
DA:483,0
DA:484,0
DA:486,0
DA:487,0
DA:491,0
DA:492,0
DA:494,0
DA:497,0
DA:500,0
DA:503,0
DA:510,0
DA:511,0
DA:512,0
DA:514,0
DA:517,0
DA:518,0
DA:524,0
DA:526,0
DA:527,0
DA:528,0
DA:529,0
DA:532,0
DA:533,0
DA:534,0
DA:535,0
DA:536,0
DA:537,0
DA:538,0
DA:539,0
DA:542,0
DA:543,0
DA:545,0
DA:546,0
DA:547,0
DA:548,0
DA:552,0
DA:553,0
DA:554,0
DA:555,0
DA:556,0
DA:557,0
DA:560,0
DA:562,0
LF:158
LH:0
end_of_record
SF:lib\core\utils\logging_utils.dart
DA:220,0
DA:226,0
DA:234,0
DA:235,0
DA:237,0
DA:240,0
DA:243,0
DA:244,0
DA:245,0
DA:246,0
DA:247,0
DA:250,0
DA:255,0
DA:256,0
DA:257,0
DA:258,0
DA:259,0
DA:260,0
DA:267,0
DA:275,0
DA:276,0
DA:278,0
DA:281,0
DA:284,0
DA:285,0
DA:286,0
DA:287,0
DA:288,0
DA:291,0
DA:296,0
DA:297,0
DA:298,0
DA:299,0
DA:300,0
DA:301,0
DA:310,0
DA:316,0
DA:317,0
DA:319,0
DA:320,0
DA:321,0
DA:322,0
DA:323,0
DA:329,0
DA:335,0
DA:336,0
DA:339,0
DA:340,0
DA:341,0
DA:342,0
DA:343,0
DA:349,0
DA:355,0
DA:356,0
DA:358,0
DA:359,0
DA:360,0
DA:361,0
DA:362,0
DA:368,0
DA:374,0
DA:375,0
DA:377,0
DA:378,0
DA:379,0
DA:380,0
DA:381,0
DA:389,0
DA:395,0
DA:396,0
DA:398,0
DA:400,0
DA:401,0
DA:403,0
DA:405,0
DA:406,0
DA:408,0
DA:409,0
DA:412,0
DA:417,0
DA:418,0
DA:426,0
DA:432,0
DA:433,0
DA:437,0
DA:443,0
DA:444,0
DA:450,0
DA:457,0
DA:458,0
DA:460,0
DA:461,0
DA:464,0
DA:466,0
DA:467,0
DA:475,0
DA:482,0
DA:483,0
DA:486,0
DA:487,0
DA:488,0
DA:493,0
DA:496,0
DA:501,0
DA:502,0
DA:512,0
DA:513,0
DA:521,0
DA:522,0
DA:526,0
DA:532,0
DA:538,0
DA:543,0
DA:544,0
DA:548,0
DA:554,0
DA:555,0
DA:561,0
DA:568,0
DA:569,0
DA:571,0
DA:577,0
DA:579,0
DA:580,0
DA:582,0
DA:583,0
DA:585,0
DA:586,0
DA:588,0
DA:589,0
DA:599,0
DA:602,0
DA:603,0
DA:607,0
DA:608,0
DA:612,0
DA:613,0
DA:617,0
DA:618,0
DA:622,0
DA:627,0
DA:630,0
DA:636,0
DA:637,0
DA:644,0
DA:647,0
DA:652,0
DA:667,0
DA:668,0
DA:672,0
DA:673,0
DA:677,0
DA:678,0
DA:682,0
DA:683,0
LF:155
LH:0
end_of_record
SF:lib\core\utils\validation_utils.dart
DA:73,0
DA:98,0
DA:121,0
DA:122,0
DA:147,0
DA:172,0
DA:178,0
DA:179,0
DA:181,0
DA:189,0
DA:197,0
DA:199,0
DA:200,0
DA:203,0
DA:205,0
DA:206,0
DA:213,0
DA:214,0
DA:218,0
DA:219,0
DA:229,0
DA:230,0
DA:233,0
DA:237,0
DA:238,0
DA:241,0
DA:245,0
DA:246,0
DA:249,0
DA:253,0
DA:254,0
DA:255,0
DA:258,0
DA:259,0
DA:270,0
DA:274,0
DA:278,0
DA:284,0
DA:285,0
DA:292,0
DA:293,0
DA:294,0
DA:295,0
DA:301,0
DA:302,0
DA:304,0
DA:305,0
DA:307,0
DA:315,0
DA:316,0
DA:322,0
DA:327,0
DA:328,0
DA:330,0
DA:337,0
DA:341,0
DA:344,0
DA:347,0
DA:355,0
DA:358,0
DA:361,0
DA:364,0
DA:367,0
DA:368,0
DA:374,0
DA:377,0
DA:380,0
DA:383,0
LF:68
LH:0
end_of_record
SF:lib\core\validators\form_validators.dart
DA:152,0
DA:157,0
DA:163,0
DA:164,0
DA:165,0
DA:166,0
DA:173,0
DA:174,0
DA:175,0
DA:176,0
DA:183,0
DA:184,0
DA:185,0
DA:186,0
DA:193,0
DA:198,0
DA:199,0
DA:201,0
DA:203,0
DA:206,0
DA:207,0
DA:210,0
DA:211,0
DA:220,0
DA:221,0
DA:222,0
DA:224,0
DA:233,0
DA:234,0
DA:238,0
DA:239,0
DA:243,0
DA:244,0
DA:250,0
DA:251,0
DA:252,0
DA:256,0
DA:259,0
DA:263,0
DA:268,0
DA:273,0
DA:278,0
DA:287,0
DA:288,0
DA:289,0
DA:293,0
DA:298,0
DA:307,0
DA:308,0
DA:309,0
DA:313,0
DA:315,0
DA:319,0
DA:328,0
DA:329,0
DA:330,0
DA:334,0
DA:343,0
DA:346,0
DA:347,0
DA:348,0
DA:358,0
DA:359,0
DA:360,0
DA:363,0
DA:371,0
DA:372,0
DA:373,0
DA:377,0
DA:385,0
DA:386,0
DA:387,0
DA:390,0
DA:398,0
DA:399,0
DA:400,0
DA:408,0
DA:409,0
DA:410,0
DA:413,0
DA:414,0
DA:422,0
DA:423,0
DA:424,0
DA:426,0
DA:427,0
DA:428,0
DA:429,0
DA:432,0
DA:441,0
DA:442,0
DA:443,0
DA:444,0
DA:454,0
DA:455,0
DA:456,0
DA:460,0
DA:464,0
DA:468,0
DA:472,0
DA:481,0
DA:485,0
DA:487,0
DA:494,0
DA:495,0
DA:496,0
DA:499,0
DA:500,0
DA:501,0
DA:506,0
DA:511,0
DA:512,0
DA:513,0
DA:516,0
DA:523,0
DA:524,0
DA:525,0
DA:526,0
DA:531,0
DA:532,0
DA:533,0
DA:534,0
LF:122
LH:0
end_of_record
SF:lib\models\friend_category.dart
DA:78,0
DA:89,0
DA:90,0
DA:93,0
DA:102,0
DA:103,0
DA:108,0
DA:115,0
DA:124,0
DA:125,0
DA:126,0
DA:127,0
DA:128,0
DA:129,0
DA:130,0
DA:131,0
DA:132,0
DA:133,0
DA:134,0
DA:139,0
DA:140,0
DA:142,0
DA:143,0
DA:144,0
DA:149,0
DA:150,0
DA:152,0
DA:153,0
DA:154,0
DA:159,0
DA:165,0
DA:170,0
DA:175,0
DA:176,0
DA:177,0
DA:180,0
DA:183,0
DA:186,0
DA:187,0
DA:190,0
DA:191,0
DA:192,0
DA:194,0
DA:198,0
DA:199,0
DA:201,0
DA:204,0
DA:209,0
DA:210,0
DA:211,0
DA:212,0
DA:213,0
DA:214,0
DA:215,0
DA:216,0
DA:217,0
DA:218,0
DA:219,0
DA:224,0
DA:225,0
DA:227,0
DA:228,0
DA:229,0
DA:230,0
DA:231,0
DA:232,0
DA:233,0
DA:234,0
DA:235,0
DA:240,0
DA:241,0
DA:242,0
DA:243,0
DA:244,0
DA:245,0
DA:246,0
DA:247,0
DA:248,0
DA:249,0
DA:250,0
DA:251,0
DA:255,0
DA:256,0
DA:257,0
DA:258,0
DA:259,0
DA:260,0
DA:261,0
DA:262,0
DA:263,0
DA:264,0
DA:265,0
DA:266,0
DA:270,0
DA:272,0
DA:275,0
DA:278,0
DA:281,0
DA:282,0
DA:285,0
DA:289,0
DA:291,0
DA:293,0
DA:294,0
DA:296,0
DA:297,0
DA:299,0
DA:301,0
DA:302,0
DA:304,0
DA:307,0
DA:309,0
DA:350,0
DA:351,0
DA:352,0
DA:354,0
DA:355,0
DA:356,0
DA:357,0
DA:359,0
DA:371,0
DA:379,0
DA:380,0
DA:381,0
DA:382,0
DA:383,0
DA:385,0
DA:389,0
DA:390,0
DA:391,0
DA:392,0
DA:393,0
DA:394,0
DA:395,0
LF:134
LH:0
end_of_record
SF:lib\models\friend_request.dart
DA:78,0
DA:86,0
DA:89,0
DA:94,0
DA:95,0
DA:99,0
DA:104,0
DA:105,0
DA:106,0
DA:107,0
DA:108,0
DA:109,0
DA:110,0
DA:111,0
DA:112,0
DA:117,0
DA:118,0
DA:120,0
DA:125,0
DA:126,0
DA:128,0
DA:133,0
DA:134,0
DA:136,0
DA:141,0
DA:142,0
DA:143,0
DA:144,0
DA:145,0
DA:148,0
DA:149,0
DA:153,0
DA:154,0
DA:155,0
DA:157,0
DA:159,0
DA:160,0
DA:161,0
DA:162,0
DA:163,0
DA:164,0
DA:166,0
DA:171,0
DA:172,0
DA:173,0
DA:174,0
DA:175,0
DA:176,0
DA:178,0
DA:179,0
DA:184,0
DA:185,0
DA:187,0
DA:188,0
DA:189,0
DA:190,0
DA:191,0
DA:193,0
DA:194,0
DA:195,0
DA:200,0
DA:202,0
DA:203,0
DA:204,0
DA:205,0
DA:206,0
DA:207,0
DA:208,0
DA:209,0
DA:213,0
DA:214,0
DA:215,0
DA:216,0
DA:217,0
DA:218,0
DA:219,0
DA:220,0
DA:222,0
DA:223,0
DA:224,0
DA:229,0
DA:230,0
DA:231,0
DA:232,0
DA:234,0
DA:235,0
DA:237,0
DA:238,0
DA:245,0
DA:249,0
DA:251,0
DA:253,0
DA:254,0
DA:256,0
DA:257,0
DA:259,0
DA:261,0
DA:262,0
DA:264,0
DA:267,0
DA:269,0
DA:273,0
DA:275,0
DA:278,0
DA:281,0
DA:284,0
DA:285,0
LF:107
LH:0
end_of_record
SF:lib\models\group_invitation.dart
DA:158,0
DA:171,0
DA:172,0
DA:188,0
DA:197,0
DA:198,0
DA:218,0
DA:222,0
DA:223,0
DA:224,0
DA:225,0
DA:226,0
DA:227,0
DA:228,0
DA:229,0
DA:230,0
DA:231,0
DA:232,0
DA:233,0
DA:234,0
DA:244,0
DA:245,0
DA:247,0
DA:257,0
DA:258,0
DA:260,0
DA:270,0
DA:271,0
DA:273,0
DA:283,0
DA:288,0
DA:293,0
DA:298,0
DA:304,0
DA:310,0
DA:311,0
DA:312,0
DA:322,0
DA:323,0
DA:324,0
DA:326,0
DA:328,0
DA:329,0
DA:330,0
DA:331,0
DA:332,0
DA:333,0
DA:335,0
DA:345,0
DA:346,0
DA:348,0
DA:349,0
DA:351,0
DA:352,0
DA:353,0
DA:354,0
DA:355,0
DA:356,0
DA:368,0
DA:369,0
DA:370,0
DA:372,0
DA:382,0
DA:383,0
DA:392,0
DA:393,0
DA:394,0
DA:395,0
DA:396,0
DA:398,0
DA:399,0
DA:401,0
DA:412,0
DA:413,0
DA:414,0
DA:415,0
DA:416,0
DA:418,0
DA:420,0
DA:422,0
DA:435,0
DA:436,0
DA:437,0
DA:438,0
DA:439,0
DA:440,0
DA:441,0
DA:442,0
DA:443,0
DA:444,0
DA:446,0
DA:447,0
DA:448,0
DA:461,0
DA:462,0
DA:464,0
DA:465,0
DA:466,0
DA:467,0
DA:468,0
DA:469,0
DA:470,0
DA:471,0
DA:472,0
DA:474,0
DA:475,0
DA:476,0
DA:477,0
DA:487,0
DA:489,0
DA:490,0
DA:491,0
DA:492,0
DA:493,0
DA:494,0
DA:495,0
DA:496,0
DA:497,0
DA:498,0
DA:499,0
DA:500,0
DA:501,0
DA:513,0
DA:514,0
DA:515,0
DA:516,0
DA:517,0
DA:518,0
DA:519,0
DA:520,0
DA:521,0
DA:522,0
DA:523,0
DA:524,0
DA:526,0
DA:527,0
DA:528,0
DA:529,0
DA:543,0
DA:544,0
DA:545,0
DA:546,0
DA:548,0
DA:549,0
DA:551,0
DA:552,0
DA:566,0
DA:570,0
DA:572,0
DA:574,0
DA:575,0
DA:577,0
DA:578,0
DA:580,0
DA:582,0
DA:583,0
DA:585,0
DA:588,0
DA:590,0
DA:600,0
DA:602,0
DA:609,0
DA:612,0
DA:619,0
DA:620,0
LF:165
LH:0
end_of_record
SF:lib\models\messaging\message_type.dart
DA:153,0
DA:155,0
DA:157,0
DA:159,0
DA:161,0
DA:163,0
DA:165,0
DA:167,0
DA:179,0
DA:181,0
DA:183,0
DA:185,0
DA:187,0
DA:189,0
DA:191,0
DA:193,0
DA:212,0
DA:214,0
DA:216,0
DA:218,0
DA:220,0
DA:222,0
DA:234,0
DA:236,0
DA:238,0
DA:240,0
DA:242,0
DA:244,0
LF:28
LH:0
end_of_record
SF:lib\models\permissions\edit_mode.dart
DA:109,0
DA:115,0
DA:121,0
DA:122,0
DA:130,0
DA:132,0
DA:134,0
DA:136,0
DA:138,0
DA:140,0
DA:142,0
LF:11
LH:0
end_of_record
SF:lib\models\realtime\live_editor.dart
DA:115,0
DA:130,0
DA:131,0
DA:132,0
DA:133,0
DA:134,0
DA:135,0
DA:136,0
DA:145,0
DA:146,0
DA:147,0
DA:148,0
DA:149,0
DA:150,0
DA:151,0
DA:162,0
DA:169,0
DA:170,0
DA:171,0
DA:172,0
DA:173,0
DA:174,0
DA:189,0
DA:190,0
DA:191,0
DA:192,0
DA:193,0
DA:202,0
DA:203,0
DA:212,0
DA:213,0
DA:222,0
DA:223,0
DA:234,0
DA:235,0
DA:244,0
DA:247,0
DA:254,0
DA:255,0
DA:261,0
DA:263,0
LF:41
LH:0
end_of_record
SF:lib\models\realtime\realtime_participants.dart
DA:19,0
DA:24,0
DA:25,0
DA:30,0
DA:34,0
DA:35,0
DA:40,0
DA:45,0
DA:46,0
DA:49,0
DA:50,0
DA:55,0
DA:59,0
DA:60,0
DA:65,0
DA:69,0
DA:70,0
DA:71,0
DA:79,0
DA:84,0
DA:87,0
DA:91,0
DA:92,0
DA:94,0
DA:96,0
DA:98,0
DA:106,0
DA:110,0
DA:114,0
DA:118,0
DA:122,0
DA:126,0
DA:130,0
DA:134,0
DA:138,0
DA:144,0
DA:145,0
DA:150,0
DA:151,0
DA:155,0
DA:156,0
DA:160,0
DA:166,0
DA:167,0
DA:168,0
DA:175,0
DA:176,0
DA:177,0
DA:178,0
DA:179,0
DA:180,0
DA:181,0
DA:182,0
DA:183,0
DA:192,0
DA:196,0
DA:197,0
DA:198,0
DA:199,0
DA:203,0
DA:204,0
DA:205,0
DA:206,0
DA:207,0
DA:211,0
DA:212,0
DA:213,0
DA:215,0
DA:216,0
DA:219,0
DA:220,0
DA:222,0
DA:228,0
DA:229,0
DA:232,0
DA:236,0
DA:237,0
DA:244,0
DA:247,0
DA:249,0
DA:250,0
DA:251,0
DA:252,0
DA:260,0
DA:264,0
DA:265,0
DA:272,0
DA:278,0
DA:279,0
DA:281,0
DA:291,0
DA:294,0
DA:296,0
DA:297,0
DA:298,0
DA:299,0
DA:301,0
DA:302,0
DA:303,0
DA:312,0
DA:317,0
DA:320,0
DA:324,0
DA:325,0
DA:326,0
DA:333,0
DA:334,0
DA:335,0
DA:346,0
DA:352,0
DA:353,0
DA:355,0
DA:359,0
DA:363,0
DA:368,0
DA:372,0
DA:377,0
DA:381,0
LF:118
LH:0
end_of_record
SF:lib\models\realtime\realtime_recipe.dart
DA:27,0
DA:40,0
DA:45,0
DA:53,0
DA:59,0
DA:60,0
DA:61,0
DA:62,0
DA:75,0
DA:86,0
DA:87,0
DA:99,0
DA:107,0
DA:112,0
DA:113,0
DA:119,0
DA:127,0
DA:132,0
DA:133,0
DA:139,0
DA:147,0
DA:152,0
DA:153,0
DA:159,0
DA:167,0
DA:172,0
DA:173,0
DA:179,0
DA:187,0
DA:192,0
DA:193,0
DA:199,0
DA:207,0
DA:212,0
DA:213,0
DA:219,0
DA:227,0
DA:232,0
DA:233,0
DA:239,0
DA:247,0
DA:252,0
DA:253,0
DA:259,0
DA:267,0
DA:272,0
DA:273,0
DA:279,0
DA:288,0
DA:289,0
DA:290,0
DA:291,0
DA:292,0
DA:293,0
DA:294,0
DA:295,0
DA:296,0
DA:297,0
DA:298,0
DA:299,0
DA:300,0
DA:301,0
DA:302,0
DA:303,0
DA:308,0
DA:310,0
DA:311,0
DA:316,0
DA:320,0
DA:322,0
DA:323,0
DA:327,0
DA:331,0
DA:333,0
DA:334,0
DA:339,0
DA:343,0
DA:344,0
DA:348,0
DA:349,0
DA:353,0
DA:355,0
DA:360,0
DA:362,0
DA:369,0
DA:383,0
DA:402,0
DA:404,0
DA:405,0
DA:408,0
DA:409,0
DA:410,0
DA:412,0
DA:416,0
DA:418,0
DA:419,0
DA:421,0
DA:422,0
DA:423,0
DA:424,0
DA:425,0
DA:426,0
DA:427,0
DA:428,0
DA:429,0
DA:430,0
DA:431,0
DA:437,0
DA:438,0
DA:439,0
DA:440,0
DA:445,0
DA:455,0
DA:456,0
DA:457,0
DA:458,0
DA:459,0
DA:460,0
DA:461,0
DA:462,0
DA:464,0
DA:465,0
DA:466,0
DA:467,0
DA:468,0
DA:473,0
DA:483,0
DA:484,0
DA:485,0
DA:486,0
DA:487,0
DA:488,0
DA:489,0
DA:490,0
DA:492,0
DA:493,0
DA:494,0
DA:495,0
DA:496,0
DA:503,0
DA:504,0
DA:505,0
DA:507,0
DA:508,0
DA:509,0
DA:510,0
DA:511,0
DA:512,0
DA:513,0
DA:514,0
DA:515,0
DA:516,0
DA:517,0
DA:518,0
DA:519,0
DA:529,0
DA:530,0
DA:532,0
DA:533,0
DA:536,0
DA:537,0
DA:540,0
DA:541,0
DA:543,0
DA:544,0
DA:547,0
DA:551,0
DA:552,0
DA:554,0
DA:555,0
DA:556,0
DA:558,0
DA:559,0
DA:562,0
DA:563,0
DA:566,0
DA:567,0
DA:568,0
LF:178
LH:0
end_of_record
SF:lib\models\realtime\realtime_resource.dart
DA:20,0
DA:22,0
DA:24,0
DA:26,0
DA:29,0
DA:34,0
DA:36,0
DA:38,0
DA:40,0
DA:46,0
DA:48,0
DA:50,0
DA:52,0
DA:57,0
DA:58,0
DA:99,0
DA:112,0
DA:113,0
DA:114,0
DA:119,0
DA:120,0
DA:124,0
DA:127,0
DA:129,0
DA:130,0
DA:131,0
DA:132,0
DA:133,0
DA:134,0
DA:135,0
DA:136,0
DA:137,0
DA:144,0
DA:145,0
DA:149,0
DA:150,0
DA:154,0
DA:155,0
DA:159,0
DA:160,0
DA:162,0
DA:166,0
DA:167,0
DA:168,0
DA:172,0
DA:175,0
DA:180,0
DA:183,0
DA:184,0
DA:185,0
DA:186,0
DA:190,0
DA:191,0
DA:192,0
DA:193,0
DA:197,0
DA:198,0
DA:199,0
DA:200,0
DA:201,0
DA:205,0
DA:206,0
DA:207,0
DA:208,0
DA:209,0
DA:215,0
DA:218,0
DA:219,0
DA:221,0
DA:223,0
DA:224,0
DA:225,0
DA:226,0
DA:227,0
DA:228,0
DA:230,0
DA:235,0
DA:238,0
DA:241,0
DA:242,0
DA:246,0
DA:247,0
DA:248,0
DA:250,0
DA:255,0
DA:256,0
DA:258,0
DA:266,0
DA:267,0
DA:270,0
DA:272,0
DA:274,0
DA:276,0
DA:278,0
DA:280,0
DA:306,0
DA:307,0
DA:308,0
DA:309,0
DA:310,0
DA:311,0
DA:312,0
DA:313,0
DA:315,0
DA:316,0
DA:317,0
DA:318,0
DA:319,0
DA:320,0
DA:321,0
DA:326,0
DA:327,0
DA:328,0
DA:333,0
DA:338,0
DA:339,0
DA:341,0
DA:343,0
DA:344,0
DA:352,0
DA:354,0
DA:355,0
DA:357,0
DA:358,0
DA:360,0
DA:361,0
DA:362,0
DA:363,0
DA:364,0
DA:365,0
DA:366,0
DA:373,0
DA:374,0
DA:375,0
DA:376,0
DA:377,0
DA:378,0
DA:379,0
DA:380,0
DA:381,0
DA:383,0
DA:384,0
DA:385,0
DA:386,0
DA:387,0
DA:388,0
DA:389,0
DA:396,0
DA:401,0
DA:402,0
DA:404,0
DA:406,0
DA:407,0
DA:408,0
DA:409,0
DA:414,0
DA:415,0
DA:416,0
DA:419,0
DA:420,0
DA:422,0
DA:424,0
DA:425,0
DA:426,0
DA:427,0
DA:432,0
DA:436,0
DA:437,0
DA:440,0
DA:441,0
DA:443,0
DA:445,0
DA:446,0
DA:447,0
DA:448,0
DA:453,0
DA:454,0
DA:455,0
DA:458,0
DA:463,0
DA:464,0
DA:466,0
DA:467,0
DA:472,0
DA:473,0
DA:475,0
DA:476,0
DA:481,0
DA:484,0
DA:485,0
DA:490,0
DA:491,0
DA:495,0
DA:496,0
DA:500,0
DA:501,0
DA:505,0
DA:508,0
DA:511,0
DA:513,0
DA:515,0
DA:516,0
DA:517,0
DA:518,0
DA:519,0
DA:523,0
DA:526,0
DA:529,0
DA:530,0
LF:209
LH:0
end_of_record
SF:lib\models\realtime\recipe_operations.dart
DA:20,0
DA:32,0
DA:48,0
DA:54,0
DA:62,0
DA:68,0
DA:69,0
DA:71,0
DA:80,0
DA:86,0
DA:87,0
DA:90,0
DA:91,0
DA:93,0
DA:102,0
DA:109,0
DA:110,0
DA:113,0
DA:114,0
DA:116,0
DA:127,0
DA:133,0
DA:141,0
DA:147,0
DA:148,0
DA:150,0
DA:159,0
DA:165,0
DA:166,0
DA:169,0
DA:170,0
DA:172,0
DA:181,0
DA:188,0
DA:189,0
DA:192,0
DA:193,0
DA:195,0
DA:206,0
DA:212,0
DA:220,0
DA:226,0
DA:227,0
DA:229,0
DA:238,0
DA:244,0
DA:245,0
DA:248,0
DA:249,0
DA:251,0
DA:262,0
DA:263,0
DA:264,0
DA:265,0
DA:269,0
DA:270,0
DA:272,0
DA:273,0
DA:276,0
DA:277,0
DA:280,0
DA:281,0
DA:284,0
DA:285,0
DA:288,0
DA:289,0
DA:292,0
DA:293,0
DA:300,0
DA:301,0
DA:302,0
DA:303,0
DA:304,0
DA:310,0
DA:311,0
DA:312,0
DA:313,0
DA:314,0
DA:315,0
DA:316,0
DA:317,0
DA:322,0
DA:323,0
DA:327,0
DA:328,0
DA:331,0
DA:332,0
DA:335,0
DA:336,0
DA:338,0
LF:90
LH:0
end_of_record
SF:lib\models\realtime\recipe_serialization.dart
DA:23,0
DA:24,0
DA:28,0
DA:29,0
DA:30,0
DA:38,0
DA:53,0
DA:56,0
DA:57,0
DA:60,0
DA:61,0
DA:62,0
DA:64,0
DA:65,0
DA:70,0
DA:74,0
DA:82,0
DA:83,0
DA:84,0
DA:85,0
DA:86,0
DA:87,0
DA:88,0
DA:89,0
DA:90,0
DA:91,0
DA:92,0
DA:93,0
DA:95,0
DA:96,0
DA:97,0
DA:98,0
DA:99,0
DA:100,0
DA:101,0
DA:102,0
DA:103,0
DA:106,0
DA:114,0
DA:118,0
DA:119,0
DA:122,0
DA:124,0
DA:125,0
DA:126,0
DA:127,0
DA:128,0
DA:129,0
DA:130,0
DA:131,0
DA:132,0
DA:133,0
DA:142,0
DA:144,0
DA:149,0
DA:150,0
DA:154,0
DA:155,0
DA:159,0
DA:160,0
DA:165,0
DA:166,0
DA:170,0
DA:171,0
DA:175,0
DA:176,0
DA:184,0
DA:185,0
DA:188,0
DA:189,0
DA:190,0
DA:193,0
DA:194,0
DA:195,0
DA:196,0
DA:199,0
DA:200,0
DA:201,0
DA:204,0
DA:205,0
DA:206,0
DA:209,0
DA:210,0
DA:211,0
DA:212,0
DA:215,0
DA:218,0
DA:219,0
DA:220,0
DA:232,0
DA:235,0
DA:239,0
DA:240,0
DA:243,0
DA:244,0
DA:252,0
DA:253,0
DA:254,0
DA:256,0
DA:260,0
DA:262,0
DA:263,0
DA:264,0
DA:269,0
DA:271,0
DA:272,0
DA:273,0
DA:278,0
DA:280,0
DA:283,0
DA:284,0
DA:285,0
DA:286,0
DA:287,0
DA:288,0
DA:289,0
DA:290,0
DA:295,0
DA:297,0
DA:299,0
DA:300,0
DA:301,0
DA:302,0
DA:303,0
DA:305,0
DA:314,0
DA:315,0
DA:319,0
DA:320,0
DA:321,0
DA:322,0
DA:323,0
DA:324,0
DA:328,0
DA:329,0
DA:331,0
DA:332,0
DA:333,0
LF:138
LH:0
end_of_record
SF:lib\models\recipe\recipe_operations.dart
DA:19,0
DA:25,0
DA:27,0
DA:28,0
DA:36,0
DA:43,0
DA:44,0
DA:46,0
DA:47,0
DA:49,0
DA:57,0
DA:63,0
DA:65,0
DA:66,0
DA:68,0
DA:76,0
DA:83,0
DA:84,0
DA:85,0
DA:87,0
DA:95,0
DA:102,0
DA:103,0
DA:104,0
DA:108,0
DA:109,0
DA:110,0
DA:112,0
DA:122,0
DA:128,0
DA:130,0
DA:131,0
DA:139,0
DA:146,0
DA:147,0
DA:149,0
DA:150,0
DA:152,0
DA:160,0
DA:166,0
DA:168,0
DA:169,0
DA:171,0
DA:179,0
DA:186,0
DA:187,0
DA:188,0
DA:190,0
DA:198,0
DA:205,0
DA:206,0
DA:207,0
DA:211,0
DA:212,0
DA:213,0
DA:215,0
DA:225,0
DA:231,0
DA:233,0
DA:234,0
DA:242,0
DA:248,0
DA:250,0
DA:251,0
DA:253,0
DA:261,0
DA:268,0
DA:269,0
DA:270,0
DA:272,0
DA:282,0
DA:287,0
DA:288,0
DA:295,0
DA:309,0
DA:327,0
DA:328,0
DA:329,0
DA:330,0
DA:331,0
DA:336,0
DA:337,0
DA:339,0
DA:340,0
DA:342,0
DA:343,0
DA:345,0
DA:346,0
DA:348,0
DA:349,0
DA:356,0
DA:357,0
DA:358,0
DA:359,0
DA:366,0
DA:367,0
DA:368,0
DA:369,0
DA:370,0
DA:371,0
DA:372,0
DA:373,0
DA:378,0
DA:382,0
DA:383,0
DA:386,0
DA:387,0
DA:390,0
DA:391,0
DA:392,0
DA:394,0
DA:398,0
DA:402,0
DA:405,0
DA:406,0
DA:407,0
DA:408,0
DA:409,0
DA:411,0
DA:412,0
DA:413,0
LF:121
LH:0
end_of_record
SF:lib\models\recipe\recipe_serialization.dart
DA:20,1
DA:21,1
DA:22,2
DA:23,2
DA:24,1
DA:25,1
DA:26,1
DA:31,0
DA:32,0
DA:33,0
DA:34,0
DA:35,0
DA:36,0
DA:38,0
DA:39,0
DA:41,0
DA:42,0
DA:50,1
DA:51,1
DA:52,2
DA:53,2
DA:54,1
DA:55,1
DA:61,0
DA:62,0
DA:63,0
DA:64,0
DA:65,0
DA:66,0
DA:68,0
DA:69,0
DA:75,0
DA:76,0
DA:82,0
DA:83,0
DA:87,0
DA:88,0
DA:92,0
DA:93,0
DA:97,0
DA:98,0
DA:104,0
DA:105,0
DA:109,0
DA:110,0
DA:114,0
DA:115,0
DA:119,0
DA:120,0
DA:126,0
DA:128,0
DA:129,0
DA:132,0
DA:133,0
DA:135,0
DA:136,0
DA:137,0
DA:141,0
DA:142,0
DA:148,0
DA:150,0
DA:156,0
DA:157,0
DA:160,0
DA:161,0
DA:164,0
DA:165,0
DA:172,0
DA:173,0
DA:176,0
DA:177,0
DA:178,0
DA:181,0
DA:182,0
DA:184,0
DA:185,0
DA:186,0
DA:187,0
DA:190,0
DA:191,0
DA:193,0
DA:194,0
DA:195,0
DA:196,0
DA:199,0
DA:200,0
DA:202,0
DA:203,0
DA:204,0
DA:205,0
DA:209,0
DA:210,0
DA:211,0
DA:212,0
DA:213,0
DA:214,0
DA:215,0
DA:224,0
DA:225,0
DA:226,0
DA:227,0
DA:228,0
DA:229,0
DA:230,0
DA:231,0
DA:232,0
DA:233,0
DA:234,0
DA:235,0
DA:236,0
DA:237,0
DA:243,0
DA:248,0
DA:249,0
DA:250,0
DA:251,0
DA:252,0
DA:253,0
DA:254,0
DA:255,0
DA:256,0
DA:257,0
DA:258,0
DA:259,0
DA:260,0
DA:261,0
DA:262,0
DA:263,0
DA:264,0
DA:265,0
DA:266,0
DA:276,0
DA:277,0
DA:280,0
DA:281,0
DA:282,0
DA:283,0
DA:284,0
DA:285,0
DA:288,0
DA:289,0
DA:290,0
DA:291,0
DA:292,0
DA:294,0
DA:295,0
DA:301,0
DA:302,0
DA:303,0
DA:304,0
DA:305,0
DA:306,0
DA:307,0
DA:308,0
DA:309,0
DA:310,0
DA:311,0
DA:312,0
DA:313,0
DA:314,0
DA:315,0
DA:316,0
DA:317,0
DA:318,0
DA:319,0
DA:320,0
DA:322,0
LF:167
LH:13
end_of_record
SF:lib\models\recipe_change.dart
DA:98,0
DA:109,0
DA:115,0
DA:121,0
DA:127,0
DA:135,0
DA:136,0
DA:137,0
DA:139,0
DA:141,0
DA:152,0
DA:154,0
DA:161,0
DA:164,0
DA:165,0
DA:166,0
DA:173,0
DA:174,0
LF:18
LH:0
end_of_record
SF:lib\models\recipe_comment.dart
DA:144,0
DA:157,0
DA:172,0
DA:180,0
DA:181,0
DA:187,0
DA:206,0
DA:213,0
DA:214,0
DA:215,0
DA:216,0
DA:217,0
DA:218,0
DA:219,0
DA:220,0
DA:221,0
DA:222,0
DA:223,0
DA:224,0
DA:225,0
DA:237,0
DA:238,0
DA:240,0
DA:251,0
DA:252,0
DA:254,0
DA:255,0
DA:267,0
DA:268,0
DA:277,0
DA:278,0
DA:287,0
DA:293,0
DA:299,0
DA:305,0
DA:315,0
DA:325,0
DA:333,0
DA:334,0
DA:335,0
DA:337,0
DA:339,0
DA:340,0
DA:341,0
DA:342,0
DA:343,0
DA:344,0
DA:346,0
DA:358,0
DA:359,0
DA:360,0
DA:361,0
DA:362,0
DA:363,0
DA:364,0
DA:365,0
DA:366,0
DA:367,0
DA:368,0
DA:369,0
DA:370,0
DA:383,0
DA:384,0
DA:386,0
DA:387,0
DA:388,0
DA:389,0
DA:390,0
DA:391,0
DA:392,0
DA:393,0
DA:394,0
DA:395,0
DA:396,0
DA:397,0
DA:399,0
DA:400,0
DA:401,0
DA:402,0
DA:412,0
DA:413,0
DA:414,0
DA:415,0
DA:416,0
DA:417,0
DA:418,0
DA:419,0
DA:420,0
DA:421,0
DA:422,0
DA:423,0
DA:424,0
DA:425,0
DA:437,0
DA:438,0
DA:439,0
DA:440,0
DA:441,0
DA:442,0
DA:443,0
DA:444,0
DA:445,0
DA:447,0
DA:448,0
DA:450,0
DA:451,0
DA:452,0
DA:453,0
DA:463,0
DA:465,0
DA:472,0
DA:475,0
DA:482,0
DA:483,0
LF:114
LH:0
end_of_record
SF:lib\models\shared_content.dart
DA:46,0
DA:59,0
DA:60,0
DA:61,0
DA:65,0
DA:66,0
DA:67,0
DA:68,0
DA:69,0
DA:70,0
DA:71,0
DA:72,0
DA:73,0
DA:74,0
DA:75,0
DA:76,0
DA:77,0
DA:78,0
DA:79,0
DA:84,0
DA:85,0
DA:86,0
DA:87,0
DA:88,0
DA:89,0
DA:90,0
DA:91,0
DA:92,0
DA:93,0
DA:94,0
DA:95,0
DA:96,0
DA:102,0
DA:103,0
DA:105,0
DA:106,0
DA:107,0
DA:108,0
DA:115,0
DA:116,0
DA:120,0
DA:134,0
DA:135,0
DA:136,0
DA:137,0
DA:138,0
DA:139,0
DA:140,0
DA:141,0
DA:142,0
DA:143,0
DA:144,0
DA:145,0
DA:146,0
DA:152,0
DA:155,0
DA:158,0
DA:161,0
DA:164,0
DA:165,0
DA:166,0
DA:170,0
DA:173,0
DA:176,0
DA:197,0
DA:206,0
DA:207,0
DA:208,0
DA:209,0
DA:210,0
DA:211,0
DA:212,0
DA:213,0
DA:219,0
DA:220,0
DA:221,0
DA:222,0
DA:223,0
DA:224,0
DA:225,0
DA:231,0
DA:232,0
DA:233,0
DA:237,0
DA:240,0
DA:247,0
DA:248,0
DA:249,0
DA:250,0
DA:251,0
DA:252,0
DA:258,0
DA:259,0
DA:269,0
DA:270,0
DA:280,0
DA:281,0
LF:97
LH:0
end_of_record
SF:lib\repositories\collaborative_recipe_repository.dart
DA:68,0
DA:69,0
DA:71,0
DA:72,0
DA:73,0
DA:74,0
DA:75,0
DA:78,0
DA:79,0
DA:80,0
DA:81,0
DA:82,0
DA:85,0
DA:86,0
DA:89,0
DA:90,0
DA:91,0
DA:92,0
DA:93,0
DA:94,0
DA:95,0
DA:98,0
DA:99,0
DA:102,0
DA:107,0
DA:108,0
DA:109,0
DA:110,0
DA:111,0
DA:112,0
DA:115,0
DA:120,0
DA:121,0
DA:122,0
DA:123,0
DA:124,0
DA:125,0
DA:128,0
DA:129,0
DA:133,0
DA:134,0
DA:135,0
DA:136,0
DA:137,0
DA:138,0
DA:139,0
DA:140,0
DA:146,0
DA:147,0
DA:148,0
DA:149,0
DA:150,0
DA:151,0
DA:152,0
DA:153,0
DA:154,0
DA:155,0
DA:156,0
DA:160,0
DA:161,0
DA:162,0
DA:163,0
DA:164,0
DA:165,0
DA:166,0
DA:169,0
DA:171,0
DA:175,0
DA:176,0
DA:177,0
DA:178,0
DA:179,0
DA:180,0
DA:181,0
DA:182,0
DA:187,0
DA:188,0
DA:189,0
DA:190,0
DA:191,0
DA:192,0
DA:193,0
DA:197,0
DA:198,0
DA:199,0
DA:200,0
DA:201,0
DA:202,0
DA:203,0
DA:207,0
DA:208,0
DA:209,0
DA:210,0
DA:211,0
DA:212,0
DA:213,0
DA:215,0
DA:216,0
DA:217,0
DA:218,0
DA:219,0
DA:221,0
DA:222,0
DA:223,0
DA:225,0
DA:228,0
DA:232,0
DA:233,0
DA:234,0
DA:235,0
DA:236,0
DA:237,0
DA:238,0
DA:240,0
DA:242,0
DA:243,0
DA:244,0
DA:249,0
DA:250,0
DA:254,0
DA:255,0
DA:258,0
DA:259,0
DA:260,0
DA:261,0
DA:262,0
DA:265,0
DA:267,0
DA:268,0
DA:269,0
DA:272,0
DA:273,0
DA:277,0
LF:133
LH:0
end_of_record
SF:lib\repositories\mixins\permission_validation_mixin.dart
DA:118,0
DA:125,0
DA:132,0
DA:133,0
DA:134,0
DA:136,0
DA:137,0
DA:185,0
DA:196,0
DA:206,0
DA:253,0
DA:261,0
DA:269,0
DA:274,0
DA:278,0
DA:279,0
DA:281,0
DA:282,0
DA:290,1
DA:296,0
DA:302,1
DA:303,0
DA:304,0
DA:312,1
DA:317,4
DA:319,1
DA:320,1
DA:321,1
DA:322,2
DA:328,0
DA:333,0
DA:334,0
DA:335,0
DA:338,0
DA:339,0
DA:340,0
DA:341,0
DA:342,0
DA:347,0
DA:348,0
DA:349,0
DA:350,0
DA:351,0
DA:357,0
DA:358,0
DA:359,0
DA:360,0
DA:361,0
DA:367,0
DA:368,0
DA:369,0
DA:370,0
DA:378,0
DA:384,0
DA:391,0
DA:393,0
DA:394,0
DA:395,0
DA:397,0
DA:405,0
DA:412,0
DA:416,0
DA:418,0
DA:430,0
LF:64
LH:8
end_of_record
SF:lib\repositories\firebase\dtos\conversation_dto.dart
DA:70,0
DA:71,0
DA:73,0
DA:74,0
DA:75,0
DA:76,0
DA:77,0
DA:78,0
DA:79,0
DA:81,0
DA:82,0
DA:83,0
DA:84,0
DA:85,0
DA:86,0
DA:87,0
DA:88,0
DA:107,0
DA:108,0
DA:109,0
DA:110,0
DA:111,0
DA:112,0
DA:113,0
DA:115,0
DA:116,0
DA:118,0
DA:119,0
DA:120,0
DA:121,0
DA:122,0
LF:31
LH:0
end_of_record
SF:lib\repositories\firebase\dtos\message_dto.dart
DA:66,0
DA:67,0
DA:68,0
DA:88,0
DA:89,0
DA:90,0
DA:91,0
DA:92,0
DA:93,0
DA:94,0
DA:95,0
DA:96,0
DA:97,0
DA:98,0
DA:100,0
DA:101,0
DA:102,0
DA:104,0
DA:105,0
DA:106,0
DA:108,0
DA:109,0
DA:111,0
DA:112,0
DA:113,0
DA:114,0
DA:115,0
DA:121,0
DA:122,0
DA:123,0
DA:124,0
DA:125,0
DA:126,0
DA:127,0
DA:128,0
DA:129,0
DA:130,0
DA:131,0
DA:132,0
DA:133,0
DA:134,0
DA:135,0
DA:136,0
DA:137,0
DA:138,0
DA:143,0
DA:144,0
DA:145,0
DA:146,0
DA:147,0
DA:148,0
DA:149,0
DA:150,0
DA:151,0
DA:152,0
DA:153,0
DA:154,0
DA:155,0
DA:156,0
DA:157,0
DA:158,0
DA:159,0
LF:62
LH:0
end_of_record
SF:lib\repositories\firebase\friends\friend_request_repository.dart
DA:80,0
DA:83,0
DA:84,0
DA:87,0
DA:88,0
DA:92,0
DA:95,0
DA:97,0
DA:99,0
DA:100,0
DA:102,0
DA:103,0
DA:108,0
DA:110,0
DA:111,0
DA:113,0
DA:118,0
DA:119,0
DA:120,0
DA:125,0
DA:126,0
DA:128,0
DA:132,0
DA:134,0
DA:139,0
DA:144,0
DA:146,0
DA:149,0
DA:150,0
DA:155,0
DA:158,0
DA:163,0
DA:171,0
[...]
DA:330,0
DA:333,0
DA:334,0
DA:336,0
DA:338,0
DA:344,0
DA:345,0
DA:346,0
DA:347,0
DA:349,0
DA:354,0
DA:355,0
DA:357,0
DA:363,0
DA:365,0
DA:366,0
DA:368,0
DA:369,0
DA:371,0
DA:376,0
DA:377,0
DA:379,0
DA:393,0
DA:398,0
DA:399,0
DA:400,0
DA:402,0
DA:406,0
DA:420,0
DA:427,0
DA:428,0
DA:430,0
DA:431,0
DA:433,0
DA:438,0
DA:443,0
DA:445,0
DA:447,0
DA:458,0
LF:110
LH:0
end_of_record
SF:lib\widgets\common\social_components\social_invitation_components.dart
DA:28,0
DA:38,0
DA:51,0
DA:61,0
DA:74,0
DA:83,0
DA:95,0
DA:104,0
DA:116,0
DA:124,0
DA:137,0
DA:147,0
DA:160,0
DA:171,0
DA:187,0
DA:199,0
DA:214,0
DA:224,0
DA:237,0
DA:244,0
DA:254,0
DA:262,0
DA:273,0
DA:281,0
DA:294,0
DA:306,0
DA:323,0
DA:336,0
DA:352,0
DA:360,0
DA:371,0
DA:381,0
DA:394,0
DA:402,0
DA:415,0
DA:418,0
DA:422,0
DA:425,0
DA:429,0
DA:436,0
DA:446,0
DA:454,0
DA:465,0
DA:474,0
DA:486,0
DA:495,0
DA:511,0
DA:520,0
DA:534,0
DA:543,0
LF:50
LH:0
end_of_record
SF:lib\widgets\common\social_components\social_builder_components.dart
DA:23,0
DA:34,0
DA:48,0
DA:57,0
DA:68,0
DA:74,0
DA:85,0
DA:91,0
DA:101,0
DA:107,0
DA:118,0
DA:124,0
DA:136,0
DA:144,0
DA:145,0
DA:150,0
DA:156,0
DA:162,0
DA:169,0
DA:177,0
DA:185,0
DA:186,0
DA:191,0
DA:197,0
DA:204,0
DA:205,0
DA:206,0
DA:211,0
DA:213,0
DA:214,0
DA:223,0
DA:231,0
DA:232,0
DA:237,0
DA:243,0
DA:249,0
DA:256,0
DA:266,0
DA:267,0
DA:271,0
DA:272,0
DA:276,0
DA:277,0
DA:281,0
DA:282,0
DA:286,0
DA:288,0
DA:291,0
DA:296,0
DA:304,0
DA:313,0
DA:318,0
DA:319,0
DA:320,0
DA:321,0
DA:324,0
DA:325,0
DA:327,0
DA:328,0
DA:336,0
DA:347,0
DA:349,0
DA:350,0
DA:360,0
DA:370,0
DA:375,0
DA:379,0
DA:380,0
DA:383,0
DA:384,0
DA:387,0
DA:390,0
DA:403,0
DA:409,0
DA:411,0
DA:422,0
DA:427,0
DA:429,0
DA:432,0
DA:439,0
DA:444,0
DA:447,0
DA:449,0
DA:451,0
DA:453,0
DA:467,0
DA:468,0
DA:469,0
DA:471,0
DA:473,0
DA:474,0
DA:475,0
DA:476,0
DA:477,0
DA:478,0
DA:480,0
DA:485,0
DA:486,0
DA:487,0
DA:488,0
DA:489,0
DA:491,0
DA:496,0
DA:497,0
DA:499,0
DA:503,0
DA:511,0
DA:518,0
DA:519,0
DA:520,0
DA:522,0
LF:111
LH:0
end_of_record
SF:lib\widgets\common\social_components\invitation_actions.dart
DA:23,0
DA:35,0
DA:36,0
DA:37,0
DA:38,0
DA:45,0
DA:57,0
DA:59,0
DA:60,0
DA:61,0
DA:62,0
DA:65,0
DA:66,0
DA:67,0
DA:68,0
DA:73,0
DA:78,0
DA:83,0
DA:88,0
DA:89,0
DA:100,0
DA:111,0
DA:114,0
DA:115,0
DA:125,0
DA:126,0
DA:136,0
DA:137,0
DA:147,0
DA:148,0
DA:150,0
DA:152,0
DA:155,0
DA:164,0
DA:177,0
DA:181,0
DA:183,0
DA:184,0
DA:185,0
DA:186,0
DA:191,0
DA:194,0
DA:195,0
DA:198,0
DA:201,0
DA:204,0
DA:207,0
DA:217,0
DA:228,0
DA:229,0
DA:230,0
DA:233,0
DA:234,0
DA:241,0
DA:243,0
DA:245,0
DA:246,0
DA:247,0
DA:248,0
DA:250,0
DA:251,0
DA:256,0
DA:257,0
DA:260,0
DA:261,0
DA:270,0
DA:271,0
DA:272,0
DA:273,0
DA:275,0
DA:276,0
DA:277,0
DA:278,0
DA:281,0
DA:283,0
DA:294,0
DA:305,0
DA:306,0
DA:308,0
DA:309,0
DA:311,0
DA:312,0
DA:314,0
DA:315,0
DA:317,0
DA:318,0
DA:322,0
DA:324,0
DA:333,0
DA:342,0
DA:351,0
DA:366,0
DA:377,0
DA:378,0
DA:379,0
DA:383,0
DA:385,0
DA:388,0
DA:395,0
DA:399,0
DA:401,0
DA:404,0
DA:411,0
DA:412,0
DA:413,0
DA:414,0
DA:415,0
LF:107
LH:0
end_of_record
SF:lib\widgets\common\social_components\invitation_lists.dart
DA:23,0
DA:33,0
DA:42,0
DA:53,0
DA:62,0
DA:71,0
DA:74,0
DA:75,0
DA:76,0
DA:77,0
DA:78,0
DA:79,0
DA:80,0
DA:89,0
DA:97,0
DA:106,0
DA:107,0
DA:108,0
DA:111,0
DA:114,0
DA:115,0
DA:116,0
DA:118,0
DA:120,0
DA:121,0
DA:123,0
DA:124,0
DA:131,0
DA:132,0
DA:133,0
DA:134,0
DA:136,0
DA:139,0
DA:146,0
DA:154,0
DA:157,0
DA:159,0
DA:160,0
DA:161,0
DA:162,0
DA:163,0
DA:164,0
DA:173,0
DA:180,0
DA:182,0
DA:185,0
DA:186,0
DA:187,0
DA:188,0
DA:190,0
DA:191,0
DA:192,0
DA:193,0
DA:195,0
DA:197,0
DA:198,0
DA:199,0
DA:204,0
DA:205,0
DA:225,0
DA:234,0
DA:236,0
DA:241,0
DA:242,0
DA:243,0
DA:244,0
DA:245,0
DA:246,0
DA:247,0
DA:249,0
DA:251,0
DA:252,0
DA:253,0
DA:259,0
DA:260,0
DA:267,0
DA:268,0
LF:77
LH:0
end_of_record
SF:lib\widgets\common\social_components\invitation_states.dart
DA:20,0
DA:23,0
DA:24,0
DA:26,0
DA:28,0
DA:30,0
DA:38,0
DA:41,0
DA:42,0
DA:52,0
DA:56,0
DA:58,0
DA:59,0
DA:64,0
DA:66,0
DA:75,0
DA:82,0
DA:83,0
DA:85,0
DA:86,0
DA:89,0
DA:91,0
DA:92,0
DA:94,0
DA:96,0
DA:105,0
DA:111,0
DA:121,0
DA:127,0
DA:128,0
DA:130,0
DA:134,0
DA:136,0
DA:137,0
DA:139,0
DA:141,0
DA:152,0
DA:160,0
DA:161,0
DA:163,0
DA:164,0
DA:167,0
DA:169,0
DA:170,0
DA:172,0
DA:174,0
DA:183,0
DA:192,0
DA:193,0
DA:195,0
DA:196,0
DA:199,0
DA:201,0
DA:203,0
DA:204,0
DA:206,0
DA:208,0
DA:217,0
DA:222,0
DA:223,0
DA:225,0
DA:226,0
DA:229,0
DA:231,0
DA:240,0
DA:249,0
DA:250,0
DA:252,0
DA:253,0
DA:256,0
DA:258,0
DA:259,0
DA:262,0
DA:264,0
DA:266,0
DA:275,0
DA:284,0
DA:285,0
DA:287,0
DA:288,0
DA:291,0
DA:293,0
DA:294,0
DA:297,0
DA:299,0
DA:301,0
DA:312,0
DA:318,0
DA:319,0
DA:321,0
DA:322,0
DA:325,0
DA:332,0
DA:334,0
DA:336,0
DA:343,0
DA:349,0
DA:351,0
DA:352,0
DA:354,0
DA:355,0
DA:360,0
DA:361,0
DA:364,0
DA:366,0
DA:367,0
LF:106
LH:0
end_of_record
SF:lib\widgets\image\avatar_image_widget.dart
DA:26,0
DA:38,0
DA:51,0
DA:57,0
DA:69,0
DA:82,0
DA:88,0
DA:99,0
DA:101,0
DA:102,0
DA:104,0
DA:106,0
DA:108,0
DA:109,0
DA:110,0
DA:111,0
DA:113,0
DA:114,0
DA:115,0
DA:116,0
DA:117,0
DA:121,0
DA:122,0
DA:123,0
DA:128,0
DA:129,0
DA:130,0
DA:131,0
DA:136,0
DA:139,0
DA:141,0
DA:144,0
DA:160,0
DA:161,0
DA:162,0
DA:171,0
DA:172,0
DA:173,0
DA:174,0
DA:176,0
DA:177,0
DA:178,0
DA:179,0
DA:182,0
DA:187,0
DA:188,0
DA:189,0
DA:191,0
DA:192,0
DA:193,0
DA:194,0
DA:196,0
DA:197,0
DA:198,0
DA:205,0
DA:206,0
DA:208,0
DA:211,0
DA:219,0
DA:220,0
DA:221,0
DA:222,0
DA:223,0
DA:225,0
DA:227,0
DA:228,0
DA:235,0
DA:236,0
DA:237,0
DA:238,0
DA:239,0
DA:244,0
DA:245,0
DA:248,0
DA:249,0
DA:252,0
DA:253,0
DA:256,0
DA:257,0
DA:260,0
DA:275,0
DA:286,0
DA:287,0
DA:293,0
DA:295,0
DA:297,0
DA:299,0
DA:300,0
DA:301,0
DA:302,0
DA:303,0
DA:304,0
DA:305,0
DA:309,0
DA:310,0
DA:311,0
DA:312,0
DA:314,0
DA:332,0
DA:333,0
DA:334,0
DA:335,0
DA:338,0
DA:339,0
DA:340,0
DA:342,0
DA:345,0
DA:363,0
DA:364,0
DA:365,0
DA:369,0
DA:370,0
DA:372,0
DA:373,0
DA:374,0
LF:115
LH:0
end_of_record
SF:lib\widgets\image\editable_image_widget.dart
DA:24,0
DA:36,0
DA:49,0
DA:52,0
DA:66,0
DA:67,0
DA:75,0
DA:77,0
DA:78,0
DA:79,0
DA:82,0
DA:84,0
DA:85,0
DA:88,0
DA:91,0
DA:93,0
DA:94,0
DA:95,0
DA:96,0
DA:97,0
DA:98,0
DA:103,0
DA:106,0
DA:107,0
DA:108,0
DA:109,0
DA:110,0
DA:115,0
DA:117,0
DA:118,0
DA:119,0
DA:120,0
DA:121,0
DA:122,0
DA:124,0
DA:125,0
DA:138,0
DA:140,0
DA:141,0
DA:144,0
DA:145,0
DA:148,0
DA:150,0
DA:160,0
DA:162,0
DA:170,0
DA:171,0
DA:172,0
DA:174,0
DA:189,0
DA:190,0
DA:191,0
DA:193,0
DA:194,0
DA:195,0
DA:196,0
DA:197,0
DA:198,0
DA:199,0
DA:200,0
DA:206,0
DA:207,0
DA:208,0
DA:209,0
DA:210,0
DA:211,0
DA:215,0
DA:216,0
DA:217,0
DA:218,0
DA:219,0
DA:223,0
DA:226,0
DA:227,0
DA:228,0
DA:229,0
DA:230,0
DA:231,0
DA:245,0
DA:246,0
DA:247,0
DA:250,0
DA:251,0
DA:253,0
DA:254,0
DA:255,0
DA:256,0
DA:258,0
DA:260,0
DA:262,0
DA:264,0
DA:265,0
DA:267,0
DA:268,0
DA:275,0
DA:278,0
DA:282,0
DA:284,0
DA:286,0
DA:288,0
DA:295,0
DA:297,0
DA:311,0
DA:312,0
DA:315,0
DA:317,0
DA:319,0
DA:320,0
DA:322,0
DA:326,0
DA:329,0
DA:330,0
DA:331,0
DA:333,0
DA:337,0
DA:340,0
DA:342,0
DA:352,0
DA:360,0
DA:362,0
DA:364,0
DA:365,0
DA:367,0
DA:368,0
DA:370,0
DA:382,0
DA:383,0
DA:384,0
DA:385,0
DA:391,0
DA:392,0
DA:393,0
DA:396,0
DA:404,0
DA:405,0
DA:409,0
DA:410,0
DA:411,0
DA:416,0
DA:417,0
DA:420,0
DA:421,0
DA:423,0
DA:424,0
DA:425,0
DA:427,0
DA:429,0
DA:430,0
DA:432,0
DA:435,0
DA:437,0
DA:438,0
DA:439,0
DA:446,0
DA:447,0
DA:449,0
DA:450,0
DA:453,0
DA:454,0
DA:456,0
DA:459,0
DA:460,0
DA:461,0
DA:462,0
DA:468,0
DA:472,0
DA:473,0
DA:474,0
DA:477,0
DA:478,0
LF:170
LH:0
end_of_record
SF:lib\widgets\image\image_factory.dart
DA:15,0
DA:30,0
DA:44,0
DA:61,0
DA:72,0
DA:86,0
DA:96,0
DA:109,0
DA:122,0
DA:138,0
DA:152,0
DA:169,0
DA:179,0
DA:192,0
DA:203,0
DA:217,0
DA:226,0
DA:238,0
DA:249,0
DA:263,0
DA:273,0
DA:276,0
DA:288,0
DA:298,0
DA:301,0
DA:311,0
DA:319,0
DA:322,0
DA:330,0
DA:337,0
DA:340,0
DA:347,0
DA:360,0
DA:376,0
DA:383,0
DA:391,0
LF:36
LH:0
end_of_record
SF:lib\widgets\image\recipe_image_widget.dart
DA:17,0
DA:26,0
DA:37,0
DA:40,0
DA:52,0
DA:62,0
DA:65,0
DA:77,0
DA:78,0
DA:85,0
DA:87,0
DA:88,0
DA:91,0
DA:93,0
DA:94,0
DA:97,0
DA:99,0
DA:100,0
DA:102,0
DA:103,0
DA:104,0
DA:105,0
DA:106,0
DA:109,0
DA:113,0
DA:114,0
DA:115,0
DA:116,0
DA:117,0
DA:118,0
DA:120,0
DA:124,0
DA:125,0
DA:127,0
DA:128,0
DA:129,0
DA:131,0
DA:132,0
DA:135,0
DA:136,0
DA:137,0
DA:138,0
DA:141,0
DA:142,0
DA:143,0
DA:144,0
DA:145,0
DA:148,0
DA:150,0
DA:160,0
DA:162,0
DA:163,0
DA:164,0
DA:165,0
DA:166,0
DA:167,0
DA:168,0
DA:171,0
DA:172,0
DA:173,0
DA:174,0
DA:175,0
DA:176,0
DA:179,0
DA:180,0
DA:181,0
DA:182,0
DA:183,0
DA:189,0
DA:190,0
DA:192,0
DA:196,0
DA:197,0
DA:198,0
DA:203,0
DA:204,0
DA:205,0
DA:206,0
DA:207,0
DA:209,0
DA:210,0
DA:219,0
DA:220,0
DA:221,0
DA:222,0
DA:223,0
DA:224,0
DA:225,0
DA:229,0
DA:230,0
DA:231,0
DA:232,0
DA:233,0
DA:234,0
DA:236,0
DA:237,0
DA:239,0
DA:240,0
DA:241,0
DA:249,0
DA:250,0
DA:251,0
DA:252,0
DA:253,0
DA:254,0
DA:266,0
DA:267,0
DA:268,0
DA:271,0
DA:286,0
DA:295,0
DA:296,0
DA:303,0
DA:305,0
DA:306,0
DA:307,0
DA:310,0
DA:312,0
DA:313,0
DA:316,0
DA:318,0
DA:320,0
DA:321,0
DA:322,0
DA:323,0
DA:324,0
DA:325,0
DA:326,0
DA:327,0
DA:328,0
DA:329,0
DA:330,0
DA:331,0
DA:332,0
DA:335,0
DA:337,0
DA:338,0
DA:339,0
DA:340,0
DA:341,0
DA:342,0
DA:344,0
DA:346,0
DA:347,0
DA:348,0
DA:350,0
DA:351,0
DA:353,0
DA:354,0
DA:362,0
DA:363,0
DA:364,0
DA:365,0
DA:366,0
DA:367,0
DA:370,0
DA:371,0
DA:372,0
DA:373,0
DA:374,0
DA:381,0
DA:382,0
DA:383,0
DA:386,0
LF:164
LH:0
end_of_record
SF:lib\widgets\image\image_picker_widget.dart
DA:25,0
DA:36,0
DA:46,0
DA:49,0
DA:60,0
DA:61,0
DA:67,0
DA:70,0
DA:71,0
DA:73,0
DA:75,0
DA:77,0
DA:80,0
DA:81,0
DA:82,0
DA:87,0
DA:89,0
DA:90,0
DA:91,0
DA:92,0
DA:101,0
DA:103,0
DA:105,0
DA:107,0
DA:108,0
DA:109,0
DA:110,0
DA:111,0
DA:116,0
DA:118,0
DA:119,0
DA:120,0
DA:121,0
DA:122,0
DA:124,0
DA:125,0
DA:137,0
DA:139,0
DA:140,0
DA:143,0
DA:144,0
DA:146,0
DA:148,0
DA:157,0
DA:158,0
DA:159,0
DA:165,0
DA:166,0
DA:167,0
DA:168,0
DA:169,0
DA:170,0
DA:184,0
DA:187,0
DA:189,0
DA:190,0
DA:192,0
DA:197,0
DA:206,0
DA:207,0
DA:208,0
DA:216,0
DA:219,0
DA:220,0
DA:222,0
DA:223,0
DA:224,0
DA:225,0
DA:226,0
DA:229,0
DA:230,0
DA:231,0
DA:232,0
DA:237,0
DA:243,0
DA:251,0
DA:256,0
DA:268,0
DA:271,0
DA:272,0
DA:273,0
DA:275,0
DA:278,0
DA:293,0
DA:296,0
DA:298,0
DA:299,0
DA:300,0
DA:302,0
DA:303,0
DA:304,0
DA:316,0
DA:317,0
DA:319,0
DA:320,0
DA:324,0
DA:325,0
DA:328,0
DA:329,0
DA:331,0
DA:332,0
DA:335,0
DA:337,0
DA:341,0
DA:342,0
DA:343,0
DA:345,0
DA:347,0
DA:348,0
DA:350,0
DA:353,0
DA:355,0
DA:356,0
DA:357,0
DA:358,0
DA:364,0
DA:365,0
DA:366,0
DA:373,0
DA:374,0
DA:375,0
DA:378,0
DA:379,0
DA:381,0
DA:382,0
DA:384,0
DA:394,0
DA:401,0
DA:405,0
DA:407,0
DA:408,0
DA:409,0
DA:418,0
DA:420,0
DA:421,0
DA:430,0
DA:444,0
DA:453,0
DA:459,0
DA:464,0
DA:465,0
DA:473,0
DA:477,0
DA:479,0
DA:482,0
DA:483,0
DA:484,0
DA:485,0
DA:486,0
DA:492,0
DA:493,0
DA:494,0
DA:495,0
DA:497,0
LF:154
LH:0
end_of_record
SF:lib\widgets\image\image_gallery_widget.dart
DA:24,0
DA:39,0
DA:53,0
DA:56,0
DA:71,0
DA:72,0
DA:79,0
DA:82,0
DA:83,0
DA:85,0
DA:86,0
DA:89,0
DA:90,0
DA:92,0
DA:95,0
DA:98,0
DA:99,0
DA:100,0
DA:101,0
DA:102,0
DA:105,0
DA:106,0
DA:107,0
DA:110,0
DA:111,0
DA:119,0
DA:122,0
DA:125,0
DA:126,0
DA:127,0
DA:128,0
DA:132,0
DA:133,0
DA:135,0
DA:136,0
DA:139,0
DA:142,0
DA:144,0
DA:145,0
DA:149,0
DA:151,0
DA:152,0
DA:162,0
DA:165,0
DA:171,0
DA:172,0
DA:178,0
DA:179,0
DA:180,0
DA:186,0
DA:187,0
DA:188,0
DA:190,0
DA:201,0
DA:204,0
DA:205,0
DA:206,0
DA:207,0
DA:208,0
DA:213,0
DA:215,0
DA:216,0
DA:217,0
DA:218,0
DA:219,0
DA:221,0
DA:228,0
DA:230,0
DA:243,0
DA:245,0
DA:247,0
DA:248,0
DA:250,0
DA:251,0
DA:252,0
DA:253,0
DA:256,0
DA:260,0
DA:261,0
DA:262,0
DA:263,0
DA:264,0
DA:265,0
DA:267,0
DA:269,0
DA:271,0
DA:273,0
DA:274,0
DA:276,0
DA:277,0
DA:283,0
DA:284,0
DA:293,0
DA:294,0
DA:297,0
DA:299,0
DA:303,0
DA:304,0
DA:305,0
DA:308,0
DA:313,0
DA:322,0
DA:323,0
DA:324,0
DA:327,0
DA:328,0
DA:330,0
DA:335,0
DA:336,0
DA:337,0
DA:340,0
DA:341,0
DA:344,0
DA:349,0
DA:350,0
DA:351,0
DA:352,0
DA:353,0
DA:358,0
DA:359,0
DA:360,0
DA:361,0
DA:366,0
DA:367,0
DA:368,0
DA:369,0
DA:371,0
DA:375,0
DA:376,0
DA:392,0
DA:403,0
DA:407,0
DA:408,0
DA:411,0
DA:412,0
DA:413,0
DA:414,0
DA:418,0
DA:419,0
DA:421,0
DA:422,0
DA:425,0
DA:428,0
DA:430,0
DA:431,0
DA:440,0
DA:443,0
DA:444,0
DA:445,0
DA:446,0
DA:447,0
DA:449,0
DA:450,0
DA:451,0
DA:453,0
DA:454,0
DA:455,0
DA:456,0
DA:458,0
DA:460,0
DA:461,0
DA:462,0
DA:464,0
DA:466,0
DA:467,0
DA:468,0
DA:470,0
DA:472,0
DA:473,0
DA:475,0
DA:476,0
DA:486,0
LF:172
LH:0
end_of_record
SF:lib\widgets\permissions\edit_mode_ui_helper.dart
DA:12,0
DA:14,0
DA:15,0
DA:17,0
DA:19,0
DA:20,0
DA:22,0
DA:28,0
DA:30,0
DA:31,0
DA:33,0
DA:35,0
DA:36,0
DA:38,0
DA:44,0
DA:45,0
DA:46,0
DA:47,0
DA:52,0
DA:53,0
DA:54,0
DA:55,0
DA:56,0
LF:23
LH:0
end_of_record
SF:lib\widgets\social\collaborative\components\collaborative_status_widgets.dart
DA:15,0
DA:23,0
DA:29,0
DA:30,0
DA:31,0
DA:32,0
DA:33,0
DA:36,0
DA:38,0
DA:39,0
DA:45,0
DA:47,0
DA:58,0
DA:69,0
DA:71,0
DA:74,0
DA:76,0
DA:77,0
DA:78,0
DA:82,0
DA:84,0
DA:85,0
DA:86,0
DA:93,0
DA:94,0
DA:96,0
DA:97,0
DA:99,0
DA:104,0
DA:106,0
DA:115,0
DA:124,0
DA:127,0
DA:139,0
DA:148,0
DA:159,0
DA:168,0
DA:169,0
DA:171,0
DA:172,0
DA:176,0
DA:178,0
DA:184,0
DA:188,0
DA:201,0
DA:207,0
DA:208,0
DA:209,0
DA:211,0
DA:214,0
DA:228,0
DA:237,0
DA:239,0
DA:240,0
DA:242,0
DA:243,0
DA:244,0
DA:245,0
DA:246,0
DA:249,0
DA:250,0
DA:252,0
DA:253,0
DA:255,0
DA:258,0
DA:260,0
DA:261,0
DA:263,0
DA:264,0
DA:265,0
DA:266,0
DA:267,0
DA:268,0
DA:269,0
DA:270,0
DA:271,0
DA:281,0
DA:288,0
LF:78
LH:0
end_of_record
SF:lib\widgets\social\collaborative\components\collaborative_participants_widgets.dart
DA:17,0
DA:24,0
DA:25,0
DA:26,0
DA:27,0
DA:29,0
DA:31,0
DA:33,0
DA:36,0
DA:37,0
DA:38,0
DA:45,0
DA:47,0
DA:54,0
DA:55,0
DA:57,0
DA:65,0
DA:68,0
DA:76,0
DA:83,0
DA:84,0
DA:85,0
DA:86,0
DA:88,0
DA:90,0
DA:92,0
DA:93,0
DA:94,0
DA:95,0
DA:96,0
DA:97,0
DA:102,0
DA:103,0
DA:104,0
DA:107,0
DA:108,0
DA:110,0
DA:115,0
DA:116,0
DA:117,0
DA:118,0
DA:119,0
DA:134,0
DA:141,0
DA:143,0
DA:145,0
DA:148,0
DA:150,0
DA:153,0
DA:155,0
DA:158,0
DA:160,0
DA:164,0
DA:165,0
DA:168,0
DA:169,0
DA:170,0
DA:171,0
DA:172,0
DA:177,0
DA:178,0
DA:183,0
DA:184,0
DA:185,0
DA:186,0
LF:65
LH:0
end_of_record
SF:lib\widgets\social\collaborative\components\collaborative_live_widgets.dart
DA:11,0
DA:22,0
DA:24,0
DA:25,0
DA:26,0
DA:28,0
DA:33,0
DA:34,0
DA:35,0
DA:36,0
DA:37,0
DA:40,0
DA:42,0
DA:43,0
DA:45,0
DA:46,0
DA:47,0
DA:61,0
DA:62,0
DA:65,0
DA:74,0
DA:76,0
DA:77,0
DA:85,0
DA:87,0
DA:88,0
DA:92,0
DA:93,0
DA:95,0
DA:98,0
DA:100,0
DA:101,0
DA:104,0
DA:106,0
DA:107,0
DA:108,0
DA:109,0
DA:112,0
DA:113,0
LF:39
LH:0
end_of_record
SF:lib\widgets\social\collaborative\components\collaborative_permissions_widgets.dart
DA:13,0
DA:18,0
DA:20,0
DA:24,0
DA:25,0
DA:26,0
DA:27,0
DA:28,0
DA:32,0
DA:34,0
DA:35,0
DA:36,0
DA:37,0
DA:38,0
DA:43,0
DA:44,0
DA:45,0
DA:46,0
DA:59,0
DA:63,0
DA:65,0
DA:67,0
LF:22
LH:0
end_of_record
SF:lib\widgets\social\collaborative\components\collaborative_connection_widgets.dart
DA:11,0
DA:20,0
DA:25,0
DA:26,0
DA:27,0
DA:29,0
DA:31,0
DA:32,0
DA:41,0
DA:43,0
DA:54,0
DA:57,0
DA:58,0
DA:59,0
DA:60,0
DA:63,0
DA:64,0
DA:65,0
DA:66,0
DA:69,0
DA:70,0
DA:73,0
DA:74,0
DA:76,0
DA:81,0
DA:83,0
DA:91,0
DA:93,0
DA:95,0
DA:106,0
DA:112,0
DA:115,0
LF:32
LH:0
end_of_record
SF:lib\widgets\social\groups\create_group_dialog.dart
DA:19,0
DA:21,0
DA:22,0
DA:35,0
DA:37,0
DA:38,0
DA:39,0
DA:40,0
DA:45,0
DA:47,0
DA:48,0
DA:49,0
DA:52,0
DA:53,0
DA:55,0
DA:56,0
DA:57,0
DA:58,0
DA:63,0
DA:65,0
DA:66,0
DA:67,0
DA:69,0
DA:70,0
DA:71,0
DA:75,0
DA:76,0
DA:79,0
DA:80,0
DA:81,0
DA:86,0
DA:87,0
DA:88,0
DA:92,0
DA:93,0
DA:94,0
DA:100,0
DA:102,0
DA:103,0
DA:105,0
DA:106,0
DA:107,0
DA:110,0
DA:112,0
DA:115,0
DA:119,0
DA:121,0
DA:123,0
DA:125,0
DA:126,0
DA:127,0
DA:128,0
DA:129,0
DA:130,0
DA:139,0
DA:140,0
DA:148,0
DA:149,0
DA:157,0
DA:159,0
DA:160,0
DA:164,0
DA:166,0
DA:167,0
DA:173,0
DA:175,0
DA:182,0
DA:183,0
DA:185,0
DA:186,0
DA:187,0
LF:71
LH:0
end_of_record
SF:lib\widgets\social\groups\shared\group_dialog_components.dart
DA:27,0
DA:34,0
DA:36,0
DA:38,0
DA:39,0
DA:40,0
DA:44,0
DA:47,0
DA:48,0
DA:49,0
DA:51,0
DA:53,0
DA:55,0
DA:56,0
DA:57,0
DA:58,0
DA:60,0
DA:61,0
DA:62,0
DA:68,0
DA:70,0
DA:72,0
DA:74,0
DA:75,0
DA:80,0
DA:81,0
DA:100,0
DA:105,0
DA:107,0
DA:109,0
DA:110,0
DA:111,0
DA:112,0
DA:114,0
DA:115,0
DA:122,0
DA:123,0
DA:124,0
DA:125,0
DA:140,2
DA:145,0
DA:147,0
DA:149,0
DA:150,0
DA:151,0
DA:152,0
DA:153,0
DA:156,0
DA:157,0
DA:164,0
DA:165,0
DA:166,0
DA:167,0
DA:184,0
DA:191,0
DA:193,0
DA:195,0
DA:196,0
DA:201,0
DA:202,0
DA:203,0
DA:204,0
DA:205,0
DA:208,0
DA:209,0
DA:210,0
DA:211,0
DA:215,0
DA:216,0
DA:236,0
DA:248,0
DA:250,0
DA:252,0
DA:253,0
DA:258,0
DA:260,0
DA:261,0
DA:262,0
DA:263,0
DA:266,0
DA:267,0
DA:268,0
DA:269,0
DA:270,0
DA:271,0
DA:274,0
DA:275,0
DA:278,0
DA:280,0
DA:281,0
DA:284,0
DA:285,0
DA:295,0
DA:296,0
DA:299,0
DA:302,0
LF:96
LH:1
end_of_record
SF:lib\widgets\social\groups\delete_group_dialog.dart
DA:20,0
DA:22,0
DA:24,0
DA:26,0
DA:27,0
DA:31,0
DA:37,0
DA:39,0
DA:42,0
DA:44,0
DA:45,0
DA:46,0
DA:47,0
DA:49,0
DA:53,0
DA:54,0
DA:74,0
DA:81,0
DA:84,0
DA:87,0
DA:90,0
DA:93,0
DA:96,0
DA:97,0
DA:102,0
LF:25
LH:0
end_of_record
SF:lib\widgets\social\groups\edit_group_dialog.dart
DA:22,0
DA:24,0
DA:25,0
DA:37,0
DA:39,0
DA:40,0
DA:41,0
DA:42,0
DA:44,0
DA:47,0
DA:49,0
DA:50,0
DA:51,0
DA:54,0
DA:55,0
DA:57,0
DA:58,0
DA:59,0
DA:60,0
DA:65,0
DA:67,0
DA:68,0
DA:69,0
DA:70,0
DA:72,0
DA:73,0
DA:77,0
DA:78,0
DA:81,0
DA:82,0
DA:83,0
DA:88,0
DA:89,0
DA:90,0
DA:91,0
DA:95,0
DA:96,0
DA:97,0
DA:103,0
DA:105,0
DA:106,0
DA:108,0
DA:109,0
DA:110,0
DA:113,0
DA:115,0
DA:118,0
DA:122,0
DA:124,0
DA:126,0
DA:128,0
DA:129,0
DA:130,0
DA:131,0
DA:132,0
DA:133,0
DA:142,0
DA:143,0
DA:156,0
DA:157,0
DA:169,0
DA:171,0
DA:178,0
DA:179,0
DA:181,0
DA:182,0
DA:183,0
LF:67
LH:0
end_of_record
SF:lib\widgets\social\groups\remove_member_dialog.dart
DA:22,0
DA:28,0
DA:30,0
DA:32,0
DA:33,0
DA:34,0
DA:38,0
DA:44,0
DA:46,0
DA:49,0
DA:51,0
DA:52,0
DA:53,0
DA:54,0
DA:56,0
DA:60,0
DA:61,0
DA:67,0
DA:68,0
DA:88,0
DA:95,0
DA:98,0
DA:101,0
DA:104,0
DA:107,0
DA:108,0
LF:26
LH:0
end_of_record
SF:lib\widgets\user\user_avatar_widgets.dart
DA:14,0
DA:26,0
DA:28,0
DA:31,0
DA:34,0
DA:38,0
DA:41,0
DA:42,0
DA:43,0
DA:49,0
DA:51,0
DA:60,0
DA:66,0
DA:67,0
DA:69,0
DA:72,0
DA:73,0
DA:74,0
DA:75,0
DA:78,0
DA:90,0
DA:92,0
DA:94,0
DA:102,0
DA:110,0
DA:111,0
DA:112,0
DA:119,0
DA:122,0
DA:125,0
DA:127,0
DA:128,0
DA:131,0
DA:134,0
DA:153,0
DA:158,0
DA:161,0
DA:165,0
DA:171,0
DA:177,0
DA:178,0
DA:180,0
DA:183,0
DA:187,0
DA:188,0
DA:190,0
DA:202,0
DA:204,0
DA:205,0
DA:206,0
DA:207,0
DA:208,0
DA:209,0
DA:210,0
DA:211,0
DA:216,0
DA:217,0
DA:219,0
DA:221,0
DA:222,0
DA:223,0
DA:224,0
DA:225,0
DA:227,0
LF:64
LH:0
end_of_record
SF:lib\widgets\user\user_display_models.dart
DA:35,0
DA:48,0
DA:49,0
DA:50,0
DA:51,0
DA:52,0
DA:55,0
DA:56,0
DA:57,0
DA:58,0
DA:59,0
DA:60,0
DA:61,0
DA:64,0
DA:75,0
DA:76,0
DA:77,0
DA:78,0
DA:79,0
DA:80,0
DA:81,0
DA:82,0
DA:83,0
DA:84,0
DA:90,0
DA:92,0
DA:93,0
DA:94,0
DA:95,0
DA:99,0
DA:101,0
DA:102,0
DA:103,0
DA:104,0
DA:108,0
DA:110,0
DA:113,0
DA:114,0
DA:115,0
DA:116,0
DA:117,0
DA:118,0
LF:42
LH:0
end_of_record
SF:lib\widgets\user\user_collection_widgets.dart
DA:14,0
DA:24,0
DA:28,0
DA:29,0
DA:30,0
DA:31,0
DA:32,0
DA:33,0
DA:34,0
DA:35,0
DA:36,0
DA:38,0
DA:39,0
DA:41,0
DA:48,0
DA:58,0
DA:62,0
DA:68,0
DA:69,0
DA:70,0
DA:71,0
DA:72,0
DA:73,0
DA:74,0
DA:75,0
DA:77,0
DA:85,0
DA:92,0
DA:93,0
DA:95,0
DA:97,0
DA:98,0
DA:102,0
DA:105,0
DA:107,0
DA:109,0
DA:111,0
DA:115,0
DA:125,0
DA:131,0
DA:137,0
DA:139,0
DA:141,0
DA:143,0
LF:44
LH:0
end_of_record
SF:lib\widgets\user\user_layout_widgets.dart
DA:13,0
DA:19,0
DA:27,0
DA:33,0
DA:41,0
DA:48,0
DA:50,0
DA:51,0
DA:52,0
DA:54,0
DA:61,0
DA:73,0
DA:75,0
DA:76,0
DA:78,0
DA:79,0
DA:80,0
DA:88,0
DA:89,0
DA:91,0
DA:92,0
DA:93,0
DA:95,0
DA:97,0
DA:99,0
DA:104,0
DA:115,0
DA:129,0
DA:132,0
DA:133,0
DA:135,0
DA:136,0
DA:138,0
DA:140,0
DA:141,0
DA:142,0
DA:143,0
DA:151,0
DA:152,0
DA:155,0
DA:157,0
DA:159,0
DA:161,0
DA:163,0
LF:44
LH:0
end_of_record
