SF:lib\core\providers\application_provider.dart
DA:187,29
DA:197,0
DA:198,0
DA:200,0
DA:209,0
DA:210,0
DA:219,0
DA:222,0
DA:225,0
DA:226,0
DA:227,0
DA:228,0
DA:229,0
DA:230,0
DA:231,0
DA:232,0
DA:233,0
DA:238,0
DA:240,2
DA:243,6
DA:257,0
DA:262,0
DA:263,0
DA:268,0
DA:269,0
DA:272,0
DA:289,0
DA:296,0
DA:298,0
DA:302,0
DA:305,0
DA:307,0
DA:311,0
DA:312,0
DA:315,0
DA:318,0
DA:334,0
DA:335,0
DA:336,0
DA:338,0
DA:353,0
DA:373,73
DA:381,17
DA:383,3
DA:387,14
DA:391,0
DA:393,0
DA:397,68
DA:402,0
LF:49
LH:8
end_of_record
SF:lib\core\di\di_container.dart
DA:175,3
DA:176,2
DA:177,1
DA:185,0
DA:188,0
DA:191,0
DA:197,0
DA:198,0
DA:199,0
DA:200,0
DA:206,0
DA:207,0
DA:210,0
DA:215,0
DA:216,0
DA:217,0
DA:230,0
DA:231,0
DA:233,0
DA:239,0
DA:244,0
DA:247,0
DA:251,0
DA:252,0
DA:256,0
DA:257,0
DA:261,0
DA:262,0
DA:263,0
DA:266,0
DA:270,0
DA:273,0
DA:277,0
DA:284,0
DA:285,0
DA:287,0
DA:288,0
DA:290,0
DA:291,0
DA:294,0
DA:300,0
DA:304,0
DA:307,0
DA:310,0
DA:311,0
DA:312,0
DA:313,0
DA:314,0
DA:317,0
DA:322,0
DA:325,0
DA:328,0
DA:331,0
DA:334,0
DA:335,0
DA:344,0
DA:347,0
DA:350,0
DA:353,0
DA:355,0
DA:356,0
DA:363,0
DA:366,0
DA:367,0
DA:376,0
DA:377,0
DA:381,0
DA:382,0
DA:384,0
DA:388,0
DA:389,0
DA:390,0
DA:396,0
DA:399,0
DA:400,0
DA:402,0
DA:403,0
DA:405,0
DA:408,0
DA:411,0
DA:412,0
DA:413,0
DA:417,0
DA:418,0
DA:422,0
LF:85
LH:3
end_of_record
SF:lib\core\bootstrap\application_bootstrap.dart
DA:184,3
DA:185,2
DA:186,1
DA:195,2
DA:198,0
DA:201,0
DA:204,0
DA:205,0
DA:209,0
DA:210,0
DA:214,0
DA:215,0
DA:216,0
DA:217,0
DA:223,0
DA:224,0
DA:227,0
DA:232,0
DA:233,0
DA:234,0
DA:247,0
DA:251,0
DA:252,0
DA:256,0
DA:260,0
DA:262,0
DA:267,0
DA:275,0
DA:278,0
DA:284,0
DA:287,0
DA:291,0
DA:294,0
DA:297,0
DA:299,0
DA:300,0
DA:303,0
DA:306,0
DA:309,0
DA:317,0
DA:319,0
DA:323,0
DA:326,0
DA:329,0
DA:339,0
DA:340,0
DA:342,0
DA:348,0
DA:352,0
DA:353,0
DA:356,0
DA:359,0
DA:360,0
DA:364,0
DA:369,0
DA:371,0
DA:376,0
DA:379,0
DA:382,0
DA:384,0
DA:386,0
DA:389,0
DA:390,0
DA:398,0
DA:401,0
DA:403,0
DA:406,0
DA:407,0
DA:417,0
DA:418,0
DA:423,0
DA:429,0
DA:431,0
DA:436,0
DA:437,0
DA:438,0
DA:441,0
DA:446,0
DA:449,0
DA:459,0
DA:460,0
DA:461,0
DA:462,0
DA:463,0
DA:464,0
DA:467,0
DA:472,0
DA:473,0
DA:474,0
DA:475,0
DA:476,0
DA:477,0
LF:92
LH:4
end_of_record
SF:lib\services\unified\unified_recipe_service.dart
DA:105,0
DA:113,2
DA:121,1
DA:122,0
DA:130,1
DA:131,1
DA:133,1
DA:139,1
DA:140,1
DA:144,1
DA:145,1
DA:146,1
DA:147,1
DA:148,1
DA:149,1
DA:155,1
DA:156,1
DA:158,2
DA:159,1
DA:161,2
DA:162,0
DA:163,1
DA:164,1
DA:165,1
DA:168,2
DA:170,0
DA:171,0
DA:172,1
DA:173,1
DA:174,0
DA:175,1
DA:178,2
DA:179,1
DA:181,2
DA:182,0
DA:183,1
DA:184,1
DA:185,0
DA:188,2
DA:190,2
DA:191,1
DA:192,1
DA:196,1
DA:198,2
DA:199,2
DA:201,1
DA:202,1
DA:204,2
DA:209,3
DA:210,4
DA:211,4
DA:213,3
DA:214,2
DA:215,2
DA:216,2
DA:217,2
DA:218,0
DA:220,3
DA:221,3
DA:222,0
DA:225,0
DA:226,0
DA:230,1
DA:231,1
DA:234,1
DA:235,1
DA:236,1
DA:241,2
DA:246,1
DA:251,2
DA:252,2
DA:253,2
DA:256,4
DA:257,1
DA:261,2
DA:262,0
DA:265,1
DA:266,1
DA:267,1
DA:268,1
DA:270,2
DA:271,2
DA:272,1
DA:273,1
DA:279,0
DA:292,0
DA:308,0
DA:310,0
DA:311,0
DA:318,0
DA:319,0
DA:323,0
DA:324,0
DA:325,0
DA:326,0
DA:333,1
DA:334,2
DA:338,0
DA:339,0
DA:345,0
DA:346,0
DA:351,0
DA:369,0
DA:382,0
DA:384,0
DA:385,0
DA:392,0
DA:393,0
DA:396,0
DA:397,0
DA:400,0
DA:401,0
DA:406,0
DA:407,0
DA:410,0
DA:411,0
DA:414,0
DA:415,0
DA:418,0
DA:419,0
DA:424,0
DA:438,0
DA:440,0
DA:444,0
DA:456,0
DA:457,0
DA:460,0
DA:464,0
DA:465,0
DA:466,0
DA:468,0
DA:472,0
DA:473,0
DA:474,0
DA:476,0
DA:480,0
DA:481,0
DA:482,0
DA:484,0
DA:489,0
DA:490,0
DA:491,0
DA:493,0
DA:497,0
DA:498,0
DA:499,0
DA:501,0
DA:505,0
DA:506,0
DA:507,0
DA:509,0
DA:513,0
DA:514,0
DA:520,0
DA:533,0
DA:549,1
DA:550,1
DA:552,0
DA:554,2
DA:559,1
DA:561,1
DA:562,1
DA:565,2
DA:568,2
DA:569,2
DA:572,2
DA:573,2
DA:574,0
DA:577,1
DA:578,1
DA:580,0
DA:581,0
DA:582,0
DA:588,1
DA:589,3
DA:592,1
DA:593,1
DA:594,1
DA:599,1
DA:600,2
DA:602,1
DA:606,1
DA:607,2
DA:608,1
DA:609,1
DA:610,1
DA:613,1
DA:614,1
DA:615,1
DA:621,0
DA:622,0
DA:623,0
DA:624,0
DA:625,0
DA:626,0
DA:627,0
DA:628,0
DA:629,0
DA:630,0
DA:634,0
DA:636,0
DA:637,0
DA:638,0
LF:203
LH:102
end_of_record
SF:lib\core\mixins\error_handling_mixin.dart
DA:89,6
DA:97,6
DA:101,2
DA:105,0
DA:134,0
DA:142,0
DA:146,0
DA:150,0
DA:178,0
DA:183,0
DA:185,0
DA:187,0
DA:192,0
DA:197,0
DA:199,0
DA:201,0
DA:206,0
DA:210,0
DA:211,0
DA:212,0
DA:215,0
DA:217,0
DA:224,0
DA:229,0
DA:231,0
DA:233,0
DA:240,0
DA:244,0
DA:246,0
DA:247,0
DA:248,0
DA:251,0
DA:255,0
DA:260,0
DA:262,0
DA:263,0
DA:272,0
DA:281,0
DA:283,0
DA:285,0
DA:287,0
DA:289,0
DA:290,0
DA:294,0
DA:295,0
DA:305,0
DA:311,0
DA:313,0
DA:315,0
DA:316,0
DA:317,0
DA:318,0
DA:320,0
DA:330,0
DA:337,0
DA:338,0
DA:342,0
DA:352,0
DA:357,0
DA:360,0
DA:361,0
DA:362,0
DA:363,0
DA:368,0
DA:370,0
DA:375,0
DA:376,0
DA:385,0
DA:391,0
DA:393,0
DA:396,0
DA:398,0
DA:405,0
DA:415,0
DA:417,0
DA:419,0
DA:421,0
DA:422,0
DA:426,0
DA:427,0
DA:428,0
DA:432,0
DA:438,0
DA:439,0
DA:440,0
DA:442,0
DA:443,0
DA:444,0
DA:445,0
DA:446,0
DA:447,0
DA:448,0
DA:449,0
DA:451,0
DA:454,0
DA:457,0
DA:463,0
DA:465,0
DA:469,0
DA:471,0
DA:477,0
DA:478,0
DA:479,0
DA:480,0
DA:481,0
DA:485,0
DA:486,0
DA:487,0
DA:489,0
DA:490,0
DA:491,0
DA:492,0
LF:112
LH:3
end_of_record
SF:lib\core\mixins\firebase_service_mixin.dart
DA:66,0
DA:73,0
DA:75,0
DA:97,0
DA:98,0
DA:100,0
DA:101,0
DA:104,0
DA:137,0
DA:144,0
DA:145,0
DA:147,0
DA:148,0
DA:156,0
DA:185,0
DA:192,0
DA:204,0
DA:208,0
DA:209,0
DA:210,0
DA:215,0
DA:220,0
DA:221,0
DA:222,0
DA:225,0
DA:233,0
DA:237,0
DA:238,0
DA:239,0
DA:242,0
DA:250,0
DA:251,0
DA:252,0
DA:253,0
DA:256,0
DA:266,0
DA:271,0
DA:272,0
DA:273,0
DA:276,0
DA:277,0
DA:278,0
DA:279,0
DA:280,0
DA:281,0
DA:282,0
DA:283,0
DA:284,0
DA:285,0
DA:286,0
DA:287,0
DA:288,0
DA:289,0
DA:294,0
DA:296,0
DA:301,0
DA:305,0
DA:306,0
DA:307,0
DA:315,0
DA:319,0
DA:321,0
DA:322,0
DA:323,0
DA:325,0
DA:326,0
DA:327,0
DA:328,0
DA:329,0
DA:330,0
DA:331,0
DA:334,0
DA:335,0
DA:337,0
DA:338,0
DA:343,0
DA:346,0
DA:356,0
DA:361,0
DA:362,0
DA:371,0
DA:375,0
DA:376,0
DA:377,0
DA:378,0
DA:379,0
DA:380,0
DA:385,0
DA:390,0
DA:393,0
DA:394,0
DA:395,0
DA:396,0
DA:397,0
DA:398,0
DA:399,0
DA:400,0
DA:401,0
DA:402,0
DA:403,0
DA:404,0
DA:405,0
DA:406,0
DA:412,0
DA:413,0
DA:414,0
DA:415,0
DA:423,0
DA:424,0
DA:425,0
DA:431,0
DA:439,0
DA:442,0
DA:443,0
DA:444,0
DA:445,0
DA:446,0
DA:449,0
DA:455,0
DA:460,0
DA:464,0
DA:466,0
DA:488,0
DA:504,0
DA:505,0
DA:507,0
DA:508,0
DA:510,0
DA:511,0
DA:513,0
DA:514,0
DA:516,0
DA:517,0
DA:519,0
DA:520,0
DA:530,0
DA:538,0
DA:543,0
DA:550,0
DA:551,0
DA:557,0
DA:558,0
LF:142
LH:0
end_of_record
SF:lib\core\mixins\stream_management_mixin.dart
DA:227,0
DA:228,0
DA:229,0
DA:230,0
DA:234,0
DA:238,0
DA:239,0
DA:242,0
DA:246,0
DA:247,0
DA:250,0
DA:252,0
DA:253,0
DA:257,0
DA:258,0
DA:260,0
DA:261,0
DA:262,0
DA:267,0
DA:268,0
DA:272,0
DA:273,0
DA:274,0
DA:280,0
DA:281,0
DA:282,0
DA:283,0
DA:287,0
DA:291,0
DA:292,0
DA:295,0
DA:299,0
DA:300,0
DA:303,0
DA:305,0
DA:306,0
DA:310,0
DA:311,0
DA:313,0
DA:314,0
DA:315,0
DA:320,0
DA:325,0
DA:326,0
DA:327,0
DA:330,0
DA:333,0
DA:338,0
DA:344,0
DA:345,0
DA:346,0
DA:348,0
DA:351,0
DA:358,0
DA:359,0
DA:360,0
DA:361,0
DA:365,0
DA:369,0
DA:370,0
DA:373,0
DA:377,0
DA:378,0
DA:381,0
DA:383,0
DA:384,0
DA:388,0
DA:389,0
DA:391,0
DA:392,0
DA:393,0
DA:398,0
DA:404,0
DA:410,0
DA:415,0
DA:421,0
DA:427,0
DA:434,0
DA:442,0
DA:444,0
DA:445,0
DA:451,0
DA:456,0
DA:464,0
DA:466,0
DA:476,0
DA:484,0
DA:487,0
DA:488,0
DA:489,0
DA:490,0
DA:491,0
DA:492,0
DA:497,0
DA:498,0
DA:509,5
DA:510,5
DA:511,10
DA:512,10
DA:513,10
DA:514,10
DA:515,10
DA:516,10
DA:517,5
DA:518,40
DA:523,0
DA:524,0
DA:526,0
DA:527,0
DA:530,0
DA:531,0
DA:534,0
DA:535,0
DA:539,0
DA:541,0
DA:545,0
DA:547,0
DA:548,0
DA:555,0
DA:556,0
DA:557,0
DA:559,0
DA:560,0
DA:561,0
DA:569,5
DA:570,5
DA:571,0
DA:575,5
DA:577,15
DA:580,10
DA:582,0
DA:584,0
DA:588,5
DA:589,10
DA:590,10
DA:593,5
DA:595,0
DA:597,0
DA:600,10
DA:601,10
DA:604,10
DA:606,0
DA:608,0
DA:612,5
DA:613,10
DA:614,10
DA:616,5
DA:622,0
DA:623,0
DA:624,0
DA:628,0
DA:629,0
DA:630,0
DA:631,0
DA:632,0
DA:668,0
DA:677,0
DA:679,0
DA:681,0
DA:682,0
DA:684,0
DA:693,0
DA:701,0
DA:703,0
DA:704,0
DA:705,0
DA:707,0
DA:715,0
DA:722,0
DA:725,0
DA:727,0
DA:728,0
DA:729,0
DA:730,0
DA:733,0
DA:736,0
DA:738,0
DA:739,0
DA:742,0
DA:743,0
DA:744,0
LF:181
LH:26
end_of_record
SF:lib\core\mixins\state_notifier_mixin.dart
DA:91,2
DA:94,4
DA:97,0
DA:100,0
DA:103,0
DA:108,2
DA:110,4
DA:111,2
DA:112,2
DA:113,4
DA:118,2
DA:120,2
DA:121,2
DA:122,2
DA:123,4
DA:127,0
DA:129,0
DA:130,0
DA:131,0
DA:132,0
DA:137,1
DA:139,2
DA:140,1
DA:141,1
DA:142,1
DA:143,1
DA:148,2
DA:150,3
DA:151,2
DA:152,2
DA:153,2
DA:154,2
DA:161,2
DA:169,2
DA:171,2
DA:173,2
DA:175,2
DA:180,2
DA:181,2
DA:187,0
DA:193,0
DA:198,0
DA:199,0
DA:205,0
DA:213,0
DA:215,0
DA:217,0
DA:218,0
DA:220,0
DA:225,0
DA:226,0
DA:234,0
DA:239,0
DA:240,0
DA:244,0
DA:248,0
DA:258,0
DA:260,0
DA:261,0
DA:262,0
DA:265,0
DA:267,0
DA:270,0
DA:272,0
DA:275,0
DA:276,0
DA:280,0
DA:281,0
DA:282,0
DA:286,0
DA:291,1
DA:293,1
DA:294,1
DA:301,0
DA:304,0
DA:305,0
DA:306,0
DA:311,0
DA:316,0
DA:317,0
DA:319,0
DA:321,0
DA:324,0
DA:335,0
DA:338,0
DA:341,0
DA:343,0
DA:344,0
DA:345,0
DA:346,0
DA:351,0
DA:356,0
DA:357,0
DA:358,0
DA:361,0
DA:371,0
DA:374,0
DA:377,0
DA:380,0
DA:382,0
DA:383,0
DA:384,0
DA:385,0
DA:390,0
DA:392,0
DA:393,0
DA:394,0
DA:395,0
DA:400,0
DA:405,0
DA:406,0
DA:411,0
DA:413,0
DA:419,0
DA:420,0
DA:423,0
DA:428,0
DA:430,0
DA:431,0
DA:432,0
DA:433,0
DA:436,0
DA:438,0
DA:439,0
LF:124
LH:34
end_of_record
SF:lib\core\mixins\async_operation_mixin.dart
DA:86,0
DA:91,0
DA:96,0
DA:118,2
DA:124,2
DA:149,0
DA:157,0
DA:158,0
DA:159,0
DA:162,0
DA:166,0
DA:168,0
DA:170,0
DA:172,0
DA:173,0
DA:178,0
DA:179,0
DA:180,0
DA:183,0
DA:188,0
DA:196,0
DA:197,0
DA:198,0
DA:199,0
DA:205,0
DA:206,0
DA:212,0
DA:216,0
DA:217,0
DA:218,0
DA:225,0
DA:233,0
DA:240,0
DA:242,0
DA:244,0
DA:246,0
DA:251,0
DA:253,0
DA:255,0
DA:259,0
DA:263,0
DA:269,0
DA:270,0
DA:273,0
DA:274,0
DA:278,0
DA:280,0
DA:290,0
DA:296,0
DA:297,0
DA:299,0
DA:300,0
DA:302,0
DA:303,0
DA:304,0
DA:305,0
DA:310,0
DA:312,0
DA:313,0
DA:316,0
DA:317,0
DA:318,0
DA:319,0
DA:320,0
DA:322,0
DA:327,0
DA:328,0
DA:333,0
DA:334,0
DA:338,0
DA:339,0
DA:345,0
DA:351,0
DA:352,0
DA:354,0
DA:356,0
DA:357,0
DA:358,0
DA:361,0
DA:362,0
DA:363,0
DA:365,0
DA:371,0
DA:375,0
DA:376,0
DA:381,0
DA:382,0
DA:390,0
DA:397,0
DA:400,0
DA:403,0
DA:406,0
DA:410,0
DA:413,0
DA:417,0
DA:424,0
DA:425,0
DA:426,0
DA:427,0
DA:428,0
DA:432,1
DA:433,2
DA:434,0
DA:436,2
DA:437,2
DA:438,1
DA:442,1
DA:444,0
DA:445,0
DA:447,2
DA:448,1
DA:453,0
DA:454,0
DA:458,0
DA:459,0
DA:465,0
DA:467,0
DA:468,0
DA:471,0
DA:472,0
DA:477,1
DA:479,1
DA:480,1
DA:481,1
DA:488,0
DA:492,0
DA:501,0
DA:504,0
DA:512,0
DA:515,0
DA:523,0
DA:527,0
DA:536,0
DA:539,0
DA:540,0
LF:135
LH:14
end_of_record
SF:lib\services\auth_service.dart
DA:77,2
DA:80,2
DA:83,4
DA:86,6
DA:94,2
DA:95,0
DA:97,8
DA:98,2
DA:99,2
DA:107,2
DA:112,4
DA:114,4
DA:116,2
DA:117,6
DA:118,6
DA:122,4
DA:123,2
DA:124,2
DA:126,3
DA:133,2
DA:137,4
DA:138,4
DA:140,4
DA:141,2
DA:142,2
DA:144,0
DA:151,2
DA:152,4
DA:153,4
DA:154,2
DA:155,4
DA:156,6
DA:161,2
DA:162,4
DA:163,4
DA:165,4
DA:166,2
DA:167,2
DA:169,3
DA:178,2
DA:179,2
DA:180,2
DA:184,4
DA:185,4
DA:186,2
DA:188,4
DA:189,2
DA:190,4
DA:191,2
DA:193,0
DA:196,3
DA:203,2
DA:205,2
DA:206,2
DA:209,2
DA:212,2
DA:215,2
DA:218,2
DA:221,2
DA:224,2
DA:227,2
DA:231,4
DA:233,2
DA:237,2
DA:239,2
DA:242,1
DA:247,1
DA:248,1
LF:68
LH:65
end_of_record
SF:lib\services\messaging_service.dart
DA:91,0
DA:98,1
DA:107,1
DA:108,2
DA:110,0
DA:114,2
DA:118,1
DA:124,2
DA:126,1
DA:130,0
DA:131,0
DA:136,0
DA:141,0
DA:142,0
DA:143,0
DA:144,0
DA:150,0
DA:153,2
DA:159,1
DA:166,2
DA:168,1
DA:172,0
DA:173,0
DA:174,0
DA:175,0
DA:176,0
DA:179,0
DA:184,0
DA:187,0
DA:190,1
DA:196,1
DA:198,2
DA:200,2
DA:208,0
DA:212,0
DA:219,0
DA:225,0
DA:231,0
DA:232,0
DA:237,1
DA:243,2
DA:245,1
DA:248,0
DA:249,0
DA:252,0
DA:254,0
DA:255,0
DA:256,0
DA:257,0
DA:261,0
DA:264,0
DA:267,0
DA:269,0
DA:271,1
DA:277,1
DA:284,2
DA:286,1
DA:289,0
DA:291,0
DA:292,0
DA:293,0
DA:299,0
DA:301,0
DA:303,1
DA:309,1
DA:316,2
DA:318,1
DA:321,0
DA:323,0
DA:324,0
DA:325,0
DA:331,0
DA:333,0
DA:335,1
DA:341,0
DA:348,0
DA:350,0
DA:353,0
DA:355,0
DA:356,0
DA:357,0
DA:363,0
DA:365,0
DA:367,0
DA:373,1
DA:375,2
DA:377,0
DA:380,2
DA:385,2
DA:387,0
DA:392,1
DA:397,2
DA:398,0
DA:402,2
DA:404,0
DA:411,2
DA:412,2
DA:413,1
DA:415,1
DA:420,2
DA:422,1
DA:425,2
DA:427,2
DA:433,1
DA:436,2
DA:438,0
DA:445,2
DA:446,2
DA:447,0
DA:449,0
DA:454,2
DA:456,2
DA:458,0
DA:466,0
DA:468,0
DA:470,0
DA:472,0
DA:478,0
DA:484,0
DA:488,0
DA:489,0
DA:492,0
DA:495,0
DA:496,0
DA:499,0
DA:503,0
DA:506,0
DA:507,0
DA:511,0
DA:513,0
DA:521,1
DA:523,2
DA:525,0
DA:527,0
DA:533,1
DA:535,1
DA:543,0
DA:544,0
DA:546,0
DA:551,0
DA:554,0
DA:557,0
DA:559,0
DA:561,2
DA:569,0
DA:571,0
DA:575,0
DA:576,0
DA:579,0
DA:582,0
DA:583,0
DA:586,0
DA:588,0
DA:593,0
DA:594,0
DA:597,0
DA:600,0
DA:601,0
DA:602,0
DA:603,0
DA:605,0
DA:606,0
DA:608,0
DA:612,1
DA:613,2
DA:614,2
DA:615,0
DA:616,1
DA:622,1
DA:628,2
DA:630,2
DA:632,1
DA:636,0
DA:637,0
DA:642,0
DA:644,0
DA:647,0
DA:649,0
DA:655,0
DA:657,0
DA:660,0
DA:662,0
DA:668,0
DA:675,0
DA:682,0
DA:684,0
DA:690,0
DA:695,0
DA:700,0
DA:702,0
DA:708,0
DA:713,0
DA:714,0
DA:717,0
DA:719,0
DA:722,0
DA:724,0
DA:732,0
DA:735,0
DA:740,0
DA:742,0
DA:747,0
DA:753,0
DA:754,0
DA:755,0
DA:757,0
DA:758,0
DA:762,0
DA:763,0
DA:764,0
DA:766,0
DA:775,0
DA:778,0
DA:781,0
DA:783,0
DA:786,0
DA:787,0
DA:788,0
DA:793,0
DA:795,0
DA:802,0
DA:805,0
DA:806,0
DA:808,0
DA:809,0
DA:811,0
LF:226
LH:61
end_of_record
SF:lib\core\mixins\singleton_service_mixin.dart
DA:97,3
DA:98,3
DA:103,1
DA:110,3
DA:111,0
DA:112,0
DA:116,2
DA:121,0
DA:130,0
DA:134,0
DA:135,0
DA:136,0
DA:137,0
DA:141,0
DA:144,0
DA:149,0
DA:151,0
DA:153,0
DA:154,0
DA:155,0
DA:158,0
DA:159,0
DA:165,0
DA:166,0
DA:171,0
DA:173,0
DA:174,0
DA:178,0
DA:180,0
DA:183,0
DA:184,0
DA:187,0
DA:188,0
DA:189,0
DA:193,0
DA:195,0
DA:196,0
DA:197,0
DA:201,0
DA:202,0
DA:203,0
DA:211,0
DA:214,0
DA:215,0
DA:220,0
DA:228,1
DA:231,1
DA:235,0
DA:240,0
DA:250,0
DA:251,0
DA:252,0
DA:253,0
DA:254,0
DA:255,0
DA:256,0
DA:257,0
DA:258,0
DA:259,0
DA:260,0
DA:265,0
DA:266,0
DA:269,0
DA:270,0
DA:271,0
DA:276,0
DA:277,0
DA:278,0
DA:288,0
DA:289,0
DA:293,0
DA:297,0
DA:323,0
DA:326,0
DA:330,0
DA:335,0
LF:76
LH:7
end_of_record
SF:lib\services\analytics_service.dart
DA:9,0
DA:11,0
DA:13,0
DA:19,0
DA:21,0
DA:23,0
DA:24,0
DA:25,0
DA:26,0
DA:28,0
DA:30,0
DA:31,0
DA:40,0
DA:41,0
DA:44,0
DA:48,0
DA:49,0
DA:50,0
DA:52,0
DA:53,0
DA:54,0
DA:55,0
DA:66,0
DA:72,0
DA:74,0
DA:75,0
DA:76,0
DA:77,0
DA:78,0
DA:82,0
DA:87,0
DA:94,0
DA:96,0
DA:98,0
DA:99,0
DA:102,0
DA:104,0
DA:106,0
DA:107,0
DA:111,0
DA:113,0
DA:118,0
DA:123,0
DA:125,0
DA:126,0
DA:127,0
DA:128,0
DA:132,0
DA:137,0
DA:142,0
DA:144,0
DA:147,0
DA:151,0
DA:156,0
DA:160,0
DA:162,0
DA:164,0
DA:168,0
DA:173,0
DA:181,0
DA:183,0
DA:184,0
DA:185,0
DA:186,0
DA:187,0
DA:190,0
DA:191,0
DA:195,0
DA:197,0
DA:202,0
DA:207,0
DA:209,0
DA:212,0
DA:216,0
DA:221,0
DA:230,0
DA:232,0
DA:234,0
DA:236,0
DA:242,0
DA:243,0
DA:247,0
DA:249,0
DA:254,0
DA:256,0
DA:258,0
DA:263,0
DA:265,0
DA:267,0
DA:272,0
DA:274,0
DA:276,0
DA:281,0
DA:282,0
DA:284,0
DA:286,0
DA:288,0
DA:290,0
DA:292,0
DA:294,0
DA:302,0
DA:303,0
DA:304,0
DA:306,0
DA:307,0
DA:309,0
DA:313,0
DA:325,0
DA:334,0
DA:336,0
DA:338,0
DA:342,0
DA:344,0
DA:346,0
DA:351,0
DA:353,0
DA:358,0
DA:360,0
DA:365,0
DA:367,0
DA:371,0
DA:376,0
DA:377,0
DA:378,0
DA:379,0
DA:380,0
DA:381,0
LF:127
LH:0
end_of_record
SF:lib\services\user_service.dart
DA:89,0
DA:108,0
DA:109,0
DA:110,0
DA:111,0
DA:112,0
DA:116,0
DA:117,0
DA:120,0
DA:121,0
DA:122,0
DA:124,0
DA:126,0
DA:127,0
DA:128,0
DA:129,0
DA:136,0
DA:137,0
DA:142,0
DA:149,0
DA:151,0
DA:156,0
DA:157,0
DA:160,0
DA:165,0
DA:171,0
DA:175,0
DA:176,0
DA:177,0
DA:179,0
DA:193,0
DA:196,0
DA:197,0
DA:198,0
DA:200,0
DA:201,0
DA:204,0
DA:205,0
DA:206,0
DA:209,0
DA:214,0
DA:215,0
DA:217,0
DA:218,0
DA:221,0
DA:222,0
DA:223,0
DA:225,0
DA:226,0
DA:227,0
DA:233,0
DA:236,0
DA:238,0
DA:243,0
DA:245,0
DA:246,0
DA:247,0
DA:248,0
DA:257,0
DA:258,0
DA:259,0
DA:261,0
DA:262,0
DA:273,0
DA:274,0
DA:276,0
DA:277,0
DA:280,0
DA:281,0
DA:282,0
DA:283,0
DA:284,0
DA:288,0
DA:290,0
DA:293,0
DA:297,0
DA:299,0
DA:300,0
DA:301,0
DA:302,0
DA:303,0
DA:306,0
DA:314,0
DA:315,0
DA:316,0
DA:319,0
DA:321,0
DA:323,0
DA:326,0
DA:327,0
DA:329,0
DA:334,0
DA:338,0
DA:339,0
DA:342,0
DA:343,0
DA:345,0
DA:348,0
DA:349,0
DA:355,0
DA:360,0
DA:361,0
DA:364,0
DA:369,0
DA:370,0
DA:373,0
DA:375,0
DA:381,0
DA:382,0
DA:387,0
DA:389,0
DA:392,0
DA:393,0
DA:394,0
DA:396,0
DA:397,0
DA:399,0
DA:405,0
DA:406,0
DA:407,0
DA:409,0
DA:413,0
DA:414,0
DA:415,0
DA:416,0
DA:417,0
DA:419,0
DA:423,0
DA:425,0
DA:426,0
DA:427,0
DA:432,0
DA:434,0
DA:436,0
DA:438,0
DA:443,0
DA:445,0
DA:447,0
DA:452,0
DA:453,0
DA:454,0
DA:457,0
DA:458,0
DA:459,0
DA:462,0
DA:463,0
DA:467,0
DA:468,0
DA:469,0
DA:473,0
DA:474,0
DA:475,0
DA:476,0
DA:481,0
DA:484,0
DA:487,0
DA:489,0
DA:492,0
DA:493,0
DA:495,0
DA:497,0
DA:498,0
DA:503,0
DA:504,0
DA:505,0
DA:506,0
DA:511,0
DA:514,0
DA:517,0
DA:521,0
DA:522,0
DA:524,0
DA:526,0
DA:527,0
DA:532,0
DA:533,0
DA:537,0
DA:539,0
DA:541,0
DA:542,0
DA:546,0
DA:547,0
DA:550,0
DA:552,0
DA:557,0
DA:558,0
DA:559,0
DA:560,0
DA:563,0
DA:565,0
DA:566,0
DA:567,0
LF:192
LH:0
end_of_record
SF:lib\services\permission_service.dart
DA:80,1
DA:81,1
DA:86,1
DA:92,3
DA:98,1
DA:99,2
DA:103,1
DA:104,1
DA:105,1
DA:106,1
DA:107,1
DA:109,2
DA:110,1
DA:118,4
DA:124,0
DA:147,1
DA:149,1
DA:152,2
DA:153,1
DA:158,1
DA:159,1
DA:161,1
DA:162,1
DA:165,1
DA:166,1
DA:184,1
DA:186,1
DA:189,1
DA:192,1
DA:195,1
DA:196,1
DA:220,1
DA:222,1
DA:225,1
DA:228,1
DA:231,1
DA:232,2
DA:249,1
DA:251,1
DA:254,1
DA:257,1
DA:260,1
DA:266,0
DA:282,1
DA:284,1
DA:287,1
DA:312,1
DA:314,1
DA:317,1
DA:320,1
DA:325,1
DA:328,1
DA:330,1
DA:331,1
DA:332,1
DA:334,1
DA:335,1
DA:338,1
DA:340,1
DA:341,1
DA:342,1
DA:343,1
DA:344,1
DA:346,1
DA:360,1
DA:362,1
DA:365,1
DA:373,2
DA:384,1
DA:386,1
DA:389,1
DA:392,1
DA:408,1
DA:410,1
DA:413,1
DA:416,1
DA:421,1
DA:432,1
DA:434,1
DA:437,1
DA:441,1
DA:452,1
DA:454,1
DA:457,1
DA:460,1
DA:477,1
DA:479,1
DA:482,1
DA:489,2
DA:506,1
DA:508,1
DA:511,1
DA:514,1
DA:531,1
DA:533,1
DA:536,1
DA:543,2
DA:560,1
DA:562,1
DA:565,1
DA:568,1
DA:597,3
LF:102
LH:100
end_of_record
SF:lib\services\storage_service.dart
DA:16,0
DA:26,0
DA:31,0
DA:32,0
DA:33,0
DA:41,0
DA:46,0
DA:49,0
DA:51,0
DA:55,0
DA:56,0
DA:57,0
DA:61,0
DA:63,0
DA:65,0
DA:66,0
DA:67,0
DA:68,0
DA:75,0
DA:76,0
DA:77,0
DA:85,0
DA:86,0
DA:89,0
DA:94,0
DA:99,0
DA:100,0
DA:101,0
DA:103,0
DA:107,0
DA:110,0
DA:113,0
DA:114,0
DA:116,0
DA:119,0
DA:123,0
DA:128,0
DA:129,0
DA:130,0
DA:134,0
DA:137,0
DA:140,0
DA:149,0
DA:150,0
DA:151,0
DA:152,0
DA:154,0
DA:155,0
DA:160,0
DA:165,0
DA:172,0
DA:175,0
DA:185,0
DA:186,0
DA:187,0
DA:191,0
DA:193,0
DA:196,0
DA:198,0
DA:203,0
DA:206,0
DA:207,0
DA:209,0
DA:210,0
DA:212,0
DA:213,0
DA:214,0
DA:221,0
DA:222,0
DA:223,0
DA:224,0
DA:227,0
DA:229,0
DA:231,0
DA:234,0
DA:235,0
DA:236,0
DA:237,0
DA:240,0
DA:241,0
DA:245,0
DA:251,0
DA:258,0
DA:265,0
DA:268,0
DA:269,0
DA:272,0
DA:274,0
DA:279,0
DA:280,0
DA:281,0
DA:282,0
DA:285,0
DA:288,0
DA:291,0
DA:303,0
LF:96
LH:0
end_of_record
SF:lib\core\mixins\firebase_sync_mixin.dart
DA:18,0
DA:19,0
DA:20,0
DA:27,0
DA:29,0
DA:31,0
DA:36,0
DA:37,0
DA:39,0
DA:43,0
DA:46,0
DA:47,0
DA:50,0
DA:51,0
DA:53,0
DA:57,0
DA:58,0
DA:61,0
DA:62,0
DA:64,0
DA:67,0
DA:68,0
DA:70,0
DA:73,0
DA:74,0
DA:77,0
DA:78,0
DA:79,0
DA:81,0
DA:84,0
DA:86,0
DA:87,0
DA:88,0
DA:89,0
DA:90,0
DA:91,0
DA:95,0
DA:97,0
DA:101,0
DA:103,0
DA:105,0
DA:106,0
DA:107,0
DA:108,0
DA:110,0
DA:111,0
DA:113,0
DA:114,0
DA:120,0
DA:123,0
DA:125,0
DA:130,0
DA:131,0
DA:134,0
DA:135,0
DA:136,0
DA:140,0
DA:141,0
DA:143,0
DA:144,0
DA:147,0
DA:149,0
DA:150,0
DA:152,0
DA:154,0
DA:156,0
DA:158,0
DA:159,0
DA:163,0
DA:165,0
DA:166,0
DA:170,0
DA:172,0
DA:176,0
DA:178,0
DA:180,0
DA:182,0
DA:183,0
DA:188,0
DA:189,0
DA:190,0
DA:193,0
DA:195,0
DA:196,0
DA:210,0
LF:85
LH:0
end_of_record
SF:lib\services\unified\unified_shopping_service.dart
DA:65,1
DA:67,1
DA:68,1
DA:69,0
DA:74,1
DA:76,1
DA:77,1
DA:87,0
DA:88,1
DA:89,1
DA:90,1
DA:91,1
DA:96,1
DA:98,1
DA:99,0
DA:100,1
DA:111,0
DA:112,1
DA:122,0
DA:123,1
DA:124,1
DA:125,1
DA:126,1
DA:127,0
DA:136,0
DA:138,0
DA:139,0
DA:140,0
DA:145,1
DA:147,0
DA:148,0
DA:149,0
DA:154,0
DA:159,0
DA:160,0
DA:161,0
DA:174,0
DA:187,1
DA:192,1
DA:195,1
DA:199,2
DA:200,2
DA:201,2
DA:204,2
DA:205,2
DA:206,2
DA:207,2
DA:217,0
DA:218,0
DA:219,0
DA:222,0
DA:226,3
DA:227,1
DA:228,3
DA:229,1
DA:230,3
DA:232,3
DA:233,0
DA:234,3
DA:235,3
DA:236,2
DA:237,2
DA:238,2
DA:240,0
DA:241,0
DA:242,0
DA:243,0
DA:247,0
DA:248,0
DA:250,0
DA:251,0
DA:253,0
DA:255,0
DA:260,1
DA:261,2
DA:265,0
DA:266,0
DA:271,1
DA:273,2
DA:276,1
DA:286,2
DA:298,1
DA:299,2
DA:302,1
DA:303,2
DA:306,1
DA:307,2
DA:310,1
DA:311,0
DA:313,2
DA:318,1
DA:329,2
DA:342,1
DA:343,2
DA:346,1
DA:347,2
DA:350,1
DA:360,2
DA:372,1
DA:373,2
DA:377,1
DA:378,1
DA:381,1
DA:382,2
DA:385,0
DA:390,0
DA:403,1
DA:404,1
DA:405,1
DA:409,0
DA:411,0
DA:412,0
LF:112
LH:71
end_of_record
SF:lib\services\unified\unified_friends_service.dart
DA:76,0
DA:79,0
DA:80,0
DA:81,0
DA:82,0
DA:83,0
DA:84,0
DA:85,0
DA:88,0
DA:89,0
DA:90,0
DA:91,0
DA:94,0
DA:95,0
DA:96,0
DA:97,0
DA:102,0
DA:105,0
DA:106,0
DA:107,0
DA:110,0
DA:111,0
DA:112,0
DA:113,0
DA:118,0
DA:121,0
DA:122,0
DA:123,0
DA:124,0
DA:125,0
DA:126,0
DA:127,0
DA:128,0
DA:129,0
DA:130,0
DA:131,0
DA:132,0
DA:133,0
DA:134,0
DA:135,0
DA:136,0
DA:137,0
DA:138,0
DA:139,0
DA:140,0
DA:141,0
DA:142,0
DA:147,0
DA:152,0
DA:157,0
DA:185,0
DA:191,0
DA:194,0
DA:196,0
DA:201,0
DA:202,0
DA:203,0
DA:204,0
DA:205,0
DA:206,0
DA:207,0
DA:209,0
DA:210,0
DA:211,0
DA:212,0
DA:214,0
DA:215,0
DA:219,0
DA:220,0
DA:221,0
DA:222,0
DA:226,0
DA:227,0
DA:228,0
DA:232,0
DA:234,0
DA:235,0
DA:236,0
DA:238,0
DA:245,0
DA:247,0
DA:250,0
DA:253,0
DA:256,0
DA:257,0
DA:260,0
DA:263,0
DA:264,0
DA:265,0
DA:266,0
DA:267,0
DA:269,0
DA:279,0
DA:282,0
DA:285,0
DA:288,0
DA:291,0
DA:294,0
DA:297,0
DA:300,0
DA:303,0
DA:306,0
DA:309,0
DA:312,0
DA:315,0
DA:318,0
DA:321,0
DA:324,0
DA:327,0
DA:330,0
DA:333,0
DA:336,0
DA:339,0
DA:342,0
DA:345,0
DA:348,0
DA:353,0
DA:356,0
DA:359,0
DA:362,0
DA:366,0
DA:368,0
DA:369,0
LF:123
LH:0
end_of_record
SF:lib\services\connectivity_monitoring_service.dart
DA:81,0
DA:83,0
DA:88,0
DA:100,0
DA:101,0
DA:102,0
DA:103,0
DA:121,0
DA:122,0
DA:125,0
DA:128,0
DA:141,0
DA:142,0
DA:144,0
DA:145,0
DA:163,0
DA:164,0
DA:186,0
DA:188,0
DA:190,0
DA:197,0
DA:198,0
DA:199,0
DA:200,0
DA:201,0
DA:202,0
DA:203,0
DA:205,0
DA:206,0
DA:207,0
DA:208,0
DA:211,0
DA:212,0
DA:213,0
DA:214,0
DA:215,0
DA:220,0
DA:222,0
DA:225,0
DA:227,0
DA:231,0
DA:233,0
DA:234,0
DA:236,0
DA:237,0
DA:238,0
DA:239,0
DA:242,0
DA:243,0
DA:244,0
DA:245,0
DA:249,0
DA:250,0
DA:251,0
DA:252,0
DA:253,0
DA:254,0
DA:255,0
DA:257,0
DA:261,0
DA:263,0
DA:264,0
LF:62
LH:0
end_of_record
SF:lib\viewmodels\auth_viewmodel.dart
DA:94,3
DA:100,3
DA:106,3
DA:114,2
DA:120,2
DA:127,1
DA:129,3
DA:137,1
DA:138,2
DA:139,2
DA:140,1
DA:147,1
DA:148,2
DA:149,1
DA:178,1
DA:180,1
DA:184,1
DA:189,2
DA:190,1
DA:224,1
DA:230,1
DA:234,1
DA:238,1
DA:243,2
DA:244,1
DA:246,1
DA:255,1
DA:256,2
DA:278,1
DA:279,1
DA:283,3
DA:295,1
DA:296,1
DA:297,1
DA:302,1
DA:303,1
DA:304,1
DA:318,1
DA:319,1
DA:320,1
DA:324,2
DA:325,1
DA:339,1
DA:340,1
DA:341,1
DA:345,2
DA:346,1
DA:361,1
DA:363,1
DA:371,1
DA:372,1
DA:380,1
DA:381,2
DA:389,1
DA:392,3
DA:393,1
LF:56
LH:56
end_of_record
SF:lib\viewmodels\recipe_detail_viewmodel.dart
DA:103,0
DA:108,0
DA:109,0
DA:111,0
DA:119,0
DA:121,0
DA:122,0
DA:130,0
DA:132,0
DA:133,0
DA:134,0
DA:135,0
DA:145,0
DA:151,0
DA:157,0
DA:163,0
DA:171,0
DA:177,0
DA:183,0
DA:189,0
DA:195,0
DA:201,0
DA:207,0
DA:232,0
DA:233,0
DA:236,0
DA:237,0
DA:238,0
DA:242,0
DA:243,0
DA:244,0
DA:245,0
DA:246,0
DA:247,0
DA:252,0
DA:253,0
DA:261,0
DA:287,0
DA:288,0
DA:289,0
DA:291,0
DA:293,0
DA:296,0
DA:297,0
DA:300,0
DA:301,0
DA:302,0
DA:303,0
DA:304,0
DA:309,0
DA:324,0
DA:325,0
DA:326,0
DA:333,0
DA:335,0
LF:55
LH:0
end_of_record
SF:lib\viewmodels\recipe_form_viewmodel.dart
DA:139,4
DA:144,0
DA:148,8
DA:149,8
DA:150,8
DA:151,8
DA:154,4
DA:158,4
DA:168,3
DA:174,12
DA:180,3
DA:186,3
DA:192,3
DA:198,3
DA:204,12
DA:211,1
DA:212,2
DA:214,5
DA:215,5
DA:216,5
DA:225,12
DA:231,12
DA:237,12
DA:243,12
DA:249,12
DA:255,12
DA:261,12
DA:267,12
DA:273,3
DA:279,3
DA:285,3
DA:293,0
DA:299,0
DA:305,0
DA:313,9
DA:319,0
DA:325,0
DA:331,0
DA:337,0
DA:345,0
DA:351,0
DA:357,0
DA:363,0
DA:371,12
DA:377,0
DA:383,0
DA:389,0
DA:395,3
DA:401,0
DA:407,0
DA:446,3
DA:447,6
DA:448,2
DA:452,3
DA:453,0
DA:457,6
DA:458,6
DA:461,3
DA:462,3
DA:464,6
DA:465,15
DA:470,6
DA:471,8
DA:472,2
DA:475,0
DA:478,0
DA:479,0
DA:482,0
DA:487,2
DA:488,0
DA:491,6
DA:498,0
DA:499,0
DA:502,6
DA:527,1
DA:528,2
DA:529,2
DA:533,2
DA:534,2
DA:537,1
DA:538,1
DA:540,4
DA:543,2
DA:544,0
DA:545,0
DA:550,0
DA:558,0
DA:559,0
DA:562,2
DA:587,1
DA:588,2
DA:589,2
DA:593,1
DA:594,2
DA:598,0
DA:600,0
DA:601,0
DA:602,0
DA:605,0
DA:606,0
DA:610,0
DA:613,0
DA:622,0
DA:637,3
DA:638,6
DA:639,3
DA:648,2
DA:649,4
DA:650,2
DA:659,1
DA:660,2
DA:661,1
DA:670,1
DA:671,2
DA:672,1
DA:681,1
DA:682,2
DA:683,1
DA:692,1
DA:693,2
DA:694,1
DA:703,1
DA:704,2
DA:705,1
DA:716,1
DA:717,2
DA:726,1
DA:727,2
DA:738,0
DA:739,0
DA:740,0
DA:749,0
DA:750,0
DA:751,0
DA:760,0
DA:761,0
DA:762,0
DA:763,0
DA:772,0
DA:773,0
DA:774,0
DA:783,0
DA:784,0
DA:785,0
DA:795,0
DA:796,0
DA:797,0
DA:803,1
DA:804,1
DA:808,0
DA:809,0
DA:813,0
DA:814,0
DA:818,0
DA:819,0
DA:823,0
DA:824,0
DA:825,0
DA:826,0
DA:831,0
DA:832,0
DA:836,3
DA:837,9
DA:841,3
DA:842,9
DA:846,3
DA:847,9
DA:851,1
DA:852,3
DA:853,1
DA:857,1
DA:858,3
DA:859,1
DA:863,0
DA:864,0
DA:865,0
DA:869,1
DA:870,3
DA:871,1
DA:875,1
DA:876,3
DA:877,1
DA:881,0
DA:882,0
DA:883,0
DA:887,1
DA:888,3
DA:889,1
DA:893,1
DA:894,3
DA:895,1
DA:899,0
DA:900,0
DA:901,0
DA:905,0
DA:906,0
DA:910,0
DA:911,0
DA:915,6
DA:918,0
DA:919,0
DA:920,0
DA:921,0
DA:922,0
DA:923,0
DA:924,0
DA:925,0
DA:926,0
DA:927,0
DA:928,0
DA:929,0
DA:933,0
DA:934,0
DA:936,0
DA:939,0
DA:940,0
DA:943,0
DA:944,0
DA:947,0
DA:948,0
DA:953,0
DA:954,0
DA:956,0
DA:959,0
DA:960,0
DA:962,0
DA:965,0
DA:966,0
DA:969,0
DA:970,0
DA:980,4
DA:981,12
DA:982,12
DA:983,12
DA:984,12
DA:992,3
DA:993,3
DA:1001,0
DA:1002,0
DA:1010,0
DA:1011,0
DA:1019,0
DA:1020,0
DA:1030,4
DA:1031,4
DA:1032,4
DA:1033,8
DA:1045,3
DA:1046,3
DA:1047,0
DA:1048,0
DA:1057,0
DA:1058,0
DA:1059,0
DA:1067,4
DA:1069,8
DA:1070,8
DA:1071,8
DA:1072,8
DA:1073,4
LF:260
LH:135
end_of_record
SF:lib\repositories\firebase\firebase_auth_repository.dart
DA:43,1
DA:44,0
DA:47,1
DA:48,2
DA:51,1
DA:52,2
DA:54,1
DA:55,2
DA:58,1
DA:59,3
DA:62,1
DA:67,2
DA:73,1
DA:75,2
DA:82,1
DA:84,2
DA:90,1
DA:92,1
DA:96,1
DA:98,2
DA:102,1
DA:103,2
DA:105,1
DA:107,3
DA:110,1
DA:111,1
LF:26
LH:25
end_of_record
SF:lib\repositories\firebase\base_firebase_repository.dart
DA:82,1
DA:85,0
DA:91,0
DA:92,0
DA:95,0
DA:96,0
DA:116,1
DA:117,2
DA:119,3
DA:125,3
DA:129,0
DA:131,0
DA:136,1
DA:137,1
DA:138,5
DA:143,0
DA:148,0
DA:151,0
DA:152,0
DA:153,0
DA:154,0
DA:156,0
DA:159,0
DA:160,0
DA:165,1
DA:168,1
DA:169,2
DA:171,1
DA:172,3
DA:176,0
DA:178,0
DA:179,0
DA:184,0
DA:187,0
DA:188,0
DA:190,0
DA:191,0
DA:194,0
DA:195,0
DA:200,0
DA:203,0
DA:204,0
DA:205,0
DA:206,0
DA:208,0
DA:210,0
DA:211,0
DA:216,0
DA:219,0
DA:220,0
DA:221,0
DA:223,0
DA:225,0
DA:226,0
DA:234,0
DA:236,0
DA:237,0
DA:238,0
DA:240,0
DA:241,0
DA:244,0
DA:245,0
DA:247,0
DA:248,0
DA:254,0
DA:256,0
DA:259,0
DA:262,0
DA:263,0
DA:266,0
DA:267,0
DA:272,0
DA:274,0
DA:275,0
DA:277,0
DA:278,0
DA:284,0
DA:286,0
DA:287,0
DA:289,0
DA:298,0
DA:300,0
DA:301,0
DA:303,0
DA:304,0
DA:310,0
DA:312,0
DA:313,0
DA:315,0
DA:324,1
DA:326,1
DA:330,1
DA:332,1
DA:340,0
DA:342,0
DA:343,0
DA:344,0
DA:346,0
DA:347,0
DA:350,0
DA:351,0
DA:353,0
DA:354,0
DA:359,0
DA:361,0
DA:362,0
DA:363,0
DA:365,0
DA:366,0
DA:369,0
DA:370,0
DA:372,0
DA:373,0
LF:113
LH:17
end_of_record
SF:lib\repositories\firebase\firebase_recipe_repository.dart
DA:67,1
DA:70,1
DA:77,1
DA:80,0
DA:82,0
DA:84,0
DA:85,0
DA:87,0
DA:88,0
DA:92,1
DA:95,1
DA:98,2
DA:99,1
DA:106,1
DA:107,1
DA:108,1
DA:112,0
DA:115,1
DA:118,1
DA:121,2
DA:123,1
DA:126,1
DA:130,0
DA:132,0
DA:134,0
DA:137,0
DA:140,1
DA:143,1
DA:146,1
DA:148,1
DA:155,0
DA:157,0
DA:162,0
DA:165,1
DA:169,1
DA:170,2
DA:171,4
DA:174,0
DA:180,0
DA:184,0
DA:185,0
DA:186,0
DA:187,0
DA:188,0
DA:191,0
DA:195,0
DA:199,0
DA:200,0
DA:202,0
DA:203,0
DA:204,0
DA:205,0
DA:207,0
DA:208,0
DA:209,0
DA:210,0
DA:213,0
DA:216,0
DA:219,0
DA:225,0
DA:226,0
DA:227,0
DA:228,0
DA:229,0
DA:230,0
DA:231,0
DA:232,0
DA:233,0
DA:234,0
DA:236,0
DA:237,0
DA:239,0
DA:243,0
DA:247,0
DA:248,0
DA:249,0
DA:250,0
DA:251,0
DA:252,0
DA:255,0
DA:258,0
DA:259,0
DA:260,0
DA:261,0
DA:262,0
DA:263,0
DA:265,0
DA:268,0
DA:272,0
DA:273,0
DA:274,0
DA:275,0
DA:276,0
DA:282,1
DA:283,1
DA:284,0
DA:286,1
DA:287,1
DA:288,1
DA:289,1
DA:290,1
DA:292,4
DA:296,1
DA:297,1
DA:298,0
DA:302,1
DA:303,1
DA:304,1
DA:305,1
DA:307,1
DA:308,1
DA:309,2
DA:310,1
DA:311,0
DA:312,1
DA:316,1
DA:317,1
DA:318,0
DA:320,1
DA:321,1
DA:322,1
DA:323,1
DA:324,1
DA:326,1
DA:327,2
DA:328,1
DA:329,1
DA:335,1
DA:337,1
DA:342,0
DA:343,0
DA:346,0
DA:347,0
DA:359,1
DA:361,1
DA:366,0
DA:367,0
DA:370,0
DA:371,0
DA:374,0
DA:375,0
DA:385,1
DA:387,1
DA:391,0
DA:392,0
DA:401,1
DA:402,1
DA:405,1
DA:407,1
DA:414,0
DA:416,0
DA:422,0
DA:423,0
DA:424,0
DA:426,0
DA:427,0
DA:429,0
DA:434,0
DA:439,1
DA:440,1
DA:443,1
DA:445,1
DA:452,0
DA:454,0
DA:460,0
DA:461,0
DA:462,0
DA:463,0
DA:465,0
DA:466,0
DA:471,0
LF:171
LH:67
end_of_record
SF:lib\repositories\firebase\firebase_messaging_repository.dart
DA:100,0
DA:103,0
DA:104,0
DA:109,0
DA:112,0
DA:114,0
DA:116,0
DA:117,0
DA:119,0
DA:120,0
DA:124,0
DA:125,0
DA:129,0
DA:133,0
DA:134,0
DA:135,0
DA:136,0
DA:137,0
DA:138,0
DA:140,0
DA:145,0
DA:148,0
DA:150,0
DA:155,0
DA:166,0
DA:176,0
DA:185,0
DA:187,0
DA:188,0
DA:190,0
DA:195,0
DA:204,0
DA:212,0
DA:215,0
DA:216,0
DA:217,0
DA:220,0
DA:222,0
DA:223,0
DA:225,0
DA:230,0
DA:237,0
DA:238,0
DA:239,0
DA:240,0
DA:241,0
DA:243,0
DA:244,0
DA:245,0
DA:246,0
DA:252,0
DA:257,0
DA:264,0
DA:266,0
DA:273,0
DA:276,0
DA:279,0
DA:281,0
DA:283,0
DA:288,0
DA:296,0
DA:298,0
DA:305,0
DA:306,0
DA:309,0
DA:310,0
DA:311,0
DA:312,0
DA:315,0
DA:316,0
DA:317,0
DA:320,0
DA:328,0
DA:331,0
DA:332,0
DA:333,0
DA:335,0
DA:337,0
DA:340,0
DA:342,0
DA:347,0
DA:353,0
DA:355,0
DA:362,0
DA:363,0
DA:366,0
DA:367,0
DA:368,0
DA:369,0
DA:371,0
DA:376,0
DA:379,0
DA:382,0
DA:383,0
DA:385,0
DA:387,0
DA:389,0
DA:391,0
DA:398,0
DA:404,0
DA:405,0
DA:406,0
DA:407,0
DA:408,0
DA:409,0
DA:410,0
DA:411,0
DA:412,0
DA:413,0
DA:415,0
DA:420,0
DA:427,0
DA:428,0
DA:429,0
DA:432,0
DA:435,0
DA:437,0
DA:438,0
DA:439,0
DA:440,0
DA:441,0
DA:443,0
DA:444,0
DA:448,0
DA:452,0
DA:454,0
DA:457,0
DA:461,0
DA:462,0
DA:464,0
DA:465,0
DA:470,0
DA:471,0
DA:474,0
DA:475,0
DA:476,0
DA:478,0
DA:480,0
DA:482,0
DA:487,0
DA:494,0
DA:495,0
DA:496,0
DA:500,0
DA:501,0
DA:502,0
DA:503,0
DA:505,0
DA:506,0
DA:507,0
DA:508,0
DA:514,0
DA:516,0
DA:518,0
DA:523,0
DA:529,0
DA:532,0
DA:535,0
DA:537,0
DA:542,0
DA:548,0
DA:550,0
DA:557,0
DA:558,0
DA:560,0
DA:565,0
DA:566,0
DA:567,0
DA:569,0
DA:574,0
DA:576,0
DA:578,0
DA:583,0
DA:589,0
DA:592,0
DA:593,0
DA:596,0
DA:598,0
DA:603,0
DA:606,0
DA:608,0
DA:610,0
DA:617,0
DA:620,0
DA:621,0
DA:623,0
DA:624,0
DA:628,0
DA:634,0
DA:635,0
DA:636,0
DA:637,0
DA:640,0
DA:641,0
DA:642,0
DA:645,0
DA:651,0
DA:656,0
DA:659,0
DA:660,0
DA:661,0
DA:663,0
DA:664,0
DA:665,0
DA:666,0
DA:668,0
DA:673,0
DA:684,0
DA:685,0
DA:686,0
DA:687,0
DA:688,0
DA:690,0
DA:691,0
DA:692,0
DA:693,0
DA:694,0
DA:695,0
DA:697,0
DA:698,0
DA:702,0
DA:705,0
DA:706,0
DA:707,0
DA:711,0
DA:716,0
DA:722,0
DA:723,0
DA:725,0
DA:726,0
DA:727,0
DA:728,0
DA:734,0
DA:736,0
DA:738,0
DA:743,0
DA:747,0
DA:748,0
DA:749,0
DA:753,0
DA:755,0
DA:757,0
DA:758,0
DA:759,0
DA:761,0
DA:762,0
DA:765,0
DA:766,0
DA:770,0
DA:772,0
DA:774,0
LF:251
LH:0
end_of_record
SF:lib\repositories\firebase\firebase_shopping_repository.dart
DA:82,0
DA:85,0
DA:86,0
DA:91,0
DA:94,0
DA:97,0
DA:99,0
DA:101,0
DA:103,0
DA:104,0
DA:108,0
DA:109,0
DA:113,0
DA:117,0
DA:120,0
DA:124,0
DA:125,0
DA:126,0
DA:127,0
DA:129,0
DA:130,0
DA:131,0
DA:134,0
DA:135,0
DA:140,0
DA:146,0
DA:148,0
DA:151,0
DA:153,0
DA:154,0
DA:157,0
DA:159,0
DA:162,0
DA:164,0
DA:172,0
DA:174,0
DA:180,0
DA:181,0
DA:182,0
DA:186,0
DA:187,0
DA:188,0
DA:189,0
DA:190,0
DA:192,0
DA:197,0
DA:201,0
DA:203,0
DA:206,0
DA:208,0
DA:216,0
DA:218,0
DA:223,0
DA:224,0
DA:225,0
DA:226,0
DA:227,0
DA:229,0
DA:234,0
DA:240,0
DA:242,0
DA:245,0
DA:250,0
DA:251,0
DA:252,0
DA:253,0
DA:258,0
DA:259,0
DA:263,0
DA:264,0
DA:269,0
DA:271,0
DA:273,0
DA:274,0
DA:275,0
DA:276,0
DA:277,0
DA:284,0
DA:286,0
DA:288,0
DA:289,0
DA:290,0
DA:291,0
DA:292,0
DA:293,0
DA:294,0
DA:302,0
DA:303,0
DA:305,0
DA:313,0
DA:316,0
DA:318,0
DA:326,0
DA:328,0
DA:334,0
DA:335,0
DA:336,0
DA:338,0
DA:340,0
DA:341,0
DA:342,0
DA:344,0
DA:345,0
DA:346,0
DA:351,0
DA:352,0
DA:355,0
DA:363,0
DA:365,0
DA:366,0
DA:368,0
DA:369,0
DA:376,0
DA:377,0
DA:379,0
DA:384,0
DA:385,0
DA:388,0
DA:389,0
DA:390,0
DA:391,0
DA:393,0
DA:396,0
DA:398,0
DA:400,0
DA:401,0
DA:403,0
DA:404,0
DA:411,0
DA:412,0
DA:414,0
DA:419,0
DA:422,0
DA:424,0
DA:427,0
DA:428,0
DA:429,0
DA:430,0
DA:431,0
DA:433,0
DA:434,0
DA:435,0
DA:436,0
DA:439,0
DA:447,0
DA:448,0
DA:451,0
DA:452,0
DA:453,0
DA:454,0
DA:458,0
DA:460,0
DA:461,0
DA:462,0
DA:463,0
DA:466,0
DA:467,0
DA:468,0
DA:469,0
DA:470,0
DA:471,0
DA:472,0
DA:476,0
DA:477,0
DA:478,0
DA:479,0
DA:480,0
DA:484,0
DA:487,0
DA:493,0
DA:496,0
DA:497,0
DA:498,0
DA:505,0
DA:508,0
DA:509,0
DA:511,0
DA:512,0
DA:514,0
DA:520,0
DA:521,0
DA:522,0
DA:524,0
DA:525,0
DA:526,0
DA:528,0
DA:532,0
DA:533,0
LF:188
LH:0
end_of_record
SF:lib\repositories\firebase\firebase_user_repository.dart
DA:69,0
DA:72,0
DA:73,0
DA:78,0
DA:81,0
DA:83,0
DA:85,0
DA:86,0
DA:88,0
DA:89,0
DA:94,0
DA:97,0
DA:98,0
DA:100,0
DA:105,0
DA:106,0
DA:107,0
DA:111,0
DA:112,0
DA:113,0
DA:115,0
DA:124,0
DA:127,0
DA:131,0
DA:133,0
DA:136,0
DA:138,0
DA:139,0
DA:141,0
DA:142,0
DA:143,0
DA:151,0
DA:158,0
DA:159,0
DA:165,0
DA:166,0
DA:168,0
DA:171,0
DA:172,0
DA:174,0
DA:179,0
DA:185,0
DA:188,0
DA:189,0
DA:195,0
DA:197,0
DA:200,0
DA:209,0
DA:212,0
DA:213,0
DA:214,0
DA:216,0
DA:219,0
DA:220,0
DA:221,0
DA:222,0
DA:223,0
DA:224,0
DA:226,0
DA:227,0
DA:228,0
DA:229,0
DA:230,0
DA:231,0
DA:236,0
DA:237,0
DA:238,0
DA:239,0
DA:240,0
DA:241,0
DA:242,0
DA:243,0
DA:244,0
DA:245,0
DA:246,0
DA:247,0
DA:248,0
DA:254,0
DA:255,0
DA:256,0
DA:257,0
DA:258,0
DA:259,0
DA:260,0
DA:261,0
DA:262,0
DA:263,0
DA:264,0
DA:265,0
DA:270,0
DA:271,0
DA:272,0
DA:273,0
DA:275,0
DA:281,0
DA:283,0
DA:284,0
DA:285,0
DA:286,0
DA:287,0
DA:288,0
DA:289,0
DA:293,0
DA:296,0
DA:297,0
DA:303,0
DA:305,0
DA:308,0
DA:317,0
DA:320,0
DA:321,0
DA:327,0
DA:331,0
DA:340,0
DA:343,0
DA:344,0
DA:350,0
DA:355,0
DA:364,0
DA:366,0
DA:367,0
DA:369,0
DA:370,0
DA:372,0
LF:124
LH:0
end_of_record
SF:lib\repositories\firebase\firebase_friends_repository.dart
DA:91,0
DA:94,0
DA:95,0
DA:98,0
DA:99,0
DA:100,0
DA:102,0
DA:103,0
DA:104,0
DA:106,0
DA:107,0
DA:108,0
DA:110,0
DA:111,0
DA:112,0
DA:118,0
DA:121,0
DA:123,0
DA:125,0
DA:126,0
DA:128,0
DA:129,0
DA:134,0
DA:135,0
DA:138,0
DA:140,0
DA:144,0
DA:145,0
DA:148,0
DA:150,0
DA:154,0
DA:156,0
DA:163,0
DA:165,0
DA:168,0
DA:170,0
DA:174,0
DA:175,0
DA:178,0
DA:180,0
DA:183,0
DA:185,0
DA:188,0
DA:190,0
DA:194,0
DA:195,0
DA:199,0
DA:200,0
DA:205,0
DA:207,0
DA:210,0
DA:212,0
DA:215,0
DA:217,0
DA:220,0
DA:222,0
DA:225,0
DA:227,0
DA:230,0
DA:232,0
DA:237,0
DA:239,0
DA:242,0
DA:245,0
DA:248,0
DA:250,0
DA:253,0
DA:255,0
DA:258,0
DA:260,0
DA:263,0
DA:266,0
DA:269,0
DA:271,0
DA:276,0
DA:278,0
DA:281,0
DA:283,0
DA:286,0
DA:288,0
DA:291,0
DA:293,0
DA:296,0
DA:299,0
DA:302,0
DA:305,0
DA:308,0
DA:311,0
DA:314,0
DA:317,0
DA:320,0
DA:324,0
DA:327,0
DA:329,0
DA:335,0
DA:336,0
DA:337,0
DA:338,0
DA:339,0
DA:341,0
DA:350,0
DA:351,0
DA:355,0
DA:356,0
DA:360,0
DA:361,0
DA:365,0
DA:366,0
DA:370,0
DA:371,0
DA:375,0
DA:376,0
DA:380,0
DA:381,0
DA:385,0
DA:386,0
DA:390,0
DA:391,0
DA:395,0
DA:396,0
LF:120
LH:0
end_of_record
SF:lib\repositories\interfaces\comments_repository.dart
DA:49,0
LF:1
LH:0
end_of_record
SF:lib\repositories\interfaces\ratings_repository.dart
DA:54,0
DA:64,0
DA:65,0
DA:66,0
DA:67,0
DA:68,0
DA:69,0
DA:70,0
DA:73,0
DA:75,0
DA:76,0
DA:77,0
DA:78,0
DA:79,0
DA:80,0
DA:92,0
DA:101,0
DA:102,0
DA:104,0
DA:105,0
DA:110,0
LF:21
LH:0
end_of_record
SF:lib\repositories\interfaces\notifications_repository.dart
DA:133,0
DA:145,0
DA:146,0
DA:147,0
DA:148,0
DA:149,0
DA:150,0
DA:151,0
DA:152,0
DA:153,0
DA:156,0
DA:158,0
DA:159,0
DA:160,0
DA:161,0
DA:163,0
DA:164,0
DA:165,0
DA:166,0
DA:167,0
DA:168,0
DA:183,0
DA:194,0
DA:195,0
DA:196,0
DA:197,0
DA:198,0
DA:199,0
DA:200,0
DA:201,0
DA:202,0
DA:205,0
DA:206,0
DA:207,0
DA:208,0
DA:209,0
DA:210,0
DA:211,0
DA:212,0
DA:213,0
LF:40
LH:0
end_of_record
SF:lib\repositories\firestore_repository.dart
DA:68,0
DA:77,0
DA:78,0
DA:89,0
DA:90,0
DA:94,0
DA:96,0
DA:99,0
DA:103,0
DA:106,0
DA:107,0
DA:111,0
DA:112,0
DA:116,0
DA:117,0
DA:121,0
DA:122,0
LF:17
LH:0
end_of_record
SF:lib\repositories\collaborative_recipe_repository.dart
DA:68,0
DA:69,0
DA:71,0
DA:72,0
DA:73,0
DA:74,0
DA:75,0
DA:78,0
DA:79,0
DA:80,0
DA:81,0
DA:82,0
DA:85,0
DA:86,0
DA:89,0
DA:90,0
DA:91,0
DA:92,0
DA:93,0
DA:94,0
DA:95,0
DA:98,0
DA:99,0
DA:102,0
DA:107,0
DA:108,0
DA:109,0
DA:110,0
DA:111,0
DA:112,0
DA:115,0
DA:120,0
DA:121,0
DA:122,0
DA:123,0
DA:124,0
DA:125,0
DA:128,0
DA:129,0
DA:133,0
DA:134,0
DA:135,0
DA:136,0
DA:137,0
DA:138,0
DA:139,0
DA:140,0
DA:146,0
DA:147,0
DA:148,0
DA:149,0
DA:150,0
DA:151,0
DA:152,0
DA:153,0
DA:154,0
DA:155,0
DA:156,0
DA:160,0
DA:161,0
DA:162,0
DA:163,0
DA:164,0
DA:165,0
DA:166,0
DA:169,0
DA:171,0
DA:175,0
DA:176,0
DA:177,0
DA:178,0
DA:179,0
DA:180,0
DA:181,0
DA:182,0
DA:187,0
DA:188,0
DA:189,0
DA:190,0
DA:191,0
DA:192,0
DA:193,0
DA:197,0
DA:198,0
DA:199,0
DA:200,0
DA:201,0
DA:202,0
DA:203,0
DA:207,0
DA:208,0
DA:209,0
DA:210,0
DA:211,0
DA:212,0
DA:213,0
DA:215,0
DA:216,0
DA:217,0
DA:218,0
DA:219,0
DA:221,0
DA:222,0
DA:223,0
DA:225,0
DA:228,0
DA:232,0
DA:233,0
DA:234,0
DA:235,0
DA:236,0
DA:237,0
DA:238,0
DA:240,0
DA:242,0
DA:243,0
DA:244,0
DA:249,0
DA:250,0
DA:254,0
DA:255,0
DA:258,0
DA:259,0
DA:260,0
DA:261,0
DA:262,0
DA:265,0
DA:267,0
DA:268,0
DA:269,0
DA:272,0
DA:273,0
DA:277,0
LF:133
LH:0
end_of_record
SF:lib\models\recipe_unified.dart
DA:172,78
DA:190,78
DA:191,73
DA:192,78
DA:193,78
DA:196,0
DA:213,0
DA:214,0
DA:215,0
DA:216,0
DA:217,0
DA:218,0
DA:219,0
DA:220,0
DA:221,0
DA:222,0
DA:223,0
DA:224,0
DA:225,0
DA:226,0
DA:227,0
DA:228,0
DA:229,0
DA:230,0
DA:235,0
DA:236,5
DA:237,0
DA:239,0
DA:240,0
DA:241,0
DA:242,0
DA:243,0
DA:244,0
DA:245,0
DA:248,1
DA:249,1
DA:250,1
DA:251,1
DA:252,1
DA:253,1
DA:254,1
DA:255,1
DA:256,1
DA:257,1
DA:258,1
DA:259,1
DA:260,1
DA:261,1
DA:262,2
DA:263,2
DA:264,1
DA:265,1
DA:266,1
DA:269,2
DA:270,1
DA:271,1
DA:272,1
DA:273,1
DA:274,1
DA:275,1
DA:276,1
DA:277,1
DA:278,1
DA:279,1
DA:280,1
DA:281,1
DA:282,2
DA:283,2
DA:284,1
DA:285,1
DA:286,1
DA:289,0
DA:290,0
DA:291,0
DA:292,0
DA:293,0
DA:294,0
DA:295,0
DA:296,0
DA:297,0
DA:298,0
DA:299,0
DA:300,0
DA:301,0
DA:302,0
DA:303,0
DA:304,0
DA:305,0
DA:306,0
DA:310,0
DA:311,0
DA:313,0
DA:314,0
DA:315,0
DA:316,0
DA:317,0
DA:318,0
DA:319,0
DA:320,0
DA:321,0
DA:322,0
DA:323,0
DA:324,0
DA:325,0
DA:326,0
DA:327,0
DA:328,0
DA:329,0
DA:330,0
DA:331,0
DA:332,0
DA:333,0
DA:334,0
DA:335,0
DA:340,0
DA:341,0
DA:355,2
DA:365,0
DA:366,0
DA:367,0
DA:368,0
DA:369,0
DA:370,0
DA:371,0
DA:372,0
DA:375,0
DA:376,0
DA:377,0
DA:378,0
DA:379,0
DA:380,0
DA:383,0
DA:384,0
DA:385,0
DA:386,0
DA:389,0
DA:398,0
DA:399,0
DA:400,0
DA:401,0
DA:402,0
DA:403,0
DA:404,0
DA:405,0
DA:420,0
DA:430,0
DA:431,0
DA:432,0
DA:433,0
DA:434,0
DA:435,0
DA:436,0
DA:437,0
DA:440,0
DA:441,0
DA:442,0
DA:443,0
DA:444,0
DA:447,0
DA:448,0
DA:449,0
DA:450,0
DA:451,0
DA:461,0
DA:467,0
DA:469,0
DA:470,0
DA:471,0
DA:472,0
DA:475,0
DA:476,0
DA:477,0
DA:478,0
DA:497,78
DA:506,219
DA:507,84
DA:508,57
DA:509,39
DA:510,48
DA:511,39
DA:512,27
DA:513,39
DA:514,39
DA:515,42
DA:516,18
DA:517,33
DA:518,9
DA:519,0
DA:520,6
DA:521,0
DA:522,0
DA:525,0
DA:526,3
DA:527,0
DA:528,0
DA:531,0
DA:532,0
DA:533,0
DA:537,0
DA:538,0
DA:539,0
DA:540,0
DA:541,0
DA:546,0
DA:551,0
DA:560,0
DA:566,0
DA:576,0
DA:581,0
DA:590,0
DA:595,0
DA:604,0
DA:610,0
DA:620,0
DA:625,0
DA:634,0
DA:638,0
DA:648,4
DA:663,4
DA:681,0
DA:700,0
DA:723,2
DA:724,2
DA:726,0
DA:727,0
DA:728,0
DA:733,0
DA:755,0
DA:756,0
DA:771,0
DA:773,0
DA:774,0
DA:775,0
DA:776,0
LF:234
LH:64
end_of_record
SF:lib\core\mixins\json_serializable_mixin.dart
DA:212,0
DA:213,0
DA:217,0
DA:219,0
DA:221,0
DA:223,0
DA:227,0
DA:228,0
DA:234,0
DA:236,0
DA:237,0
DA:238,0
DA:240,0
DA:242,0
DA:246,0
DA:250,0
DA:251,0
DA:253,0
DA:254,0
DA:256,0
DA:258,0
DA:263,0
DA:267,0
DA:268,0
DA:272,0
DA:276,0
DA:279,0
DA:281,0
DA:287,0
DA:288,0
DA:289,0
DA:294,0
DA:295,0
DA:296,0
DA:300,0
DA:301,0
DA:302,0
DA:303,0
DA:304,0
DA:306,0
DA:308,0
DA:315,0
DA:316,0
DA:317,0
DA:318,0
DA:319,0
DA:321,0
DA:323,0
DA:330,0
DA:331,0
DA:332,0
DA:333,0
DA:334,0
DA:340,0
DA:346,0
DA:347,0
DA:349,0
DA:351,0
DA:353,0
DA:356,0
DA:360,0
DA:366,0
DA:367,0
DA:369,0
DA:370,0
DA:371,0
DA:373,0
DA:375,0
DA:387,0
DA:388,0
DA:391,0
DA:392,0
DA:393,0
DA:394,0
DA:395,0
DA:396,0
DA:397,0
DA:398,0
DA:400,0
DA:408,0
DA:409,0
DA:410,0
DA:413,0
DA:416,0
DA:419,0
DA:420,0
DA:421,0
DA:422,0
DA:423,0
DA:424,0
DA:425,0
DA:426,0
DA:428,0
DA:436,0
DA:437,0
DA:443,0
DA:445,0
DA:446,0
DA:453,0
DA:454,0
DA:455,0
DA:456,0
DA:457,0
DA:458,0
DA:459,0
DA:460,0
DA:463,0
DA:467,0
DA:468,0
DA:469,0
DA:470,0
DA:471,0
DA:472,0
DA:473,0
DA:474,0
DA:475,0
DA:477,0
DA:484,0
DA:485,0
DA:486,0
DA:487,0
DA:488,0
DA:489,0
DA:490,0
DA:491,0
DA:494,0
DA:498,0
DA:499,0
DA:500,0
DA:501,0
DA:502,0
DA:503,0
DA:504,0
DA:505,0
DA:506,0
DA:508,0
DA:521,0
DA:522,0
DA:523,0
DA:524,0
DA:529,0
DA:530,0
DA:531,0
DA:532,0
DA:542,0
DA:543,0
DA:547,0
DA:548,0
DA:558,0
DA:559,0
DA:560,0
DA:561,0
DA:566,0
DA:567,0
DA:568,0
DA:569,0
DA:577,0
DA:580,0
DA:581,0
DA:584,0
DA:585,0
DA:587,0
DA:593,0
DA:597,0
DA:599,0
DA:605,0
DA:609,0
DA:610,0
DA:612,0
DA:618,0
DA:622,0
DA:623,0
DA:624,0
DA:632,0
DA:633,0
DA:635,0
DA:637,0
DA:638,0
DA:639,0
DA:640,0
DA:642,0
DA:643,0
DA:644,0
DA:645,0
DA:648,0
LF:185
LH:0
end_of_record
SF:lib\models\recipe_unified.g.dart
DA:13,0
DA:15,0
DA:16,0
DA:17,0
DA:19,0
DA:20,0
DA:21,0
DA:22,0
DA:23,0
DA:24,0
DA:25,0
DA:26,0
DA:27,0
DA:28,0
DA:29,0
DA:30,0
DA:31,0
DA:32,0
DA:33,0
DA:34,0
DA:35,0
DA:36,0
DA:40,0
DA:43,0
DA:44,0
DA:45,0
DA:46,0
DA:47,0
DA:48,0
DA:49,0
DA:50,0
DA:51,0
DA:52,0
DA:53,0
DA:54,0
DA:55,0
DA:56,0
DA:57,0
DA:58,0
DA:59,0
DA:60,0
DA:61,0
DA:62,0
DA:63,0
DA:64,0
DA:65,0
DA:66,0
DA:67,0
DA:68,0
DA:69,0
DA:70,0
DA:71,0
DA:72,0
DA:73,0
DA:74,0
DA:75,0
DA:76,0
DA:77,0
DA:80,0
DA:81,0
DA:83,0
DA:86,0
DA:87,0
DA:88,0
LF:64
LH:0
end_of_record
SF:lib\models\user_profile.dart
DA:85,75
DA:105,0
DA:122,0
DA:123,0
DA:124,0
DA:125,0
DA:126,0
DA:127,0
DA:128,0
DA:129,0
DA:130,0
DA:131,0
DA:132,0
DA:133,0
DA:134,0
DA:136,0
DA:137,0
DA:138,0
DA:143,0
DA:144,0
DA:145,0
DA:146,0
DA:150,1
DA:151,2
DA:153,4
DA:154,2
DA:155,0
DA:156,0
DA:157,0
DA:158,0
DA:160,6
DA:165,0
DA:166,0
DA:167,0
DA:169,0
DA:171,0
DA:173,0
DA:174,0
DA:175,0
DA:176,0
DA:177,0
DA:178,0
DA:180,0
DA:185,0
DA:186,0
DA:188,0
DA:189,0
DA:190,0
DA:194,0
DA:195,0
DA:199,1
DA:200,1
DA:201,2
DA:203,2
DA:204,2
DA:205,2
DA:206,4
DA:208,4
DA:213,0
DA:214,0
DA:215,0
DA:216,0
DA:217,0
DA:218,0
DA:219,0
DA:220,0
DA:221,0
DA:222,0
DA:223,0
DA:224,0
DA:225,0
DA:227,0
DA:228,0
DA:229,0
DA:233,0
DA:235,0
DA:236,0
DA:237,0
DA:238,0
DA:239,0
DA:240,0
DA:241,0
DA:242,0
DA:243,0
DA:244,0
DA:245,0
DA:246,0
DA:247,0
DA:249,0
DA:250,0
DA:251,0
DA:256,0
DA:257,0
DA:259,0
DA:260,0
DA:261,0
DA:262,0
DA:263,0
DA:264,0
DA:265,0
DA:266,0
DA:267,0
DA:268,0
DA:269,0
DA:270,0
DA:271,0
DA:272,0
DA:273,0
DA:275,0
DA:276,0
DA:277,0
DA:278,0
DA:279,0
DA:281,0
DA:286,0
DA:287,0
DA:288,0
DA:289,0
DA:290,0
DA:291,0
DA:292,0
DA:293,0
DA:294,0
DA:295,0
DA:296,0
DA:297,0
DA:298,0
DA:299,0
DA:301,0
DA:302,0
DA:303,0
DA:307,0
DA:308,0
DA:309,0
DA:313,0
DA:315,0
DA:318,0
DA:321,0
DA:324,0
DA:325,0
LF:140
LH:14
end_of_record
SF:lib\models\permissions\resource_permission.dart
DA:100,0
DA:106,0
DA:112,0
DA:120,0
DA:122,0
DA:124,0
DA:126,0
DA:128,0
DA:130,0
DA:132,0
DA:162,0
DA:163,0
DA:164,0
DA:166,0
DA:168,0
DA:170,0
DA:172,0
DA:174,0
DA:187,0
DA:188,0
DA:200,0
DA:210,0
DA:220,0
DA:221,0
DA:223,0
DA:234,0
DA:235,0
DA:244,0
DA:245,0
DA:254,0
DA:255,0
DA:268,0
DA:269,0
LF:33
LH:0
end_of_record
SF:lib\models\recipe\recipe_factory.dart
DA:20,78
DA:35,78
DA:36,78
DA:56,0
DA:63,0
DA:64,0
DA:79,0
DA:95,0
DA:96,0
DA:112,0
DA:124,2
DA:143,2
DA:144,2
DA:160,2
DA:163,2
DA:174,0
DA:191,0
DA:192,0
DA:208,0
DA:211,0
DA:215,0
DA:219,0
DA:229,0
DA:235,0
DA:236,0
DA:239,0
DA:240,0
DA:245,0
DA:251,0
DA:256,0
DA:265,0
DA:266,0
DA:269,0
DA:270,0
DA:275,0
DA:278,0
DA:283,0
DA:288,0
DA:292,0
DA:293,0
DA:296,0
DA:297,0
DA:299,0
DA:300,0
DA:302,0
DA:303,0
DA:304,0
DA:308,0
DA:313,0
DA:318,0
DA:319,0
DA:320,0
DA:322,0
DA:323,0
DA:324,0
DA:325,0
DA:326,0
DA:327,0
DA:328,0
DA:330,0
DA:331,0
DA:332,0
DA:333,0
DA:334,0
DA:335,0
DA:345,0
DA:350,0
DA:351,0
DA:354,0
DA:355,0
DA:364,0
DA:376,0
DA:377,0
DA:387,0
DA:396,0
DA:402,0
DA:403,0
DA:404,0
DA:405,0
DA:408,0
DA:409,0
DA:415,0
DA:416,0
DA:428,0
DA:429,0
LF:85
LH:8
end_of_record
SF:lib\services\unified\types\recipe_types.dart
DA:27,72
DA:33,72
DA:34,72
DA:40,2
DA:41,2
DA:43,0
DA:44,0
DA:68,0
DA:89,0
DA:108,0
DA:127,0
DA:135,0
DA:140,0
DA:148,0
DA:153,0
DA:179,0
DA:188,0
DA:194,0
DA:203,0
DA:208,0
LF:20
LH:5
end_of_record
SF:lib\services\unified\operations\personal_recipe_operations.dart
DA:53,1
DA:56,0
DA:58,0
DA:59,0
DA:60,0
DA:61,0
DA:62,0
DA:63,0
DA:64,0
DA:65,0
DA:66,0
DA:67,0
DA:68,0
DA:69,0
DA:73,0
DA:74,0
DA:76,0
DA:81,0
DA:83,0
DA:86,0
DA:87,0
DA:89,0
DA:94,0
DA:97,0
DA:99,0
DA:100,0
DA:101,0
DA:102,0
DA:104,0
DA:108,0
DA:109,0
DA:110,0
DA:111,0
DA:112,0
DA:113,0
DA:115,0
DA:116,0
DA:117,0
DA:120,0
DA:121,0
DA:126,0
DA:139,0
DA:154,0
DA:155,0
DA:159,0
DA:160,0
DA:163,0
DA:176,0
DA:191,0
DA:192,0
DA:195,0
DA:196,0
DA:199,0
DA:200,0
DA:203,0
DA:204,0
DA:207,0
DA:208,0
DA:211,0
DA:212,0
DA:215,0
DA:216,0
DA:220,0
DA:221,0
DA:224,0
DA:225,0
LF:66
LH:1
end_of_record
SF:lib\services\unified\operations\social_recipe_operations.dart
DA:82,1
DA:90,2
DA:92,1
DA:95,0
DA:97,0
DA:100,2
DA:101,1
DA:105,4
DA:106,4
DA:107,4
DA:108,3
DA:109,6
DA:110,3
DA:112,1
DA:118,0
DA:123,0
DA:132,0
DA:144,0
DA:148,0
DA:155,0
DA:165,0
DA:180,0
DA:187,0
DA:196,0
DA:200,0
DA:207,0
DA:212,0
DA:220,0
DA:221,0
DA:225,0
DA:226,0
DA:230,0
DA:231,0
DA:237,0
DA:243,0
DA:252,0
DA:257,0
DA:265,0
DA:271,0
DA:280,0
DA:287,0
DA:297,0
DA:302,0
DA:310,0
DA:316,0
DA:327,0
DA:333,0
DA:342,0
DA:348,0
DA:357,0
DA:361,0
DA:368,0
DA:369,0
DA:373,0
DA:374,0
DA:378,0
DA:379,0
DA:383,0
DA:384,0
DA:390,0
DA:395,0
DA:403,0
DA:404,0
DA:408,0
DA:409,0
DA:413,0
DA:418,0
DA:426,0
DA:427,0
DA:433,0
DA:435,0
DA:436,0
DA:437,0
DA:438,0
DA:439,0
DA:440,0
DA:441,0
DA:442,0
DA:443,0
DA:444,0
DA:445,0
DA:447,0
DA:449,0
DA:450,0
DA:455,0
DA:458,0
DA:460,0
DA:465,0
DA:466,0
DA:468,0
DA:474,0
DA:475,0
DA:477,0
DA:481,0
DA:482,0
DA:484,0
DA:488,0
DA:489,0
DA:491,0
DA:495,0
DA:496,0
DA:498,0
DA:502,0
DA:503,0
DA:505,0
DA:509,0
DA:510,0
DA:512,0
DA:516,0
DA:517,0
DA:519,0
DA:523,0
DA:524,0
DA:525,0
DA:526,0
DA:532,0
DA:533,0
DA:537,0
DA:538,0
DA:542,0
DA:543,0
DA:547,0
DA:549,0
DA:550,0
DA:552,0
LF:125
LH:12
end_of_record
SF:lib\services\unified\operations\realtime_recipe_operations.dart
DA:95,0
DA:107,1
DA:109,4
DA:110,4
DA:111,4
DA:112,4
DA:113,3
DA:115,1
DA:121,0
DA:122,0
DA:123,0
DA:125,0
DA:129,0
DA:133,0
DA:141,0
DA:142,0
DA:143,0
DA:145,0
DA:149,0
DA:150,0
DA:154,0
DA:157,0
DA:160,0
DA:161,0
DA:165,0
DA:166,0
DA:170,0
DA:175,0
DA:183,0
DA:188,0
DA:196,0
DA:197,0
DA:201,0
DA:202,0
DA:208,0
DA:209,0
DA:213,0
DA:215,0
DA:216,0
DA:220,0
DA:221,0
DA:223,0
DA:229,0
DA:230,0
DA:234,0
DA:235,0
DA:239,0
DA:241,0
DA:242,0
DA:245,0
DA:247,0
DA:250,0
DA:252,0
DA:253,0
DA:257,0
DA:258,0
DA:262,0
DA:267,0
DA:275,0
DA:277,0
DA:289,0
DA:294,0
DA:302,0
DA:304,0
DA:316,0
DA:317,0
DA:321,0
DA:327,0
DA:336,0
DA:338,0
DA:339,0
DA:351,0
DA:357,0
DA:366,0
DA:367,0
DA:371,0
DA:372,0
DA:376,0
DA:377,0
DA:381,0
DA:382,0
DA:388,0
DA:389,0
DA:393,0
DA:395,0
DA:403,0
DA:404,0
DA:408,0
DA:411,0
DA:415,0
DA:416,0
DA:420,0
DA:421,0
DA:425,0
DA:426,0
DA:430,0
DA:432,0
DA:440,0
DA:441,0
DA:445,0
DA:448,0
DA:452,0
DA:453,0
DA:457,0
DA:458,0
DA:462,0
DA:463,0
DA:467,0
DA:468,0
DA:472,0
DA:473,0
DA:477,0
DA:478,0
DA:482,0
DA:483,0
DA:487,0
DA:491,0
DA:498,0
DA:499,0
DA:503,0
DA:504,0
DA:510,0
DA:511,0
DA:515,0
DA:516,0
DA:520,0
DA:521,0
DA:525,0
DA:526,0
DA:530,0
DA:533,0
DA:537,0
DA:538,0
DA:542,0
DA:543,0
DA:547,0
DA:548,0
DA:552,0
DA:555,0
DA:559,0
DA:560,0
DA:564,0
DA:568,0
DA:575,0
DA:578,0
DA:582,0
DA:583,0
DA:587,0
DA:588,0
DA:592,0
DA:593,0
DA:599,0
DA:600,0
DA:601,0
DA:604,0
DA:605,0
DA:606,0
DA:609,0
DA:615,0
DA:616,0
DA:617,0
DA:618,0
DA:619,0
DA:620,0
DA:622,0
DA:625,0
DA:628,0
DA:629,0
DA:631,0
DA:632,0
DA:633,0
DA:639,0
DA:640,0
DA:641,0
DA:642,0
DA:643,0
DA:644,0
DA:651,0
DA:653,0
DA:654,0
DA:655,0
DA:656,0
DA:662,0
LF:183
LH:7
end_of_record
SF:lib\models\realtime\realtime_recipe.dart
DA:27,72
DA:40,72
DA:45,72
DA:53,72
DA:59,72
DA:60,144
DA:61,72
DA:62,0
DA:75,0
DA:86,0
DA:87,0
DA:99,0
DA:107,0
DA:112,0
DA:113,0
DA:119,0
DA:127,0
DA:132,0
DA:133,0
DA:139,0
DA:147,0
DA:152,0
DA:153,0
DA:159,0
DA:167,0
DA:172,0
DA:173,0
DA:179,0
DA:187,0
DA:192,0
DA:193,0
DA:199,0
DA:207,0
DA:212,0
DA:213,0
DA:219,0
DA:227,0
DA:232,0
DA:233,0
DA:239,0
DA:247,0
DA:252,0
DA:253,0
DA:259,0
DA:267,0
DA:272,0
DA:273,0
DA:279,0
DA:288,0
DA:289,0
DA:290,0
DA:291,0
DA:292,0
DA:293,0
DA:294,0
DA:295,0
DA:296,0
DA:297,0
DA:298,0
DA:299,0
DA:300,0
DA:301,0
DA:302,0
DA:303,0
DA:308,0
DA:310,0
DA:311,0
DA:316,0
DA:320,0
DA:322,0
DA:323,0
DA:327,0
DA:331,0
DA:333,0
DA:334,0
DA:339,0
DA:343,0
DA:344,0
DA:348,0
DA:349,0
DA:353,0
DA:355,0
DA:360,0
DA:362,0
DA:369,0
DA:383,0
DA:402,0
DA:404,0
DA:405,0
DA:408,0
DA:409,0
DA:410,0
DA:412,0
DA:416,0
DA:418,0
DA:419,0
DA:421,0
DA:422,0
DA:423,0
DA:424,0
DA:425,0
DA:426,0
DA:427,0
DA:428,0
DA:429,0
DA:430,0
DA:431,0
DA:437,0
DA:438,0
DA:439,0
DA:440,0
DA:445,0
DA:455,0
DA:456,0
DA:457,0
DA:458,0
DA:459,0
DA:460,0
DA:461,0
DA:462,0
DA:464,0
DA:465,0
DA:466,0
DA:467,0
DA:468,0
DA:473,0
DA:483,0
DA:484,0
DA:485,0
DA:486,0
DA:487,0
DA:488,0
DA:489,0
DA:490,0
DA:492,0
DA:493,0
DA:494,0
DA:495,0
DA:496,0
DA:503,0
DA:504,0
DA:505,0
DA:507,0
DA:508,0
DA:509,0
DA:510,0
DA:511,0
DA:512,0
DA:513,0
DA:514,0
DA:515,0
DA:516,0
DA:517,0
DA:518,0
DA:519,0
DA:529,0
DA:530,0
DA:532,0
DA:533,0
DA:536,0
DA:537,0
DA:540,0
DA:541,0
DA:543,0
DA:544,0
DA:547,0
DA:551,0
DA:552,0
DA:554,0
DA:555,0
DA:556,0
DA:558,0
DA:559,0
DA:562,0
DA:563,0
DA:566,0
DA:567,0
DA:568,0
LF:178
LH:7
end_of_record
SF:lib\models\realtime\live_editor.dart
DA:115,72
DA:130,0
DA:131,0
DA:132,0
DA:133,0
DA:134,0
DA:135,0
DA:136,0
DA:145,0
DA:146,0
DA:147,0
DA:148,0
DA:149,0
DA:150,0
DA:151,0
DA:162,0
DA:169,0
DA:170,0
DA:171,0
DA:172,0
DA:173,0
DA:174,0
DA:189,0
DA:190,0
DA:191,0
DA:192,0
DA:193,0
DA:202,0
DA:203,0
DA:212,0
DA:213,0
DA:222,0
DA:223,0
DA:234,0
DA:235,0
DA:244,0
DA:247,0
DA:254,0
DA:255,0
DA:261,0
DA:263,0
LF:41
LH:1
end_of_record
SF:lib\core\base\base_service.dart
DA:80,0
DA:81,0
DA:82,0
DA:83,0
DA:97,0
DA:109,0
DA:110,0
DA:111,0
DA:112,0
DA:127,0
DA:163,1
DA:175,0
DA:176,0
DA:180,0
DA:181,0
DA:186,0
DA:187,0
DA:193,1
DA:195,2
DA:203,0
DA:210,0
DA:213,0
DA:214,0
DA:215,0
DA:218,0
DA:219,0
DA:220,0
DA:223,0
DA:225,0
DA:237,0
DA:243,0
DA:244,0
DA:245,0
DA:248,0
DA:249,0
DA:252,0
DA:253,0
DA:254,0
DA:261,0
DA:262,0
DA:263,0
DA:264,0
DA:268,0
DA:269,0
DA:270,0
DA:271,0
DA:277,0
DA:278,0
DA:279,0
DA:280,0
DA:283,0
DA:290,0
DA:296,0
DA:297,0
DA:301,0
DA:312,0
DA:313,0
DA:314,0
DA:315,0
DA:316,0
DA:324,0
DA:331,0
DA:335,0
DA:345,0
DA:349,0
DA:355,0
DA:359,0
DA:365,0
DA:369,0
DA:375,0
DA:376,0
DA:379,0
DA:384,0
DA:385,0
DA:396,0
DA:397,0
DA:398,0
DA:407,0
DA:412,0
DA:414,0
DA:418,0
DA:419,0
DA:432,0
DA:438,0
DA:439,0
DA:441,0
DA:452,0
DA:453,0
DA:461,0
DA:462,0
DA:472,0
DA:473,0
DA:474,0
LF:93
LH:3
end_of_record
SF:lib\core\utils\logger.dart
DA:81,9
DA:82,9
DA:83,9
DA:106,13
DA:107,13
DA:108,13
DA:131,1
DA:132,1
DA:133,1
DA:157,12
DA:158,12
DA:159,12
DA:189,5
DA:190,10
DA:191,5
DA:192,5
DA:197,5
DA:216,0
DA:217,0
DA:236,0
DA:237,0
DA:256,0
DA:257,0
LF:23
LH:17
end_of_record
SF:lib\core\constants\app_strings.dart
DA:6,0
DA:53,0
DA:56,0
DA:57,0
DA:58,0
DA:59,0
DA:85,0
DA:86,0
DA:87,0
DA:88,0
DA:91,0
DA:92,0
DA:93,0
DA:94,0
DA:97,0
DA:198,0
DA:199,0
DA:200,0
DA:202,0
DA:203,0
DA:204,0
DA:205,0
DA:207,0
DA:213,0
DA:214,0
DA:218,0
DA:219,0
DA:223,0
DA:224,0
LF:29
LH:0
end_of_record
SF:lib\core\di\interfaces\di_module.dart
DA:74,0
DA:84,0
DA:91,0
DA:93,0
DA:94,0
DA:101,0
DA:103,0
DA:106,0
DA:117,0
DA:118,0
DA:119,0
LF:11
LH:0
end_of_record
SF:lib\core\bootstrap\stages\bootstrap_stage.dart
DA:67,0
DA:73,0
DA:83,96
DA:90,0
DA:92,0
DA:93,0
DA:100,0
DA:106,0
DA:108,0
DA:118,0
DA:119,0
DA:120,0
DA:124,0
DA:129,0
DA:130,0
DA:133,0
DA:137,0
DA:141,0
DA:146,0
DA:148,0
DA:149,0
DA:152,0
LF:22
LH:1
end_of_record
SF:lib\core\cache\json_cache_helper.dart
DA:13,1
DA:15,1
DA:16,2
DA:17,1
DA:18,1
DA:22,1
DA:23,1
DA:24,1
DA:26,3
DA:29,1
DA:30,2
DA:31,0
DA:35,3
DA:37,2
DA:39,2
DA:43,4
DA:44,3
DA:45,1
DA:47,1
DA:52,0
DA:54,0
DA:55,0
DA:56,0
DA:58,0
DA:61,0
DA:66,0
DA:68,0
DA:69,0
DA:75,0
DA:76,0
DA:79,0
DA:84,0
DA:86,0
DA:87,0
DA:88,0
DA:90,0
DA:93,0
DA:98,0
DA:100,0
DA:101,0
DA:107,0
DA:108,0
DA:109,0
DA:112,0
DA:117,1
DA:119,1
DA:120,1
DA:122,3
DA:125,0
DA:130,0
DA:132,0
DA:133,0
DA:135,0
DA:140,1
DA:142,1
DA:143,3
DA:145,2
DA:146,1
DA:150,0
DA:152,0
DA:153,0
DA:155,0
DA:158,0
DA:163,0
DA:165,0
DA:166,0
DA:167,0
DA:169,0
DA:172,0
DA:175,0
DA:176,0
DA:177,0
DA:179,0
DA:184,0
DA:188,0
DA:190,0
DA:191,0
DA:193,0
DA:195,0
DA:199,0
DA:200,0
DA:202,0
DA:204,0
DA:210,0
DA:211,0
DA:214,0
DA:216,0
DA:218,0
DA:220,0
DA:221,0
DA:224,0
DA:228,0
DA:230,0
DA:236,0
DA:238,0
DA:241,0
DA:242,0
DA:244,0
DA:245,0
DA:250,0
DA:255,0
DA:257,0
DA:258,0
DA:261,0
DA:266,0
DA:271,0
DA:273,0
DA:274,0
DA:275,0
DA:277,0
DA:287,0
DA:293,0
DA:295,0
DA:300,1
DA:301,1
DA:304,0
DA:305,0
DA:308,0
DA:309,0
DA:312,0
DA:313,0
LF:121
LH:29
end_of_record
SF:lib\core\di\interfaces\service_health.dart
DA:39,0
DA:45,0
DA:48,0
DA:53,0
DA:62,0
DA:67,0
DA:75,0
DA:77,0
DA:78,0
DA:79,0
DA:80,0
DA:89,0
DA:92,0
DA:95,0
DA:98,0
DA:101,0
DA:104,0
DA:105,0
DA:108,0
DA:109,0
DA:110,0
DA:111,0
DA:112,0
DA:113,0
DA:116,0
DA:118,0
DA:119,0
DA:129,0
DA:133,0
DA:136,0
DA:137,0
DA:138,0
DA:140,0
DA:143,0
DA:144,0
DA:149,0
DA:151,0
DA:155,0
DA:159,0
DA:160,0
DA:162,0
DA:163,0
DA:171,0
DA:174,0
DA:175,0
DA:177,0
DA:178,0
DA:184,0
DA:190,0
DA:191,0
DA:193,0
DA:195,0
LF:52
LH:0
end_of_record
SF:lib\core\exceptions\permission_exceptions.dart
DA:141,1
DA:148,0
DA:150,0
DA:151,0
DA:152,0
DA:153,0
DA:154,0
DA:156,0
DA:166,2
DA:172,2
DA:174,2
DA:175,4
DA:176,6
DA:177,6
DA:179,2
DA:188,1
DA:190,1
DA:192,5
DA:201,1
DA:203,1
DA:205,3
DA:215,0
DA:217,0
DA:219,0
DA:220,0
DA:221,0
DA:222,0
DA:224,0
LF:28
LH:14
end_of_record
SF:lib\core\form\form_fields_manager.dart
DA:132,4
DA:137,4
DA:138,12
DA:140,8
DA:141,0
DA:146,3
DA:148,3
DA:151,3
DA:153,12
DA:154,3
DA:157,6
DA:158,9
DA:161,3
DA:162,0
DA:163,0
DA:167,6
DA:170,4
DA:171,8
DA:172,0
DA:176,9
DA:180,6
DA:186,0
DA:187,0
DA:192,0
DA:193,0
DA:196,0
DA:199,0
DA:200,0
DA:201,0
DA:204,0
DA:208,1
DA:209,4
DA:211,2
DA:212,1
DA:214,2
DA:215,0
DA:217,0
DA:218,0
DA:224,4
DA:225,8
DA:226,8
DA:227,8
DA:228,0
DA:233,1
DA:234,1
DA:238,1
DA:239,2
DA:243,0
DA:244,0
DA:248,3
DA:249,6
DA:253,0
DA:256,0
DA:259,0
DA:260,0
DA:264,0
DA:265,0
DA:266,0
DA:268,0
DA:269,0
DA:273,0
DA:274,0
DA:275,0
DA:281,3
DA:282,6
DA:283,6
DA:286,6
DA:287,6
DA:292,3
DA:293,3
DA:295,9
DA:296,6
DA:297,3
DA:298,0
DA:299,0
DA:303,3
DA:304,0
DA:309,0
DA:310,0
DA:312,0
DA:313,0
DA:315,0
DA:317,0
DA:318,0
DA:320,0
DA:321,0
DA:326,0
DA:327,0
DA:331,0
DA:332,0
DA:333,0
DA:334,0
LF:92
LH:43
end_of_record
SF:lib\core\types\app_timestamp.dart
DA:163,0
DA:166,0
DA:167,0
DA:170,0
DA:171,0
DA:174,0
DA:175,0
DA:178,0
DA:179,0
DA:182,0
DA:183,0
DA:186,0
DA:189,0
DA:192,0
DA:195,0
DA:198,0
DA:199,0
DA:200,0
DA:201,0
DA:202,0
DA:203,0
DA:206,0
DA:207,0
DA:208,0
DA:211,0
DA:212,0
DA:214,0
DA:215,0
DA:217,0
DA:218,0
DA:221,0
DA:224,0
DA:227,0
DA:228,0
DA:230,0
DA:231,0
DA:234,0
DA:235,0
DA:239,0
DA:240,0
LF:40
LH:0
end_of_record
SF:lib\core\utils\connectivity_check.dart
DA:98,0
DA:100,0
DA:102,0
DA:103,0
DA:104,0
DA:143,0
DA:144,0
DA:151,0
DA:153,0
DA:154,0
DA:155,0
DA:158,0
DA:194,0
DA:196,0
DA:197,0
DA:199,0
DA:246,0
DA:249,0
DA:255,0
DA:262,0
LF:20
LH:0
end_of_record
SF:lib\core\utils\error_handler.dart
DA:117,0
DA:120,0
DA:159,0
DA:167,0
DA:176,0
DA:180,0
DA:187,0
DA:189,0
DA:197,0
DA:207,0
DA:213,0
DA:214,0
DA:221,0
DA:222,0
DA:223,0
DA:227,0
DA:236,0
DA:237,0
DA:238,0
DA:240,0
DA:244,0
DA:246,0
DA:247,0
DA:248,0
DA:252,0
DA:253,0
DA:254,0
DA:255,0
DA:259,0
DA:260,0
DA:261,0
DA:265,0
DA:266,0
DA:267,0
DA:271,0
DA:272,0
DA:273,0
DA:280,0
DA:282,0
DA:284,0
DA:286,0
DA:288,0
DA:290,0
DA:295,0
DA:297,0
DA:298,0
DA:303,0
DA:304,0
DA:309,0
DA:310,0
DA:315,0
DA:316,0
DA:321,0
DA:322,0
DA:330,0
DA:332,0
DA:333,0
DA:334,0
DA:336,0
DA:337,0
DA:342,0
DA:344,0
DA:345,0
DA:346,0
DA:348,0
DA:350,0
DA:358,0
DA:362,0
DA:365,0
DA:367,0
DA:369,0
DA:371,0
DA:373,0
DA:375,0
DA:377,0
DA:379,0
DA:381,0
DA:383,0
DA:386,0
DA:389,0
DA:394,0
DA:396,0
DA:402,0
DA:407,0
DA:409,0
DA:410,0
DA:414,0
DA:415,0
DA:423,0
DA:424,0
DA:426,0
DA:427,0
DA:428,0
DA:429,0
DA:430,0
DA:435,0
DA:437,0
DA:438,0
DA:439,0
DA:441,0
DA:442,0
DA:443,0
DA:444,0
DA:445,0
DA:446,0
DA:447,0
DA:450,0
DA:454,0
DA:456,0
DA:457,0
DA:458,0
DA:459,0
DA:460,0
DA:461,0
DA:462,0
DA:463,0
DA:464,0
DA:465,0
DA:466,0
DA:467,0
DA:469,0
DA:495,0
DA:506,0
DA:507,0
DA:508,0
DA:509,0
DA:510,0
DA:511,0
DA:512,0
DA:513,0
DA:514,0
LF:131
LH:0
end_of_record
SF:lib\core\utils\service_optimizer.dart
DA:183,0
DA:186,0
DA:204,0
DA:210,0
DA:211,0
DA:215,0
DA:216,0
DA:220,0
DA:221,0
DA:224,0
DA:225,0
DA:228,0
DA:229,0
DA:234,0
DA:235,0
DA:237,0
DA:240,0
DA:245,0
DA:256,0
DA:258,0
DA:264,0
DA:266,0
DA:267,0
DA:271,0
DA:272,0
DA:273,0
DA:278,0
DA:282,0
DA:289,0
DA:291,0
DA:292,0
DA:296,0
DA:302,0
DA:305,0
DA:313,0
DA:321,0
DA:322,0
DA:324,0
DA:325,0
DA:327,0
DA:331,0
DA:334,0
DA:338,0
DA:339,0
DA:341,0
DA:342,0
DA:344,0
DA:345,0
DA:347,0
DA:348,0
DA:350,0
DA:351,0
DA:356,0
DA:357,0
DA:362,0
DA:364,0
DA:366,0
DA:368,0
DA:370,0
DA:372,0
DA:380,0
DA:381,0
DA:382,0
DA:384,0
DA:385,0
DA:387,0
DA:389,0
DA:390,0
DA:391,0
DA:392,0
DA:393,0
DA:394,0
DA:395,0
DA:396,0
DA:397,0
DA:402,0
DA:403,0
DA:404,0
DA:406,0
DA:407,0
DA:408,0
DA:409,0
DA:411,0
DA:413,0
DA:415,0
DA:418,0
DA:420,0
DA:421,0
DA:422,0
DA:423,0
DA:428,0
DA:429,0
DA:432,0
DA:433,0
DA:434,0
DA:438,0
DA:439,0
DA:440,0
DA:444,0
DA:445,0
DA:448,0
DA:453,0
DA:454,0
DA:455,0
DA:458,0
DA:459,0
DA:463,0
DA:464,0
DA:465,0
DA:466,0
DA:469,0
DA:470,0
DA:474,0
DA:479,0
DA:480,0
DA:483,0
DA:484,0
DA:486,0
DA:487,0
DA:491,0
DA:492,0
DA:494,0
DA:497,0
DA:500,0
DA:503,0
DA:510,0
DA:511,0
DA:512,0
DA:514,0
DA:517,0
DA:518,0
DA:524,0
DA:526,0
DA:527,0
DA:528,0
DA:529,0
DA:532,0
DA:533,0
DA:534,0
DA:535,0
DA:536,0
DA:537,0
DA:538,0
DA:539,0
DA:542,0
DA:543,0
DA:545,0
DA:546,0
DA:547,0
DA:548,0
DA:552,0
DA:553,0
DA:554,0
DA:555,0
DA:556,0
DA:557,0
DA:560,0
DA:562,0
LF:158
LH:0
end_of_record
SF:lib\core\utils\logging_utils.dart
DA:220,0
DA:226,0
DA:234,0
DA:235,0
DA:237,0
DA:240,0
DA:243,0
DA:244,0
DA:245,0
DA:246,0
DA:247,0
DA:250,0
DA:255,0
DA:256,0
DA:257,0
DA:258,0
DA:259,0
DA:260,0
DA:267,0
DA:275,0
DA:276,0
DA:278,0
DA:281,0
DA:284,0
DA:285,0
DA:286,0
DA:287,0
DA:288,0
DA:291,0
DA:296,0
DA:297,0
DA:298,0
DA:299,0
DA:300,0
DA:301,0
DA:310,0
DA:316,0
DA:317,0
DA:319,0
DA:320,0
DA:321,0
DA:322,0
DA:323,0
DA:329,0
DA:335,0
DA:336,0
DA:339,0
DA:340,0
DA:341,0
DA:342,0
DA:343,0
DA:349,0
DA:355,0
DA:356,0
DA:358,0
DA:359,0
DA:360,0
DA:361,0
DA:362,0
DA:368,0
DA:374,0
DA:375,0
DA:377,0
DA:378,0
DA:379,0
DA:380,0
DA:381,0
DA:389,0
DA:395,0
DA:396,0
DA:398,0
DA:400,0
DA:401,0
DA:403,0
DA:405,0
DA:406,0
DA:408,0
DA:409,0
DA:412,0
DA:417,0
DA:418,0
DA:426,0
DA:432,0
DA:433,0
DA:437,0
DA:443,0
DA:444,0
DA:450,0
DA:457,0
DA:458,0
DA:460,0
DA:461,0
DA:464,0
DA:466,0
DA:467,0
DA:475,0
DA:482,0
DA:483,0
DA:486,0
DA:487,0
DA:488,0
DA:493,0
DA:496,0
DA:501,0
DA:502,0
DA:512,0
DA:513,0
DA:521,0
DA:522,0
DA:526,0
DA:532,0
DA:538,0
DA:543,0
DA:544,0
DA:548,0
DA:554,0
DA:555,0
DA:561,0
DA:568,0
DA:569,0
DA:571,0
DA:577,0
DA:579,0
DA:580,0
DA:582,0
DA:583,0
DA:585,0
DA:586,0
DA:588,0
DA:589,0
DA:599,0
DA:602,0
DA:603,0
DA:607,0
DA:608,0
DA:612,0
DA:613,0
DA:617,0
DA:618,0
DA:622,0
DA:627,0
DA:630,0
DA:636,0
DA:637,0
DA:644,0
DA:647,0
DA:652,0
DA:667,0
DA:668,0
DA:672,0
DA:673,0
DA:677,0
DA:678,0
DA:682,0
DA:683,0
LF:155
LH:0
end_of_record
SF:lib\core\utils\validation_utils.dart
DA:73,0
DA:98,0
DA:121,0
DA:122,0
DA:147,0
DA:172,0
DA:178,0
DA:179,0
DA:181,0
DA:189,0
DA:197,0
DA:199,0
DA:200,0
DA:203,0
DA:205,0
DA:206,0
DA:213,0
DA:214,0
DA:218,0
DA:219,0
DA:229,0
DA:230,0
DA:233,0
DA:237,0
DA:238,0
DA:241,0
DA:245,0
DA:246,0
DA:249,0
DA:253,0
DA:254,0
DA:255,0
DA:258,0
DA:259,0
DA:270,0
DA:274,0
DA:278,0
DA:284,0
DA:285,0
DA:292,0
DA:293,0
DA:294,0
DA:295,0
DA:301,0
DA:302,0
DA:304,0
DA:305,0
DA:307,0
DA:315,0
DA:316,0
DA:322,0
DA:327,0
DA:328,0
DA:330,0
DA:337,0
DA:341,0
DA:344,0
DA:347,0
DA:355,0
DA:358,0
DA:361,0
DA:364,0
DA:367,0
DA:368,0
DA:374,0
DA:377,0
DA:380,0
DA:383,0
LF:68
LH:0
end_of_record
SF:lib\firebase_options_test.dart
DA:23,0
DA:27,0
DA:28,0
DA:30,0
DA:32,0
DA:34,0
DA:36,0
DA:37,0
DA:42,0
LF:9
LH:0
end_of_record
SF:lib\models\friend_category.dart
DA:78,1
DA:89,1
DA:90,1
DA:93,0
DA:102,0
DA:103,0
DA:108,0
DA:115,0
DA:124,0
DA:125,0
DA:126,0
DA:127,0
DA:128,0
DA:129,0
DA:130,0
DA:131,0
DA:132,0
DA:133,0
DA:134,0
DA:139,0
DA:140,0
DA:142,0
DA:143,0
DA:144,0
DA:149,0
DA:150,0
DA:152,0
DA:153,0
DA:154,0
DA:159,0
DA:165,0
DA:170,0
DA:175,0
DA:176,0
DA:177,0
DA:180,0
DA:183,0
DA:186,0
DA:187,0
DA:190,0
DA:191,0
DA:192,0
DA:194,0
DA:198,0
DA:199,0
DA:201,0
DA:204,0
DA:209,0
DA:210,0
DA:211,0
DA:212,0
DA:213,0
DA:214,0
DA:215,0
DA:216,0
DA:217,0
DA:218,0
DA:219,0
DA:224,0
DA:225,0
DA:227,0
DA:228,0
DA:229,0
DA:230,0
DA:231,0
DA:232,0
DA:233,0
DA:234,0
DA:235,0
DA:240,0
DA:241,0
DA:242,0
DA:243,0
DA:244,0
DA:245,0
DA:246,0
DA:247,0
DA:248,0
DA:249,0
DA:250,0
DA:251,0
DA:255,0
DA:256,0
DA:257,0
DA:258,0
DA:259,0
DA:260,0
DA:261,0
DA:262,0
DA:263,0
DA:264,0
DA:265,0
DA:266,0
DA:270,0
DA:272,0
DA:275,0
DA:278,0
DA:281,0
DA:282,0
DA:285,0
DA:289,0
DA:291,0
DA:293,0
DA:294,0
DA:296,0
DA:297,0
DA:299,0
DA:301,0
DA:302,0
DA:304,0
DA:307,0
DA:309,0
DA:350,0
DA:351,0
DA:352,0
DA:354,0
DA:355,0
DA:356,0
DA:357,0
DA:359,0
DA:371,0
DA:379,0
DA:380,0
DA:381,0
DA:382,0
DA:383,0
DA:385,0
DA:389,0
DA:390,0
DA:391,0
DA:392,0
DA:393,0
DA:394,0
DA:395,0
LF:134
LH:3
end_of_record
SF:lib\models\friend_request.dart
DA:78,3
DA:86,0
DA:89,1
DA:94,1
DA:95,1
DA:99,1
DA:104,0
DA:105,0
DA:106,0
DA:107,0
DA:108,0
DA:109,0
DA:110,0
DA:111,0
DA:112,0
DA:117,0
DA:118,0
DA:120,0
DA:125,0
DA:126,0
DA:128,0
DA:133,0
DA:134,0
DA:136,0
DA:141,0
DA:142,0
DA:143,0
DA:144,0
DA:145,0
DA:148,0
DA:149,0
DA:153,1
DA:154,1
DA:155,2
DA:157,2
DA:159,0
DA:160,0
DA:161,0
DA:162,0
DA:163,0
DA:164,0
DA:166,0
DA:171,0
DA:172,0
DA:173,0
DA:174,0
DA:175,0
DA:176,0
DA:178,0
DA:179,0
DA:184,0
DA:185,0
DA:187,0
DA:188,0
DA:189,0
DA:190,0
DA:191,0
DA:193,0
DA:194,0
DA:195,0
DA:200,0
DA:202,0
DA:203,0
DA:204,0
DA:205,0
DA:206,0
DA:207,0
DA:208,0
DA:209,0
DA:213,0
DA:214,0
DA:215,0
DA:216,0
DA:217,0
DA:218,0
DA:219,0
DA:220,0
DA:222,0
DA:223,0
DA:224,0
DA:229,0
DA:230,0
DA:231,0
DA:232,0
DA:234,0
DA:235,0
DA:237,0
DA:238,0
DA:245,0
DA:249,0
DA:251,0
DA:253,0
DA:254,0
DA:256,0
DA:257,0
DA:259,0
DA:261,0
DA:262,0
DA:264,0
DA:267,0
DA:269,0
DA:273,0
DA:275,0
DA:278,0
DA:281,0
DA:284,0
DA:285,0
LF:107
LH:9
end_of_record
SF:lib\models\group_invitation.dart
DA:158,1
DA:171,0
DA:172,2
DA:188,0
DA:197,0
DA:198,0
DA:218,0
DA:222,0
DA:223,0
DA:224,0
DA:225,0
DA:226,0
DA:227,0
DA:228,0
DA:229,0
DA:230,0
DA:231,0
DA:232,0
DA:233,0
DA:234,0
DA:244,0
DA:245,0
DA:247,0
DA:257,0
DA:258,0
DA:260,0
DA:270,0
DA:271,0
DA:273,0
DA:283,0
DA:288,0
DA:293,0
DA:298,0
DA:304,0
DA:310,0
DA:311,0
DA:312,0
DA:322,0
DA:323,0
DA:324,0
DA:326,0
DA:328,0
DA:329,0
DA:330,0
DA:331,0
DA:332,0
DA:333,0
DA:335,0
DA:345,0
DA:346,0
DA:348,0
DA:349,0
DA:351,0
DA:352,0
DA:353,0
DA:354,0
DA:355,0
DA:356,0
DA:368,0
DA:369,0
DA:370,0
DA:372,0
DA:382,0
DA:383,0
DA:392,0
DA:393,0
DA:394,0
DA:395,0
DA:396,0
DA:398,0
DA:399,0
DA:401,0
DA:412,0
DA:413,0
DA:414,0
DA:415,0
DA:416,0
DA:418,0
DA:420,0
DA:422,0
DA:435,0
DA:436,0
DA:437,0
DA:438,0
DA:439,0
DA:440,0
DA:441,0
DA:442,0
DA:443,0
DA:444,0
DA:446,0
DA:447,0
DA:448,0
DA:461,0
DA:462,0
DA:464,0
DA:465,0
DA:466,0
DA:467,0
DA:468,0
DA:469,0
DA:470,0
DA:471,0
DA:472,0
DA:474,0
DA:475,0
DA:476,0
DA:477,0
DA:487,0
DA:489,0
DA:490,0
DA:491,0
DA:492,0
DA:493,0
DA:494,0
DA:495,0
DA:496,0
DA:497,0
DA:498,0
DA:499,0
DA:500,0
DA:501,0
DA:513,0
DA:514,0
DA:515,0
DA:516,0
DA:517,0
DA:518,0
DA:519,0
DA:520,0
DA:521,0
DA:522,0
DA:523,0
DA:524,0
DA:526,0
DA:527,0
DA:528,0
DA:529,0
DA:543,0
DA:544,0
DA:545,0
DA:546,0
DA:548,0
DA:549,0
DA:551,0
DA:552,0
DA:566,0
DA:570,0
DA:572,0
DA:574,0
DA:575,0
DA:577,0
DA:578,0
DA:580,0
DA:582,0
DA:583,0
DA:585,0
DA:588,0
DA:590,0
DA:600,0
DA:602,0
DA:609,0
DA:612,0
DA:619,0
DA:620,0
LF:165
LH:2
end_of_record
SF:lib\models\messaging\conversation.dart
DA:159,3
DA:189,0
DA:197,0
DA:198,0
DA:200,0
DA:202,0
DA:203,0
DA:207,0
DA:211,0
DA:234,0
DA:241,0
DA:242,0
DA:245,0
DA:246,0
DA:247,0
DA:250,0
DA:260,0
DA:273,0
DA:283,0
DA:284,0
DA:285,0
DA:286,0
DA:287,0
DA:288,0
DA:289,0
DA:290,0
DA:291,0
DA:292,0
DA:293,0
DA:294,0
DA:305,0
DA:306,0
DA:307,0
DA:311,0
DA:312,0
DA:313,0
DA:316,0
DA:324,0
DA:325,0
DA:329,0
DA:330,0
DA:331,0
DA:334,0
DA:342,0
DA:343,0
DA:345,0
DA:346,0
DA:347,0
DA:358,0
DA:359,0
DA:361,0
DA:364,0
DA:372,0
DA:373,0
DA:374,0
DA:376,0
DA:377,0
DA:378,0
DA:379,0
DA:386,0
DA:387,0
DA:397,0
DA:398,0
DA:402,0
DA:403,0
DA:404,0
DA:407,0
DA:408,0
DA:416,0
DA:417,0
DA:418,0
DA:419,0
DA:421,0
DA:423,0
DA:424,0
DA:425,0
DA:426,0
DA:427,0
DA:428,0
DA:430,0
DA:440,1
DA:442,6
DA:449,2
DA:452,0
DA:459,1
DA:460,2
LF:86
LH:6
end_of_record
SF:lib\models\messaging\message.dart
DA:192,3
DA:226,0
DA:234,0
DA:235,0
DA:243,0
DA:263,0
DA:272,0
DA:273,0
DA:278,0
DA:281,0
DA:282,0
DA:294,0
DA:303,0
DA:304,0
DA:309,0
DA:312,0
DA:313,0
DA:325,0
DA:334,0
DA:335,0
DA:340,0
DA:343,0
DA:344,0
DA:361,0
DA:365,0
DA:366,0
DA:373,0
DA:385,0
DA:394,0
DA:395,0
DA:396,0
DA:397,0
DA:398,0
DA:399,0
DA:400,0
DA:401,0
DA:402,0
DA:403,0
DA:404,0
DA:405,0
DA:406,0
DA:407,0
DA:408,0
DA:409,0
DA:422,0
DA:423,0
DA:424,0
DA:425,0
DA:426,0
DA:427,0
DA:428,0
DA:429,0
DA:430,0
DA:431,0
DA:432,0
DA:433,0
DA:434,0
DA:435,0
DA:436,0
DA:437,0
DA:448,0
DA:449,0
DA:456,0
DA:462,0
DA:468,0
DA:474,0
DA:482,1
DA:484,6
DA:491,2
DA:494,0
DA:501,1
DA:502,2
LF:72
LH:6
end_of_record
SF:lib\models\messaging\message_type.dart
DA:153,0
DA:155,0
DA:157,0
DA:159,0
DA:161,0
DA:163,0
DA:165,0
DA:167,0
DA:179,0
DA:181,0
DA:183,0
DA:185,0
DA:187,0
DA:189,0
DA:191,0
DA:193,0
DA:212,0
DA:214,0
DA:216,0
DA:218,0
DA:220,0
DA:222,0
DA:234,0
DA:236,0
DA:238,0
DA:240,0
DA:242,0
DA:244,0
LF:28
LH:0
end_of_record
SF:lib\models\permissions\edit_mode.dart
DA:109,0
DA:115,0
DA:121,0
DA:122,0
DA:130,0
DA:132,0
DA:134,0
DA:136,0
DA:138,0
DA:140,0
DA:142,0
LF:11
LH:0
end_of_record
SF:lib\models\realtime\realtime_participants.dart
DA:19,0
DA:24,0
DA:25,0
DA:30,0
DA:34,0
DA:35,0
DA:40,0
DA:45,0
DA:46,0
DA:49,0
DA:50,0
DA:55,0
DA:59,0
DA:60,0
DA:65,0
DA:69,0
DA:70,0
DA:71,0
DA:79,0
DA:84,0
DA:87,0
DA:91,0
DA:92,0
DA:94,0
DA:96,0
DA:98,0
DA:106,0
DA:110,0
DA:114,0
DA:118,0
DA:122,0
DA:126,0
DA:130,0
DA:134,0
DA:138,0
DA:144,0
DA:145,0
DA:150,0
DA:151,0
DA:155,0
DA:156,0
DA:160,0
DA:166,0
DA:167,0
DA:168,0
DA:175,0
DA:176,0
DA:177,0
DA:178,0
DA:179,0
DA:180,0
DA:181,0
DA:182,0
DA:183,0
DA:192,0
DA:196,0
DA:197,0
DA:198,0
DA:199,0
DA:203,0
DA:204,0
DA:205,0
DA:206,0
DA:207,0
DA:211,0
DA:212,0
DA:213,0
DA:215,0
DA:216,0
DA:219,0
DA:220,0
DA:222,0
DA:228,0
DA:229,0
DA:232,0
DA:236,0
DA:237,0
DA:244,0
DA:247,0
DA:249,0
DA:250,0
DA:251,0
DA:252,0
DA:260,0
DA:264,0
DA:265,0
DA:272,0
DA:278,0
DA:279,0
DA:281,0
DA:291,0
DA:294,0
DA:296,0
DA:297,0
DA:298,0
DA:299,0
DA:301,0
DA:302,0
DA:303,0
DA:312,72
DA:317,72
DA:320,72
DA:324,0
DA:325,0
DA:326,0
DA:333,0
DA:334,0
DA:335,0
DA:346,0
DA:352,0
DA:353,0
DA:355,0
DA:359,0
DA:363,0
DA:368,0
DA:372,0
DA:377,0
DA:381,0
LF:118
LH:3
end_of_record
SF:lib\models\realtime\realtime_resource.dart
DA:20,0
DA:22,0
DA:24,0
DA:26,0
DA:29,0
DA:34,0
DA:36,0
DA:38,0
DA:40,0
DA:46,0
DA:48,0
DA:50,0
DA:52,0
DA:57,0
DA:58,0
DA:99,72
DA:112,72
DA:113,72
DA:114,72
DA:119,0
DA:120,0
DA:124,0
DA:127,0
DA:129,0
DA:130,0
DA:131,0
DA:132,0
DA:133,0
DA:134,0
DA:135,0
DA:136,0
DA:137,0
DA:144,0
DA:145,0
DA:149,0
DA:150,0
DA:154,0
DA:155,0
DA:159,0
DA:160,0
DA:162,0
DA:166,0
DA:167,0
DA:168,0
DA:172,0
DA:175,0
DA:180,0
DA:183,0
DA:184,0
DA:185,0
DA:186,0
DA:190,0
DA:191,0
DA:192,0
DA:193,0
DA:197,0
DA:198,0
DA:199,0
DA:200,0
DA:201,0
DA:205,0
DA:206,0
DA:207,0
DA:208,0
DA:209,0
DA:215,0
DA:218,0
DA:219,0
DA:221,0
DA:223,0
DA:224,0
DA:225,0
DA:226,0
DA:227,0
DA:228,0
DA:230,0
DA:235,0
DA:238,0
DA:241,0
DA:242,0
DA:246,0
DA:247,0
DA:248,0
DA:250,0
DA:255,0
DA:256,0
DA:258,0
DA:266,0
DA:267,0
DA:270,0
DA:272,0
DA:274,0
DA:276,0
DA:278,0
DA:280,0
DA:306,0
DA:307,0
DA:308,0
DA:309,0
DA:310,0
DA:311,0
DA:312,0
DA:313,0
DA:315,0
DA:316,0
DA:317,0
DA:318,0
DA:319,0
DA:320,0
DA:321,0
DA:326,0
DA:327,0
DA:328,0
DA:333,0
DA:338,0
DA:339,0
DA:341,0
DA:343,0
DA:344,0
DA:352,0
DA:354,0
DA:355,0
DA:357,0
DA:358,0
DA:360,0
DA:361,0
DA:362,0
DA:363,0
DA:364,0
DA:365,0
DA:366,0
DA:373,0
DA:374,0
DA:375,0
DA:376,0
DA:377,0
DA:378,0
DA:379,0
DA:380,0
DA:381,0
DA:383,0
DA:384,0
DA:385,0
DA:386,0
DA:387,0
DA:388,0
DA:389,0
DA:396,0
DA:401,0
DA:402,0
DA:404,0
DA:406,0
DA:407,0
DA:408,0
DA:409,0
DA:414,0
DA:415,0
DA:416,0
DA:419,0
DA:420,0
DA:422,0
DA:424,0
DA:425,0
DA:426,0
DA:427,0
DA:432,0
DA:436,0
DA:437,0
DA:440,0
DA:441,0
DA:443,0
DA:445,0
DA:446,0
DA:447,0
DA:448,0
DA:453,0
DA:454,0
DA:455,0
DA:458,0
DA:463,0
DA:464,0
DA:466,0
DA:467,0
DA:472,0
DA:473,0
DA:475,0
DA:476,0
DA:481,0
DA:484,0
DA:485,0
DA:490,0
DA:491,0
DA:495,0
DA:496,0
DA:500,0
DA:501,0
DA:505,0
DA:508,0
DA:511,0
DA:513,0
DA:515,0
DA:516,0
DA:517,0
DA:518,0
DA:519,0
DA:523,72
DA:526,0
DA:529,0
DA:530,0
LF:209
LH:5
end_of_record
SF:lib\models\realtime\recipe_operations.dart
DA:20,0
DA:32,0
DA:48,0
DA:54,0
DA:62,0
DA:68,0
DA:69,0
DA:71,0
DA:80,0
DA:86,0
DA:87,0
DA:90,0
DA:91,0
DA:93,0
DA:102,0
DA:109,0
DA:110,0
DA:113,0
DA:114,0
DA:116,0
DA:127,0
DA:133,0
DA:141,0
DA:147,0
DA:148,0
DA:150,0
DA:159,0
DA:165,0
DA:166,0
DA:169,0
DA:170,0
DA:172,0
DA:181,0
DA:188,0
DA:189,0
DA:192,0
DA:193,0
DA:195,0
DA:206,0
DA:212,0
DA:220,0
DA:226,0
DA:227,0
DA:229,0
DA:238,0
DA:244,0
DA:245,0
DA:248,0
DA:249,0
DA:251,0
DA:262,0
DA:263,0
DA:264,0
DA:265,0
DA:269,0
DA:270,0
DA:272,0
DA:273,0
DA:276,0
DA:277,0
DA:280,0
DA:281,0
DA:284,0
DA:285,0
DA:288,0
DA:289,0
DA:292,0
DA:293,0
DA:300,0
DA:301,0
DA:302,0
DA:303,0
DA:304,0
DA:310,0
DA:311,0
DA:312,0
DA:313,0
DA:314,0
DA:315,0
DA:316,0
DA:317,0
DA:322,0
DA:323,0
DA:327,0
DA:328,0
DA:331,0
DA:332,0
DA:335,0
DA:336,0
DA:338,0
LF:90
LH:0
end_of_record
SF:lib\models\realtime\recipe_serialization.dart
DA:23,0
DA:24,0
DA:28,0
DA:29,0
DA:30,0
DA:38,0
DA:53,0
DA:56,0
DA:57,0
DA:60,0
DA:61,0
DA:62,0
DA:64,0
DA:65,0
DA:70,0
DA:74,0
DA:82,0
DA:83,0
DA:84,0
DA:85,0
DA:86,0
DA:87,0
DA:88,0
DA:89,0
DA:90,0
DA:91,0
DA:92,0
DA:93,0
DA:95,0
DA:96,0
DA:97,0
DA:98,0
DA:99,0
DA:100,0
DA:101,0
DA:102,0
DA:103,0
DA:106,0
DA:114,0
DA:118,0
DA:119,0
DA:122,0
DA:124,0
DA:125,0
DA:126,0
DA:127,0
DA:128,0
DA:129,0
DA:130,0
DA:131,0
DA:132,0
DA:133,0
DA:142,0
DA:144,0
DA:149,0
DA:150,0
DA:154,0
DA:155,0
DA:159,0
DA:160,0
DA:165,0
DA:166,0
DA:170,0
DA:171,0
DA:175,0
DA:176,0
DA:184,0
DA:185,0
DA:188,0
DA:189,0
DA:190,0
DA:193,0
DA:194,0
DA:195,0
DA:196,0
DA:199,0
DA:200,0
DA:201,0
DA:204,0
DA:205,0
DA:206,0
DA:209,0
DA:210,0
DA:211,0
DA:212,0
DA:215,0
DA:218,0
DA:219,0
DA:220,0
DA:232,0
DA:235,0
DA:239,0
DA:240,0
DA:243,0
DA:244,0
DA:252,0
DA:253,0
DA:254,0
DA:256,0
DA:260,0
DA:262,0
DA:263,0
DA:264,0
DA:269,0
DA:271,0
DA:272,0
DA:273,0
DA:278,0
DA:280,0
DA:283,0
DA:284,0
DA:285,0
DA:286,0
DA:287,0
DA:288,0
DA:289,0
DA:290,0
DA:295,0
DA:297,0
DA:299,0
DA:300,0
DA:301,0
DA:302,0
DA:303,0
DA:305,0
DA:314,0
DA:315,0
DA:319,0
DA:320,0
DA:321,0
DA:322,0
DA:323,0
DA:324,0
DA:328,0
DA:329,0
DA:331,0
DA:332,0
DA:333,0
LF:138
LH:0
end_of_record
SF:lib\models\recipe\recipe_operations.dart
DA:19,0
DA:25,0
DA:27,0
DA:28,0
DA:36,0
DA:43,0
DA:44,0
DA:46,0
DA:47,0
DA:49,0
DA:57,0
DA:63,0
DA:65,0
DA:66,0
DA:68,0
DA:76,0
DA:83,0
DA:84,0
DA:85,0
DA:87,0
DA:95,0
DA:102,0
DA:103,0
DA:104,0
DA:108,0
DA:109,0
DA:110,0
DA:112,0
DA:122,0
DA:128,0
DA:130,0
DA:131,0
DA:139,0
DA:146,0
DA:147,0
DA:149,0
DA:150,0
DA:152,0
DA:160,0
DA:166,0
DA:168,0
DA:169,0
DA:171,0
DA:179,0
DA:186,0
DA:187,0
DA:188,0
DA:190,0
DA:198,0
DA:205,0
DA:206,0
DA:207,0
DA:211,0
DA:212,0
DA:213,0
DA:215,0
DA:225,0
DA:231,0
DA:233,0
DA:234,0
DA:242,0
DA:248,0
DA:250,0
DA:251,0
DA:253,0
DA:261,0
DA:268,0
DA:269,0
DA:270,0
DA:272,0
DA:282,0
DA:287,0
DA:288,0
DA:295,0
DA:309,0
DA:327,0
DA:328,0
DA:329,0
DA:330,0
DA:331,0
DA:336,0
DA:337,0
DA:339,0
DA:340,0
DA:342,0
DA:343,0
DA:345,0
DA:346,0
DA:348,0
DA:349,0
DA:356,0
DA:357,0
DA:358,0
DA:359,0
DA:366,0
DA:367,0
DA:368,0
DA:369,0
DA:370,0
DA:371,0
DA:372,0
DA:373,0
DA:378,0
DA:382,0
DA:383,0
DA:386,0
DA:387,0
DA:390,0
DA:391,0
DA:392,0
DA:394,0
DA:398,0
DA:402,0
DA:405,0
DA:406,0
DA:407,0
DA:408,0
DA:409,0
DA:411,0
DA:412,0
DA:413,0
LF:121
LH:0
end_of_record
SF:lib\models\recipe\recipe_serialization.dart
DA:20,1
DA:21,1
DA:22,2
DA:23,2
DA:24,1
DA:25,1
DA:26,1
DA:31,0
DA:32,0
DA:33,0
DA:34,0
DA:35,0
DA:36,0
DA:38,0
DA:39,0
DA:41,0
DA:42,0
DA:50,1
DA:51,1
DA:52,2
DA:53,2
DA:54,1
DA:55,1
DA:61,0
DA:62,0
DA:63,0
DA:64,0
DA:65,0
DA:66,0
DA:68,0
DA:69,0
DA:75,0
DA:76,0
DA:82,0
DA:83,0
DA:87,0
DA:88,0
DA:92,0
DA:93,0
DA:97,0
DA:98,0
DA:104,0
DA:105,0
DA:109,0
DA:110,0
DA:114,0
DA:115,0
DA:119,0
DA:120,0
DA:126,0
DA:128,0
DA:129,0
DA:132,0
DA:133,0
DA:135,0
DA:136,0
DA:137,0
DA:141,0
DA:142,0
DA:148,0
DA:150,0
DA:156,0
DA:157,0
DA:160,0
DA:161,0
DA:164,0
DA:165,0
DA:172,0
DA:173,0
DA:176,0
DA:177,0
DA:178,0
DA:181,0
DA:182,0
DA:184,0
DA:185,0
DA:186,0
DA:187,0
DA:190,0
DA:191,0
DA:193,0
DA:194,0
DA:195,0
DA:196,0
DA:199,0
DA:200,0
DA:202,0
DA:203,0
DA:204,0
DA:205,0
DA:209,0
DA:210,0
DA:211,0
DA:212,0
DA:213,0
DA:214,0
DA:215,0
DA:224,0
DA:225,0
DA:226,0
DA:227,0
DA:228,0
DA:229,0
DA:230,0
DA:231,0
DA:232,0
DA:233,0
DA:234,0
DA:235,0
DA:236,0
DA:237,0
DA:243,0
DA:248,0
DA:249,0
DA:250,0
DA:251,0
DA:252,0
DA:253,0
DA:254,0
DA:255,0
DA:256,0
DA:257,0
DA:258,0
DA:259,0
DA:260,0
DA:261,0
DA:262,0
DA:263,0
DA:264,0
DA:265,0
DA:266,0
DA:276,0
DA:277,0
DA:280,0
DA:281,0
DA:282,0
DA:283,0
DA:284,0
DA:285,0
DA:288,0
DA:289,0
DA:290,0
DA:291,0
DA:292,0
DA:294,0
DA:295,0
DA:301,0
DA:302,0
DA:303,0
DA:304,0
DA:305,0
DA:306,0
DA:307,0
DA:308,0
DA:309,0
DA:310,0
DA:311,0
DA:312,0
DA:313,0
DA:314,0
DA:315,0
DA:316,0
DA:317,0
DA:318,0
DA:319,0
DA:320,0
DA:322,0
LF:167
LH:13
end_of_record
SF:lib\models\recipe_change.dart
DA:98,0
DA:109,0
DA:115,0
DA:121,0
DA:127,0
DA:135,0
DA:136,0
DA:137,0
DA:139,0
DA:141,0
DA:152,0
DA:154,0
DA:161,0
DA:164,0
DA:165,0
DA:166,0
DA:173,0
DA:174,0
LF:18
LH:0
end_of_record
SF:lib\models\recipe_comment.dart
DA:144,1
DA:157,0
DA:172,0
DA:180,0
DA:181,0
DA:187,0
DA:206,0
DA:213,0
DA:214,0
DA:215,0
DA:216,0
DA:217,0
DA:218,0
DA:219,0
DA:220,0
DA:221,0
DA:222,0
DA:223,0
DA:224,0
DA:225,0
DA:237,0
DA:238,0
DA:240,0
DA:251,0
DA:252,0
DA:254,0
DA:255,0
DA:267,0
DA:268,0
DA:277,0
DA:278,0
DA:287,0
DA:293,0
DA:299,0
DA:305,0
DA:315,0
DA:325,0
DA:333,0
DA:334,0
DA:335,0
DA:337,0
DA:339,0
DA:340,0
DA:341,0
DA:342,0
DA:343,0
DA:344,0
DA:346,0
DA:358,0
DA:359,0
DA:360,0
DA:361,0
DA:362,0
DA:363,0
DA:364,0
DA:365,0
DA:366,0
DA:367,0
DA:368,0
DA:369,0
DA:370,0
DA:383,0
DA:384,0
DA:386,0
DA:387,0
DA:388,0
DA:389,0
DA:390,0
DA:391,0
DA:392,0
DA:393,0
DA:394,0
DA:395,0
DA:396,0
DA:397,0
DA:399,0
DA:400,0
DA:401,0
DA:402,0
DA:412,0
DA:413,0
DA:414,0
DA:415,0
DA:416,0
DA:417,0
DA:418,0
DA:419,0
DA:420,0
DA:421,0
DA:422,0
DA:423,0
DA:424,0
DA:425,0
DA:437,0
DA:438,0
DA:439,0
DA:440,0
DA:441,0
DA:442,0
DA:443,0
DA:444,0
DA:445,0
DA:447,0
DA:448,0
DA:450,0
DA:451,0
DA:452,0
DA:453,0
DA:463,0
DA:465,0
DA:472,0
DA:475,0
DA:482,0
DA:483,0
LF:114
LH:1
end_of_record
SF:lib\models\shared_content.dart
DA:46,0
DA:59,0
DA:60,0
DA:61,0
DA:65,0
DA:66,0
DA:67,0
DA:68,0
DA:69,0
DA:70,0
DA:71,0
DA:72,0
DA:73,0
DA:74,0
DA:75,0
DA:76,0
DA:77,0
DA:78,0
DA:79,0
DA:84,0
DA:85,0
DA:86,0
DA:87,0
DA:88,0
DA:89,0
DA:90,0
DA:91,0
DA:92,0
DA:93,0
DA:94,0
DA:95,0
DA:96,0
DA:102,0
DA:103,0
DA:105,0
DA:106,0
DA:107,0
DA:108,0
DA:115,0
DA:116,0
DA:120,0
DA:134,0
DA:135,0
DA:136,0
DA:137,0
DA:138,0
DA:139,0
DA:140,0
DA:141,0
DA:142,0
DA:143,0
DA:144,0
DA:145,0
DA:146,0
DA:152,0
DA:155,0
DA:158,0
DA:161,0
DA:164,0
DA:165,0
DA:166,0
DA:170,0
DA:173,0
DA:176,0
DA:197,0
DA:206,0
DA:207,0
DA:208,0
DA:209,0
DA:210,0
DA:211,0
DA:212,0
DA:213,0
DA:219,0
DA:220,0
DA:221,0
DA:222,0
DA:223,0
DA:224,0
DA:225,0
DA:231,0
DA:232,0
DA:233,0
DA:237,0
DA:240,0
DA:247,0
DA:248,0
DA:249,0
DA:250,0
DA:251,0
DA:252,0
DA:258,0
DA:259,0
DA:269,0
DA:270,0
DA:280,0
DA:281,0
LF:97
LH:0
end_of_record
SF:lib\models\shared_recipe.dart
DA:189,4
DA:206,0
DA:230,0
DA:243,0
DA:247,0
DA:248,0
DA:253,0
DA:277,0
DA:285,0
DA:286,0
DA:287,0
DA:288,0
DA:289,0
DA:290,0
DA:291,0
DA:292,0
DA:293,0
DA:294,0
DA:295,0
DA:296,0
DA:297,0
DA:298,0
DA:299,0
DA:301,0
DA:302,0
DA:317,0
DA:318,0
DA:320,0
DA:321,0
DA:322,0
DA:335,0
DA:336,0
DA:338,0
DA:339,0
DA:340,0
DA:353,0
DA:354,0
DA:356,0
DA:357,0
DA:369,0
DA:370,0
DA:372,0
DA:373,0
DA:375,0
DA:390,0
DA:400,0
DA:410,0
DA:420,0
DA:428,0
DA:429,0
DA:431,0
DA:438,0
DA:446,0
DA:447,0
DA:449,0
DA:460,0
DA:461,0
DA:478,0
DA:480,0
DA:482,0
DA:495,0
DA:496,0
DA:515,0
DA:516,0
DA:520,0
DA:524,0
DA:539,0
DA:540,0
DA:541,0
DA:543,0
DA:545,0
DA:546,0
DA:547,0
DA:548,0
DA:549,0
DA:550,0
DA:552,0
DA:565,0
DA:566,0
DA:567,0
DA:568,0
DA:569,0
DA:570,0
DA:571,0
DA:572,0
DA:573,0
DA:574,0
DA:575,0
DA:576,0
DA:577,0
DA:578,0
DA:579,0
DA:580,0
DA:581,0
DA:597,0
DA:599,0
DA:602,0
DA:605,0
DA:606,0
DA:607,0
DA:608,0
DA:609,0
DA:610,0
DA:611,0
DA:612,0
DA:613,0
DA:614,0
DA:615,0
DA:616,0
DA:617,0
DA:618,0
DA:619,0
DA:620,0
DA:621,0
DA:626,0
DA:628,0
DA:629,0
DA:630,0
DA:631,0
DA:632,0
DA:633,0
DA:634,0
DA:635,0
DA:636,0
DA:638,0
DA:639,0
DA:640,0
DA:641,0
DA:642,0
DA:643,0
DA:644,0
DA:645,0
DA:649,0
DA:650,0
DA:664,0
DA:668,0
DA:670,0
DA:672,0
DA:673,0
DA:675,0
DA:676,0
DA:678,0
DA:680,0
DA:681,0
DA:683,0
DA:686,0
DA:687,0
DA:689,0
DA:690,0
DA:701,0
DA:702,0
DA:703,0
DA:704,0
DA:705,0
DA:706,0
DA:707,0
DA:708,0
DA:709,0
DA:710,0
DA:711,0
DA:712,0
DA:713,0
DA:714,0
DA:715,0
DA:716,0
DA:717,0
DA:718,0
DA:731,0
DA:732,0
DA:733,0
DA:734,0
DA:735,0
DA:736,0
DA:737,0
DA:738,0
DA:739,0
DA:740,0
DA:741,0
DA:742,0
DA:744,0
DA:745,0
DA:746,0
DA:747,0
DA:748,0
DA:749,0
DA:750,0
DA:751,0
DA:752,0
DA:753,0
DA:764,0
DA:766,0
DA:773,3
DA:776,0
DA:783,0
DA:784,0
LF:195
LH:2
end_of_record
SF:lib\models\unified\unified_shopping_item.dart
DA:191,4
DA:210,1
DA:227,0
DA:234,0
DA:260,1
DA:271,1
DA:272,1
DA:298,0
DA:299,0
DA:300,0
DA:301,0
DA:302,0
DA:303,0
DA:304,0
DA:316,0
DA:323,2
DA:328,0
DA:333,0
DA:347,2
DA:349,8
DA:350,6
DA:354,0
DA:370,2
DA:371,4
DA:374,2
DA:394,8
DA:409,2
DA:410,2
DA:411,2
DA:414,2
DA:415,4
DA:419,0
DA:420,0
DA:424,0
DA:441,0
DA:442,0
DA:443,0
DA:445,0
DA:447,0
DA:449,0
DA:451,0
DA:467,0
DA:480,0
DA:481,0
DA:482,0
DA:483,0
DA:484,0
DA:485,0
DA:486,0
DA:487,0
DA:488,0
DA:489,0
DA:491,0
DA:492,0
DA:493,0
DA:495,0
DA:496,0
DA:498,0
DA:499,0
DA:500,0
DA:501,0
DA:502,0
DA:515,1
DA:519,1
DA:520,1
DA:522,1
DA:523,1
DA:524,1
DA:525,1
DA:526,1
DA:527,1
DA:529,1
DA:530,1
[...]
DA:363,0
DA:365,0
DA:367,0
DA:368,0
DA:371,0
DA:373,0
DA:384,0
DA:385,0
DA:387,0
DA:389,0
DA:391,0
DA:396,0
DA:403,0
DA:408,0
DA:409,0
DA:413,0
DA:415,0
DA:417,0
DA:420,0
DA:421,0
DA:422,0
DA:425,0
DA:429,0
DA:439,0
DA:440,0
LF:123
LH:0
end_of_record
SF:lib\views\social\friend_requests\friend_request_card.dart
DA:11,0
DA:18,0
DA:19,0
DA:20,0
DA:21,0
DA:22,0
DA:24,0
DA:26,0
DA:27,0
DA:28,0
DA:29,0
DA:31,0
DA:32,0
DA:33,0
DA:34,0
DA:36,0
DA:37,0
DA:38,0
DA:39,0
DA:41,0
DA:43,0
DA:48,0
DA:49,0
DA:50,0
DA:56,0
DA:59,0
DA:62,0
DA:65,0
DA:66,0
DA:77,0
DA:78,0
DA:80,0
DA:81,0
DA:83,0
DA:87,0
DA:89,0
DA:90,0
DA:93,0
DA:95,0
DA:97,0
DA:98,0
DA:99,0
DA:100,0
DA:101,0
DA:102,0
DA:104,0
DA:105,0
DA:106,0
DA:114,0
DA:115,0
DA:116,0
DA:117,0
DA:118,0
DA:128,0
DA:130,0
DA:131,0
DA:132,0
DA:133,0
DA:134,0
DA:136,0
DA:139,0
DA:146,0
DA:147,0
DA:148,0
DA:150,0
DA:153,0
DA:168,0
DA:175,0
DA:176,0
DA:177,0
DA:178,0
DA:179,0
DA:185,0
DA:186,0
DA:191,0
DA:196,0
DA:201,0
DA:212,0
DA:214,0
DA:215,0
DA:216,0
DA:217,0
DA:219,0
DA:220,0
DA:221,0
DA:222,0
DA:224,0
DA:225,0
DA:227,0
DA:228,0
DA:230,0
DA:233,0
DA:235,0
DA:238,0
DA:239,0
DA:240,0
DA:246,0
DA:249,0
DA:252,0
DA:255,0
DA:256,0
DA:264,0
DA:267,0
DA:268,0
DA:270,0
DA:271,0
DA:273,0
DA:277,0
DA:278,0
DA:279,0
DA:280,0
DA:286,0
DA:287,0
DA:288,0
DA:289,0
DA:291,0
DA:293,0
DA:299,0
DA:300,0
DA:301,0
DA:302,0
DA:312,0
DA:313,0
DA:314,0
DA:326,0
DA:331,0
DA:333,0
DA:334,0
DA:343,0
DA:348,0
DA:350,0
DA:351,0
DA:360,0
DA:365,0
DA:367,0
DA:368,0
LF:136
LH:0
end_of_record
SF:lib\views\social\friend_requests\friend_requests_header.dart
DA:9,0
DA:20,0
DA:22,0
DA:23,0
DA:24,0
DA:26,0
DA:27,0
DA:28,0
DA:29,0
DA:30,0
DA:31,0
DA:36,0
DA:37,0
DA:38,0
DA:39,0
DA:46,0
DA:48,0
DA:49,0
DA:54,0
DA:55,0
DA:56,0
DA:57,0
DA:58,0
DA:61,0
DA:62,0
DA:64,0
DA:65,0
DA:68,0
DA:72,0
DA:74,0
DA:75,0
DA:78,0
DA:84,0
DA:85,0
DA:91,0
DA:97,0
DA:101,0
DA:103,0
DA:107,0
DA:108,0
DA:109,0
DA:110,0
DA:111,0
DA:114,0
DA:115,0
DA:118,0
DA:119,0
DA:120,0
DA:124,0
DA:125,0
LF:50
LH:0
end_of_record
SF:lib\views\social\friend_requests\incoming_requests_tab.dart
DA:10,0
DA:17,0
DA:18,0
DA:21,0
DA:22,0
DA:29,0
DA:30,0
DA:31,0
DA:32,0
DA:34,0
DA:35,0
DA:37,0
DA:38,0
DA:41,0
DA:42,0
DA:43,0
DA:44,0
DA:45,0
DA:46,0
DA:47,0
DA:49,0
DA:52,0
DA:53,0
DA:54,0
DA:55,0
DA:59,0
DA:68,0
DA:69,0
DA:71,0
DA:72,0
DA:73,0
DA:74,0
DA:75,0
DA:77,0
DA:82,0
LF:35
LH:0
end_of_record
SF:lib\views\social\friend_requests\sent_requests_tab.dart
DA:10,0
DA:17,0
DA:18,0
DA:21,0
DA:22,0
DA:29,0
DA:30,0
DA:31,0
DA:32,0
DA:34,0
DA:35,0
DA:37,0
DA:38,0
DA:41,0
DA:42,0
DA:43,0
DA:44,0
DA:45,0
DA:46,0
DA:47,0
DA:49,0
DA:52,0
DA:53,0
DA:54,0
DA:55,0
DA:59,0
DA:68,0
DA:69,0
DA:71,0
DA:72,0
DA:73,0
DA:74,0
DA:75,0
DA:77,0
DA:82,0
LF:35
LH:0
end_of_record
SF:lib\views\social\friends_list\friend_card.dart
DA:13,0
DA:17,0
DA:22,0
DA:23,0
DA:28,0
DA:41,0
DA:42,0
LF:7
LH:0
end_of_record
SF:lib\views\social\friends_list\friend_request_card.dart
DA:13,0
DA:18,0
DA:20,0
DA:21,0
DA:25,0
DA:30,0
DA:31,0
DA:32,0
DA:36,0
DA:41,0
DA:42,0
DA:43,0
LF:12
LH:0
end_of_record
SF:lib\views\social\friends_list\friends_tab.dart
DA:14,0
DA:18,0
DA:19,0
DA:20,0
DA:21,0
DA:26,0
DA:27,0
DA:28,0
DA:30,0
DA:32,0
DA:33,0
DA:35,0
DA:36,0
DA:37,0
LF:14
LH:0
end_of_record
SF:lib\views\social\friends_list\group_card.dart
DA:12,0
DA:16,0
DA:17,0
DA:18,0
DA:19,0
DA:20,0
DA:21,0
DA:22,0
DA:23,0
DA:26,0
DA:27,0
DA:28,0
DA:30,0
DA:32,0
DA:33,0
DA:34,0
DA:35,0
DA:38,0
DA:40,0
DA:41,0
DA:42,0
DA:43,0
DA:44,0
DA:49,0
DA:52,0
DA:58,0
DA:59,0
DA:61,0
DA:62,0
LF:29
LH:0
end_of_record
SF:lib\views\social\group_detail_view.dart
DA:106,0
DA:111,0
DA:112,0
DA:123,0
DA:125,0
DA:126,0
DA:127,0
DA:133,0
DA:135,0
DA:136,0
DA:139,0
DA:141,0
DA:142,0
DA:145,0
DA:147,0
DA:148,0
DA:149,0
DA:150,0
DA:152,0
DA:153,0
DA:155,0
DA:159,0
DA:167,0
DA:168,0
DA:172,0
DA:173,0
DA:174,0
DA:179,0
DA:180,0
DA:181,0
DA:184,0
DA:187,0
DA:189,0
DA:191,0
DA:194,0
DA:195,0
DA:196,0
DA:200,0
DA:202,0
DA:203,0
DA:206,0
DA:207,0
DA:208,0
DA:209,0
DA:211,0
DA:212,0
DA:213,0
DA:220,0
DA:221,0
DA:223,0
DA:224,0
DA:225,0
DA:226,0
DA:227,0
DA:228,0
DA:229,0
DA:230,0
DA:233,0
DA:234,0
DA:235,0
DA:236,0
DA:239,0
DA:240,0
DA:241,0
DA:242,0
DA:244,0
DA:245,0
DA:246,0
DA:247,0
DA:250,0
DA:255,0
DA:256,0
DA:262,0
DA:264,0
DA:265,0
DA:267,0
DA:268,0
DA:270,0
DA:271,0
DA:273,0
DA:274,0
DA:281,0
DA:282,0
DA:283,0
DA:284,0
DA:285,0
DA:286,0
DA:289,0
DA:290,0
DA:296,0
DA:300,0
DA:301,0
DA:302,0
DA:303,0
DA:304,0
DA:308,0
DA:309,0
DA:315,0
DA:320,0
DA:321,0
DA:325,0
DA:326,0
DA:327,0
DA:328,0
DA:331,0
DA:332,0
DA:333,0
DA:334,0
DA:339,0
DA:341,0
DA:345,0
DA:346,0
DA:347,0
DA:352,0
DA:353,0
DA:355,0
DA:358,0
DA:359,0
DA:362,0
DA:363,0
DA:364,0
DA:374,0
DA:375,0
DA:379,0
DA:380,0
DA:381,0
DA:383,0
DA:384,0
DA:385,0
DA:386,0
DA:387,0
DA:392,0
DA:393,0
DA:395,0
DA:397,0
DA:398,0
DA:399,0
DA:407,0
DA:408,0
DA:409,0
DA:412,0
DA:415,0
DA:416,0
DA:419,0
DA:426,0
DA:427,0
DA:428,0
DA:430,0
DA:431,0
DA:432,0
DA:435,0
DA:436,0
DA:437,0
DA:439,0
DA:442,0
DA:443,0
DA:449,0
DA:455,0
DA:457,0
DA:458,0
DA:459,0
DA:475,0
DA:476,0
DA:477,0
DA:480,0
DA:489,0
DA:490,0
DA:492,0
DA:493,0
DA:494,0
DA:495,0
DA:497,0
DA:498,0
DA:499,0
DA:502,0
DA:504,0
DA:505,0
DA:507,0
DA:509,0
DA:511,0
LF:180
LH:0
end_of_record
SF:lib\views\social\friends_list\group_invitation_card.dart
DA:13,0
DA:18,0
DA:19,0
DA:20,0
DA:21,0
DA:22,0
DA:23,0
DA:27,0
DA:29,0
DA:31,0
DA:32,0
DA:33,0
DA:34,0
DA:37,0
DA:38,0
DA:39,0
DA:41,0
DA:42,0
DA:43,0
DA:44,0
DA:49,0
DA:50,0
DA:52,0
DA:53,0
DA:54,0
DA:55,0
DA:59,0
DA:60,0
DA:61,0
DA:62,0
DA:65,0
DA:66,0
DA:67,0
DA:68,0
DA:76,0
DA:78,0
DA:80,0
DA:81,0
DA:82,0
DA:84,0
DA:85,0
DA:86,0
DA:92,0
DA:93,0
DA:94,0
DA:95,0
DA:96,0
DA:97,0
DA:99,0
DA:100,0
DA:101,0
DA:102,0
DA:103,0
DA:110,0
DA:111,0
DA:112,0
DA:114,0
DA:115,0
DA:116,0
DA:129,0
DA:134,0
DA:136,0
DA:137,0
DA:141,0
DA:142,0
DA:144,0
DA:149,0
DA:154,0
DA:156,0
DA:157,0
DA:158,0
DA:159,0
DA:161,0
LF:73
LH:0
end_of_record
SF:lib\views\social\friends_list\group_search_tab.dart
DA:13,0
DA:18,0
DA:19,0
DA:27,0
DA:29,0
DA:30,0
DA:32,0
DA:33,0
DA:36,0
DA:38,0
DA:39,0
DA:41,0
DA:42,0
DA:43,0
LF:14
LH:0
end_of_record
SF:lib\views\social\friends_list\groups_tab.dart
DA:16,0
DA:20,0
DA:22,0
DA:23,0
DA:24,0
DA:26,0
DA:27,0
DA:30,0
DA:31,0
DA:32,0
DA:33,0
DA:34,0
DA:37,0
DA:38,0
DA:40,0
DA:41,0
DA:42,0
DA:44,0
DA:45,0
DA:46,0
DA:47,0
DA:48,0
DA:53,0
DA:60,0
DA:64,0
DA:65,0
DA:66,0
DA:71,0
DA:72,0
DA:73,0
DA:75,0
DA:76,0
DA:77,0
DA:78,0
DA:79,0
DA:84,0
DA:87,0
DA:93,0
DA:94,0
DA:95,0
DA:109,0
DA:113,0
DA:115,0
DA:117,0
DA:118,0
DA:119,0
DA:120,0
DA:122,0
DA:126,0
DA:127,0
DA:128,0
DA:130,0
DA:136,0
DA:138,0
DA:139,0
DA:147,0
DA:151,0
DA:153,0
DA:154,0
DA:155,0
DA:157,0
DA:161,0
DA:162,0
DA:163,0
DA:172,0
DA:173,0
DA:175,0
DA:176,0
DA:178,0
LF:69
LH:0
end_of_record
SF:lib\views\social\friends_list\requests_tab.dart
DA:14,0
DA:18,0
DA:19,0
DA:20,0
DA:21,0
DA:26,0
DA:27,0
DA:28,0
DA:30,0
DA:32,0
DA:33,0
DA:35,0
DA:36,0
DA:37,0
LF:14
LH:0
end_of_record
SF:lib\views\social\friends_list\search_result_card.dart
DA:12,0
DA:18,0
LF:2
LH:0
end_of_record
SF:lib\views\social\friends_list\search_tab.dart
DA:13,0
DA:19,0
DA:20,0
DA:27,0
DA:28,0
DA:31,0
DA:33,0
DA:34,0
DA:37,0
DA:39,0
DA:40,0
DA:42,0
DA:43,0
DA:44,0
LF:14
LH:0
end_of_record
SF:lib\widgets\common\indicators\circular_icon_badge.dart
DA:17,0
DA:26,2
DA:33,0
DA:35,0
DA:37,0
DA:40,0
DA:41,0
DA:44,0
DA:45,0
DA:47,0
LF:10
LH:1
end_of_record
SF:lib\views\social\group_detail\group_detail_actions.dart
DA:19,0
DA:23,0
DA:25,0
DA:26,0
DA:33,0
DA:38,0
DA:41,0
DA:47,0
DA:49,0
DA:50,0
DA:51,0
DA:52,0
DA:55,0
DA:56,0
DA:57,0
DA:58,0
DA:66,0
DA:67,0
DA:68,0
DA:69,0
DA:81,0
DA:85,0
DA:86,0
DA:87,0
DA:89,0
DA:91,0
DA:93,0
DA:94,0
DA:96,0
DA:97,0
DA:105,0
DA:114,0
DA:124,0
DA:125,0
DA:126,0
DA:129,0
DA:130,0
DA:137,0
DA:139,0
DA:140,0
DA:141,0
DA:142,0
DA:143,0
DA:146,0
DA:147,0
DA:157,0
DA:158,0
DA:159,0
DA:160,0
DA:172,0
DA:176,0
DA:178,0
DA:184,0
DA:186,0
DA:187,0
DA:189,0
DA:190,0
DA:197,0
DA:201,0
DA:202,0
DA:203,0
DA:204,0
DA:216,0
DA:220,0
DA:223,0
DA:229,0
DA:231,0
DA:232,0
DA:233,0
DA:236,0
DA:238,0
DA:241,0
DA:242,0
DA:249,0
DA:254,0
DA:255,0
DA:256,0
DA:257,0
LF:78
LH:0
end_of_record
SF:lib\views\social\group_detail\group_detail_app_bar.dart
DA:13,0
DA:20,0
DA:21,0
DA:22,0
DA:24,0
DA:33,0
DA:38,0
DA:43,0
DA:48,0
DA:49,0
DA:50,0
DA:52,0
DA:55,0
DA:58,0
DA:70,0
DA:82,0
DA:84,0
DA:85,0
DA:86,0
DA:88,0
DA:91,0
DA:93,0
DA:94,0
DA:102,0
DA:104,0
DA:105,0
DA:106,0
DA:108,0
DA:111,0
DA:113,0
DA:114,0
LF:31
LH:0
end_of_record
SF:lib\views\social\group_detail\group_detail_header.dart
DA:12,0
DA:13,0
DA:15,0
DA:17,0
DA:19,0
DA:20,0
DA:21,0
DA:23,0
DA:26,0
DA:27,0
DA:29,0
DA:30,0
DA:31,0
DA:32,0
DA:37,0
DA:38,0
DA:39,0
DA:40,0
DA:41,0
DA:42,0
DA:54,0
DA:56,0
DA:57,0
DA:58,0
DA:60,0
DA:62,0
DA:63,0
DA:64,0
DA:65,0
DA:68,0
DA:71,0
DA:73,0
DA:75,0
DA:81,0
DA:84,0
DA:87,0
DA:90,0
DA:93,0
DA:96,0
DA:115,0
DA:121,0
DA:123,0
DA:124,0
DA:125,0
DA:128,0
DA:131,0
DA:132,0
DA:133,0
DA:137,0
DA:138,0
DA:140,0
DA:141,0
DA:150,0
DA:151,0
DA:152,0
DA:154,0
DA:156,0
DA:158,0
DA:159,0
DA:161,0
LF:60
LH:0
end_of_record
SF:lib\views\social\group_detail\group_detail_stats.dart
DA:12,0
DA:17,0
DA:19,0
DA:20,0
DA:21,0
DA:22,0
DA:26,0
DA:27,0
DA:31,0
DA:32,0
DA:36,0
DA:37,0
DA:45,0
DA:52,0
DA:53,0
DA:54,0
DA:56,0
DA:58,0
DA:63,0
DA:65,0
DA:66,0
DA:73,0
DA:74,0
DA:75,0
DA:76,0
LF:25
LH:0
end_of_record
SF:lib\views\social\group_detail\group_invitation_card.dart
DA:13,0
DA:18,0
DA:19,0
DA:20,0
DA:21,0
DA:22,0
DA:24,0
DA:27,0
DA:28,0
DA:31,0
DA:32,0
DA:33,0
DA:34,0
DA:36,0
DA:37,0
DA:44,0
DA:47,0
DA:50,0
DA:51,0
DA:53,0
DA:54,0
DA:62,0
DA:64,0
DA:65,0
DA:68,0
DA:70,0
DA:71,0
DA:72,0
DA:75,0
DA:76,0
DA:78,0
DA:80,0
DA:86,0
DA:87,0
DA:89,0
DA:90,0
DA:91,0
DA:93,0
DA:96,0
DA:98,0
DA:99,0
DA:111,0
DA:118,0
DA:119,0
DA:124,0
DA:129,0
DA:131,0
DA:133,0
DA:134,0
DA:136,0
DA:137,0
DA:138,0
DA:141,0
DA:142,0
DA:143,0
DA:144,0
DA:152,0
DA:153,0
DA:154,0
DA:155,0
DA:158,0
DA:159,0
DA:160,0
DA:162,0
DA:165,0
DA:166,0
DA:167,0
DA:168,0
DA:169,0
DA:170,0
DA:171,0
DA:173,0
LF:72
LH:0
end_of_record
SF:lib\views\social\group_detail\group_member_card.dart
DA:16,0
DA:22,0
DA:23,0
DA:25,0
DA:30,0
DA:31,0
DA:33,0
DA:36,0
DA:37,0
DA:38,0
DA:42,0
DA:44,0
DA:45,0
DA:46,0
DA:47,0
DA:48,0
DA:52,0
DA:53,0
DA:54,0
DA:55,0
DA:60,0
DA:61,0
DA:62,0
DA:64,0
DA:66,0
DA:67,0
DA:72,0
DA:73,0
DA:74,0
DA:75,0
DA:81,0
DA:82,0
DA:83,0
DA:85,0
DA:87,0
DA:88,0
DA:98,0
DA:99,0
DA:100,0
DA:101,0
DA:107,0
DA:111,0
DA:112,0
DA:114,0
DA:115,0
DA:116,0
DA:119,0
DA:122,0
DA:124,0
DA:125,0
DA:138,0
DA:144,0
DA:149,0
DA:154,0
DA:155,0
DA:158,0
DA:159,0
DA:162,0
DA:163,0
LF:59
LH:0
end_of_record
SF:lib\views\social\group_detail\group_members_list.dart
DA:18,0
DA:27,0
DA:29,0
DA:31,0
DA:33,0
DA:34,0
DA:35,0
DA:37,0
DA:43,0
DA:53,0
DA:54,0
DA:55,0
DA:56,0
DA:58,0
DA:62,0
DA:65,0
DA:66,0
DA:68,0
DA:69,0
DA:70,0
DA:81,0
DA:82,0
DA:83,0
DA:84,0
DA:85,0
DA:87,0
DA:90,0
DA:91,0
DA:94,0
DA:95,0
DA:97,0
DA:98,0
DA:99,0
DA:109,0
DA:110,0
DA:119,0
DA:120,0
DA:121,0
LF:38
LH:0
end_of_record
SF:lib\widgets\common\indicators\status_badge.dart
DA:15,0
DA:23,2
DA:29,0
DA:31,0
DA:36,0
DA:37,0
DA:38,0
DA:40,0
DA:41,0
DA:42,0
DA:43,0
LF:11
LH:1
end_of_record
SF:lib\widgets\common\layout\category_header.dart
DA:17,0
DA:26,0
DA:28,0
DA:34,0
DA:35,0
DA:36,0
DA:38,0
DA:39,0
DA:40,0
DA:41,0
DA:43,0
DA:46,0
DA:47,0
DA:48,0
DA:49,0
DA:54,0
DA:59,0
DA:60,0
DA:61,0
DA:63,0
DA:64,0
DA:65,0
DA:66,0
LF:23
LH:0
end_of_record
SF:lib\views\social\shared_with_me\shared_content_actions.dart
DA:14,0
DA:19,0
DA:21,0
DA:22,0
DA:23,0
DA:24,0
DA:25,0
DA:29,0
DA:30,0
DA:31,0
DA:32,0
DA:40,0
DA:45,0
DA:47,0
DA:48,0
DA:49,0
DA:50,0
DA:54,0
DA:55,0
DA:56,0
DA:57,0
DA:65,0
DA:70,0
DA:72,0
DA:74,0
DA:75,0
DA:77,0
DA:79,0
DA:80,0
DA:81,0
DA:84,0
DA:85,0
DA:92,0
DA:93,0
DA:95,0
DA:96,0
DA:97,0
DA:98,0
DA:99,0
DA:101,0
DA:103,0
DA:107,0
DA:108,0
DA:109,0
DA:110,0
DA:119,0
DA:124,0
DA:126,0
DA:128,0
DA:129,0
DA:131,0
DA:133,0
DA:134,0
DA:135,0
DA:138,0
DA:139,0
DA:146,0
DA:147,0
DA:149,0
DA:150,0
DA:151,0
DA:152,0
DA:154,0
DA:156,0
DA:160,0
DA:161,0
DA:162,0
DA:163,0
LF:68
LH:0
end_of_record
SF:lib\views\social\shared_with_me\shared_content_app_bar.dart
DA:13,0
DA:14,0
DA:17,0
DA:19,0
DA:20,0
DA:23,0
DA:25,0
DA:26,0
DA:28,0
DA:29,0
DA:30,0
DA:31,0
DA:34,0
DA:37,0
DA:47,0
DA:48,0
DA:49,0
DA:61,0
DA:62,0
LF:19
LH:0
end_of_record
SF:lib\views\social\shared_with_me\shared_content_lists.dart
DA:15,0
DA:20,0
DA:22,0
DA:23,0
DA:28,0
DA:32,0
DA:33,0
DA:34,0
DA:36,0
DA:37,0
DA:39,0
DA:40,0
DA:41,0
DA:52,0
DA:57,0
DA:59,0
DA:60,0
DA:65,0
DA:69,0
DA:70,0
DA:71,0
DA:73,0
DA:74,0
DA:76,0
DA:77,0
DA:78,0
LF:26
LH:0
end_of_record
SF:lib\views\social\shared_with_me\shared_recipe_card.dart
DA:15,0
DA:20,0
DA:21,0
DA:22,0
DA:24,0
DA:26,0
DA:27,0
DA:28,0
DA:30,0
DA:32,0
DA:38,0
DA:40,0
DA:41,0
DA:43,0
DA:44,0
DA:49,0
DA:51,0
DA:53,0
DA:57,0
DA:60,0
DA:62,0
DA:65,0
DA:68,0
DA:83,0
DA:89,0
DA:90,0
DA:91,0
DA:93,0
DA:96,0
DA:97,0
DA:99,0
DA:100,0
DA:101,0
DA:102,0
DA:103,0
DA:104,0
DA:105,0
DA:109,0
DA:112,0
DA:113,0
DA:114,0
DA:115,0
DA:116,0
DA:117,0
DA:124,0
DA:125,0
DA:126,0
DA:127,0
DA:128,0
DA:129,0
DA:130,0
DA:131,0
DA:132,0
DA:133,0
DA:134,0
DA:135,0
DA:138,0
DA:139,0
DA:144,0
DA:147,0
DA:158,0
DA:162,0
DA:163,0
DA:171,0
DA:172,0
DA:174,0
DA:175,0
DA:176,0
DA:177,0
DA:178,0
DA:181,0
DA:182,0
DA:183,0
DA:184,0
DA:185,0
DA:189,0
DA:190,0
DA:193,0
DA:194,0
DA:196,0
DA:197,0
DA:198,0
DA:204,0
DA:205,0
DA:206,0
DA:208,0
DA:209,0
DA:210,0
DA:211,0
DA:213,0
DA:215,0
DA:216,0
DA:217,0
DA:222,0
DA:223,0
DA:224,0
DA:225,0
DA:228,0
DA:231,0
DA:232,0
DA:233,0
DA:236,0
DA:239,0
DA:242,0
DA:243,0
DA:244,0
DA:255,0
DA:256,0
DA:259,0
DA:260,0
DA:261,0
DA:263,0
DA:264,0
DA:265,0
DA:272,0
DA:280,0
DA:281,0
DA:282,0
DA:283,0
DA:284,0
DA:286,0
DA:288,0
DA:299,0
DA:300,0
DA:301,0
DA:303,0
DA:310,0
DA:317,0
LF:128
LH:0
end_of_record
SF:lib\views\social\shared_with_me\shared_menu_card.dart
DA:16,0
DA:21,0
DA:22,0
DA:24,0
DA:26,0
DA:27,0
DA:28,0
DA:30,0
DA:32,0
DA:34,0
DA:35,0
DA:37,0
DA:42,0
DA:44,0
DA:45,0
DA:47,0
DA:48,0
DA:53,0
DA:55,0
DA:57,0
DA:61,0
DA:64,0
DA:66,0
DA:69,0
DA:72,0
DA:86,0
DA:92,0
DA:93,0
DA:94,0
DA:96,0
DA:99,0
DA:100,0
DA:102,0
DA:103,0
DA:104,0
DA:105,0
DA:106,0
DA:107,0
DA:108,0
DA:112,0
DA:115,0
DA:116,0
DA:117,0
DA:118,0
DA:119,0
DA:120,0
DA:127,0
DA:128,0
DA:129,0
DA:130,0
DA:131,0
DA:132,0
DA:133,0
DA:134,0
DA:135,0
DA:136,0
DA:137,0
DA:138,0
DA:141,0
DA:142,0
DA:147,0
DA:150,0
DA:161,0
DA:165,0
DA:166,0
DA:174,0
DA:175,0
DA:176,0
DA:177,0
DA:180,0
DA:181,0
DA:182,0
DA:184,0
DA:187,0
DA:191,0
DA:192,0
DA:194,0
DA:195,0
DA:196,0
DA:197,0
DA:200,0
DA:201,0
DA:202,0
DA:207,0
DA:208,0
DA:209,0
DA:212,0
DA:215,0
DA:216,0
DA:217,0
DA:220,0
DA:223,0
DA:226,0
DA:227,0
DA:228,0
DA:239,0
DA:240,0
DA:243,0
DA:244,0
DA:245,0
DA:247,0
DA:248,0
DA:249,0
DA:256,0
DA:263,0
DA:264,0
DA:265,0
DA:266,0
DA:267,0
DA:269,0
DA:271,0
DA:273,0
DA:274,0
DA:276,0
DA:286,0
DA:287,0
DA:288,0
DA:290,0
DA:297,0
DA:304,0
DA:312,0
LF:121
LH:0
end_of_record
SF:lib\views\social\shared_with_me\shared_content_search_bar.dart
DA:11,0
DA:16,0
DA:20,0
DA:21,0
DA:23,0
DA:25,0
DA:28,0
DA:29,0
DA:30,0
DA:31,0
DA:32,0
DA:37,0
DA:38,0
DA:41,0
LF:14
LH:0
end_of_record
SF:lib\views\social\shared_with_me\shared_content_tab_bar.dart
DA:13,0
DA:18,0
DA:22,0
DA:23,0
DA:25,0
DA:26,0
DA:27,0
DA:29,0
DA:31,0
DA:32,0
DA:33,0
DA:35,0
DA:38,0
DA:39,0
DA:41,0
DA:43,0
DA:49,0
DA:50,0
DA:52,0
DA:55,0
DA:56,0
DA:58,0
DA:60,0
DA:67,0
DA:68,0
DA:69,0
DA:71,0
DA:72,0
DA:79,0
DA:80,0
DA:82,0
DA:84,0
DA:86,0
DA:87,0
DA:88,0
DA:90,0
LF:36
LH:0
end_of_record
SF:lib\widgets\common\indicators\progress_overlay.dart
DA:19,0
DA:29,2
DA:38,0
DA:46,0
DA:48,0
DA:49,0
DA:50,0
DA:51,0
DA:52,0
DA:54,0
DA:55,0
DA:57,0
DA:58,0
DA:60,0
DA:63,0
DA:64,0
DA:65,0
DA:66,0
LF:18
LH:1
end_of_record
SF:lib\widgets\common\dialogs\confirmation_dialogs.dart
DA:14,0
DA:22,0
DA:32,0
DA:39,0
DA:50,0
DA:57,0
DA:59,0
DA:60,0
DA:61,0
DA:64,0
DA:65,0
DA:67,0
DA:68,0
DA:79,0
DA:81,0
DA:89,0
DA:90,0
DA:91,0
DA:92,0
DA:94,0
DA:95,0
DA:96,0
DA:105,0
DA:113,0
DA:115,0
DA:116,0
DA:117,0
DA:120,0
DA:121,0
DA:122,0
DA:125,0
DA:127,0
DA:128,0
DA:130,0
DA:132,0
DA:133,0
DA:134,0
DA:135,0
DA:136,0
DA:137,0
DA:140,0
DA:147,0
DA:148,0
DA:149,0
DA:150,0
DA:158,0
DA:169,0
DA:171,0
DA:173,0
DA:174,0
DA:175,0
DA:178,0
DA:179,0
DA:180,0
DA:183,0
DA:187,0
DA:193,0
DA:194,0
DA:195,0
DA:196,0
DA:198,0
DA:199,0
DA:200,0
DA:201,0
DA:204,0
DA:206,0
LF:66
LH:0
end_of_record
SF:lib\widgets\common\dialogs\recipe_selection\friend_recipe_sharing_dialog.dart
DA:19,0
DA:24,0
DA:26,0
DA:27,0
DA:28,0
DA:29,0
DA:30,0
DA:31,0
DA:32,0
DA:33,0
DA:34,0
DA:35,0
DA:39,0
DA:41,0
DA:42,0
DA:44,0
DA:45,0
DA:46,0
DA:49,0
DA:50,0
DA:51,0
DA:53,0
DA:54,0
DA:61,0
DA:62,0
DA:65,0
DA:79,0
DA:80,0
DA:82,0
DA:93,0
DA:94,0
DA:95,0
DA:98,0
DA:99,0
DA:100,0
DA:101,0
DA:105,0
DA:106,0
DA:107,0
DA:108,0
DA:109,0
DA:114,0
DA:115,0
DA:117,0
DA:118,0
DA:119,0
DA:123,0
DA:124,0
DA:129,0
DA:130,0
DA:132,0
DA:135,0
DA:136,0
DA:137,0
DA:138,0
DA:139,0
DA:140,0
DA:141,0
DA:143,0
DA:144,0
DA:145,0
DA:146,0
DA:151,0
DA:157,0
DA:158,0
DA:160,0
DA:161,0
DA:162,0
DA:163,0
DA:164,0
DA:167,0
DA:168,0
DA:169,0
DA:174,0
DA:175,0
DA:176,0
DA:178,0
DA:179,0
DA:180,0
DA:187,0
DA:188,0
DA:189,0
DA:190,0
DA:193,0
DA:194,0
DA:195,0
DA:203,0
DA:205,0
DA:206,0
DA:208,0
DA:209,0
DA:210,0
DA:211,0
DA:212,0
DA:214,0
DA:220,0
DA:221,0
DA:222,0
DA:223,0
DA:224,0
DA:225,0
DA:242,0
DA:250,0
DA:252,0
DA:254,0
DA:255,0
DA:256,0
DA:257,0
DA:258,0
DA:262,0
DA:263,0
DA:265,0
DA:267,0
DA:268,0
DA:269,0
DA:270,0
DA:271,0
DA:272,0
DA:274,0
DA:280,0
DA:281,0
DA:286,0
DA:287,0
DA:288,0
DA:289,0
DA:291,0
DA:295,0
DA:296,0
DA:297,0
DA:298,0
DA:299,0
DA:302,0
DA:304,0
DA:308,0
DA:309,0
DA:311,0
DA:312,0
DA:313,0
DA:314,0
DA:315,0
DA:319,0
DA:324,0
DA:325,0
DA:326,0
DA:327,0
DA:329,0
DA:334,0
DA:335,0
DA:336,0
DA:337,0
DA:338,0
DA:341,0
DA:346,0
DA:347,0
DA:348,0
DA:349,0
DA:351,0
DA:353,0
DA:356,0
DA:357,0
DA:362,0
DA:365,0
DA:369,0
DA:370,0
DA:371,0
DA:372,0
DA:373,0
DA:375,0
DA:377,0
DA:386,0
DA:387,0
DA:390,0
DA:391,0
DA:392,0
DA:393,0
DA:394,0
DA:396,0
DA:398,0
DA:405,0
LF:179
LH:0
end_of_record
SF:lib\widgets\common\dialogs\recipe_selection_dialogs.dart
DA:26,0
DA:30,0
DA:32,0
DA:38,0
DA:42,0
DA:44,0
LF:6
LH:0
end_of_record
SF:lib\widgets\common\indicators\realtime_indicators.dart
DA:13,0
DA:21,0
DA:33,0
DA:40,0
DA:51,0
DA:58,0
DA:68,0
DA:74,0
DA:96,0
DA:105,0
DA:106,0
DA:116,0
DA:118,0
DA:120,0
DA:121,0
DA:125,0
DA:130,0
DA:131,0
DA:134,0
DA:135,0
DA:138,0
DA:139,0
DA:140,0
DA:144,0
DA:146,0
DA:148,0
DA:149,0
DA:150,0
DA:151,0
DA:153,0
DA:154,0
DA:159,0
DA:161,0
DA:163,0
DA:164,0
DA:165,0
DA:166,0
DA:167,0
DA:168,0
DA:170,0
DA:171,0
DA:172,0
DA:173,0
DA:174,0
DA:178,0
DA:180,0
DA:181,0
DA:182,0
DA:183,0
DA:184,0
DA:185,0
DA:186,0
DA:189,0
DA:191,0
DA:198,0
DA:199,0
DA:200,0
DA:201,0
DA:214,0
DA:216,0
DA:217,0
DA:218,0
DA:230,0
DA:238,0
DA:240,0
DA:244,0
DA:245,0
DA:247,0
DA:248,0
DA:249,0
DA:250,0
DA:256,0
DA:258,0
DA:260,0
DA:261,0
DA:262,0
DA:269,0
DA:270,0
DA:274,0
DA:278,0
DA:281,0
DA:282,0
DA:283,0
DA:291,0
DA:292,0
DA:294,0
DA:299,0
DA:300,0
DA:301,0
DA:302,0
DA:303,0
DA:306,0
DA:308,0
DA:309,0
DA:312,0
DA:314,0
DA:318,0
DA:319,0
DA:320,0
DA:327,0
DA:329,0
DA:331,0
DA:336,0
DA:338,0
DA:339,0
DA:340,0
DA:341,0
DA:343,0
DA:347,0
DA:349,0
DA:350,0
DA:351,0
DA:352,0
DA:353,0
DA:356,0
DA:359,0
DA:360,0
DA:363,0
DA:364,0
DA:365,0
DA:374,0
DA:377,0
DA:378,0
DA:379,0
DA:381,0
DA:387,0
DA:388,0
DA:398,0
DA:399,0
DA:401,0
DA:404,0
DA:406,0
DA:408,0
DA:409,0
DA:411,0
DA:412,0
DA:421,0
DA:422,0
DA:424,0
DA:425,0
DA:426,0
DA:427,0
DA:428,0
DA:429,0
DA:431,0
DA:444,0
DA:452,0
DA:454,0
DA:455,0
DA:456,0
DA:457,0
DA:458,0
DA:460,0
DA:461,0
DA:463,0
DA:464,0
DA:465,0
DA:466,0
DA:469,0
DA:471,0
DA:473,0
DA:474,0
DA:475,0
DA:476,0
DA:477,0
DA:478,0
DA:479,0
DA:481,0
DA:500,0
DA:507,0
DA:509,0
DA:511,0
DA:514,0
DA:515,0
DA:516,0
DA:517,0
DA:519,0
DA:520,0
DA:523,0
DA:531,0
DA:535,0
DA:536,0
DA:537,0
LF:183
LH:0
end_of_record
